mode: set
github.com/joshsukhdeo/gh-install/cmd/root.go:34.2,34.97 1 0
github.com/joshsukhdeo/gh-install/cmd/root.go:35.3,36.13 2 0
github.com/joshsukhdeo/gh-install/cmd/root.go:37.4,38.1 1 0
github.com/joshsukhdeo/gh-install/cmd/root.go:41.2,41.34 1 0
github.com/joshsukhdeo/gh-install/cmd/root.go:42.3,43.1 1 0
github.com/joshsukhdeo/gh-install/cmd/root.go:45.2,45.46 1 0
github.com/joshsukhdeo/gh-install/cmd/root.go:46.3,47.1 1 0
github.com/joshsukhdeo/gh-install/cmd/root.go:50.2,50.22 1 0
github.com/joshsukhdeo/gh-install/cmd/root.go:51.3,51.15 1 0
github.com/joshsukhdeo/gh-install/cmd/root.go:53.4,53.46 1 0
github.com/joshsukhdeo/gh-install/cmd/root.go:54.5,55.1 1 0
github.com/joshsukhdeo/gh-install/cmd/root.go:56.10,56.37 1 0
github.com/joshsukhdeo/gh-install/cmd/root.go:58.4,63.1 3 0
github.com/joshsukhdeo/gh-install/cmd/root.go:66.2,66.24 1 0
github.com/joshsukhdeo/gh-install/cmd/root.go:67.3,72.1 3 0
github.com/joshsukhdeo/gh-install/cmd/root.go:74.2,75.16 2 0
github.com/joshsukhdeo/gh-install/cmd/root.go:76.3,76.26 1 0
github.com/joshsukhdeo/gh-install/cmd/root.go:77.4,78.21 2 0
github.com/joshsukhdeo/gh-install/cmd/root.go:79.5,82.1 1 0
github.com/joshsukhdeo/gh-install/cmd/root.go:84.4,84.18 1 0
github.com/joshsukhdeo/gh-install/cmd/root.go:85.5,86.19 2 0
github.com/joshsukhdeo/gh-install/cmd/root.go:87.6,91.1 2 0
github.com/joshsukhdeo/gh-install/cmd/root.go:92.5,92.15 1 0
github.com/joshsukhdeo/gh-install/cmd/root.go:94.5,98.1 2 0
github.com/joshsukhdeo/gh-install/cmd/root.go:101.3,104.13 2 0
github.com/joshsukhdeo/gh-install/cmd/root.go:107.2,107.36 1 0
github.com/joshsukhdeo/gh-install/cmd/root.go:108.3,112.1 2 0
github.com/joshsukhdeo/gh-install/cmd/root.go:114.2,114.12 1 0
github.com/joshsukhdeo/gh-install/cmd/root.go:118.2,120.1 2 0
github.com/joshsukhdeo/gh-install/cmd/root.go:123.2,125.15 3 0
github.com/joshsukhdeo/gh-install/cmd/root.go:126.3,127.1 1 0
github.com/joshsukhdeo/gh-install/cmd/root.go:128.2,128.44 1 0
github.com/joshsukhdeo/gh-install/cmd/root.go:129.3,130.1 1 0
github.com/joshsukhdeo/gh-install/cmd/root.go:131.2,132.30 2 0
github.com/joshsukhdeo/gh-install/cmd/root.go:133.3,134.1 1 0
github.com/joshsukhdeo/gh-install/cmd/root.go:136.2,137.16 2 0
github.com/joshsukhdeo/gh-install/cmd/root.go:138.3,138.23 1 0
github.com/joshsukhdeo/gh-install/cmd/root.go:139.4,140.1 1 0
github.com/joshsukhdeo/gh-install/cmd/root.go:143.2,143.55 1 0
github.com/joshsukhdeo/gh-install/cmd/root.go:147.3,151.35 5 0
github.com/joshsukhdeo/gh-install/cmd/root.go:152.4,153.1 1 0
github.com/joshsukhdeo/gh-install/cmd/root.go:156.2,156.27 1 0
github.com/joshsukhdeo/gh-install/cmd/root.go:157.3,159.1 2 0
github.com/joshsukhdeo/gh-install/cmd/root.go:159.9,159.36 1 0
github.com/joshsukhdeo/gh-install/cmd/root.go:160.3,161.18 2 0
github.com/joshsukhdeo/gh-install/cmd/root.go:163.4,163.20 1 0
github.com/joshsukhdeo/gh-install/cmd/root.go:165.4,165.19 1 0
github.com/joshsukhdeo/gh-install/cmd/root.go:167.4,167.18 1 0
github.com/joshsukhdeo/gh-install/cmd/root.go:168.5,170.26 3 0
github.com/joshsukhdeo/gh-install/cmd/root.go:171.6,172.1 1 0
github.com/joshsukhdeo/gh-install/cmd/root.go:173.5,173.23 1 0
github.com/joshsukhdeo/gh-install/cmd/root.go:174.6,175.1 1 0
github.com/joshsukhdeo/gh-install/cmd/root.go:176.5,176.21 1 0
github.com/joshsukhdeo/gh-install/cmd/root.go:177.6,178.1 1 0
github.com/joshsukhdeo/gh-install/cmd/root.go:179.5,179.25 1 0
github.com/joshsukhdeo/gh-install/cmd/root.go:180.6,181.1 1 0
github.com/joshsukhdeo/gh-install/cmd/root.go:182.5,182.24 1 0
github.com/joshsukhdeo/gh-install/cmd/root.go:183.6,184.1 1 0
github.com/joshsukhdeo/gh-install/cmd/root.go:189.2,189.56 1 0
github.com/joshsukhdeo/gh-install/cmd/root.go:190.3,190.23 1 0
github.com/joshsukhdeo/gh-install/cmd/root.go:192.4,193.26 2 0
github.com/joshsukhdeo/gh-install/cmd/root.go:194.5,195.1 1 0
github.com/joshsukhdeo/gh-install/cmd/root.go:197.4,197.35 1 0
github.com/joshsukhdeo/gh-install/cmd/root.go:201.2,202.16 2 0
github.com/joshsukhdeo/gh-install/cmd/root.go:203.3,207.1 2 0
github.com/joshsukhdeo/gh-install/cmd/root.go:209.2,209.22 1 0
github.com/joshsukhdeo/gh-install/cmd/root.go:210.3,211.1 1 0
github.com/joshsukhdeo/gh-install/cmd/root.go:212.2,212.22 1 0
github.com/joshsukhdeo/gh-install/cmd/root.go:213.3,214.1 1 0
github.com/joshsukhdeo/gh-install/cmd/root.go:215.2,215.26 1 0
github.com/joshsukhdeo/gh-install/cmd/root.go:216.3,217.1 1 0
github.com/joshsukhdeo/gh-install/cmd/root.go:219.2,219.29 1 0
github.com/joshsukhdeo/gh-install/cmd/root.go:220.3,221.1 1 0
github.com/joshsukhdeo/gh-install/cmd/root.go:223.2,223.24 1 0
github.com/joshsukhdeo/gh-install/cmd/root.go:224.3,225.1 1 0
github.com/joshsukhdeo/gh-install/cmd/root.go:227.2,227.28 1 0
github.com/joshsukhdeo/gh-install/cmd/root.go:228.3,228.51 1 0
github.com/joshsukhdeo/gh-install/cmd/root.go:229.4,230.1 1 0
github.com/joshsukhdeo/gh-install/cmd/root.go:233.2,233.23 1 0
github.com/joshsukhdeo/gh-install/cmd/root.go:234.3,234.17 1 0
github.com/joshsukhdeo/gh-install/cmd/root.go:235.4,236.1 1 0
github.com/joshsukhdeo/gh-install/cmd/root.go:237.3,237.38 1 0
github.com/joshsukhdeo/gh-install/cmd/root.go:240.2,240.25 1 0
github.com/joshsukhdeo/gh-install/cmd/root.go:241.3,241.17 1 0
github.com/joshsukhdeo/gh-install/cmd/root.go:242.4,243.1 1 0
github.com/joshsukhdeo/gh-install/cmd/root.go:244.3,244.40 1 0
github.com/joshsukhdeo/gh-install/cmd/root.go:247.2,247.33 1 0
github.com/joshsukhdeo/gh-install/cmd/root.go:248.3,249.1 1 0
github.com/joshsukhdeo/gh-install/cmd/root.go:251.2,251.32 1 0
github.com/joshsukhdeo/gh-install/cmd/root.go:252.3,254.1 2 0
github.com/joshsukhdeo/gh-install/cmd/root.go:255.3,256.1 1 0
github.com/joshsukhdeo/gh-install/cmd/root.go:258.2,265.51 1 0
github.com/joshsukhdeo/gh-install/cmd/root.go:266.4,267.31 2 0
github.com/joshsukhdeo/gh-install/cmd/root.go:268.5,269.1 1 0
github.com/joshsukhdeo/gh-install/cmd/root.go:270.4,270.12 1 0
github.com/joshsukhdeo/gh-install/cmd/root.go:274.2,276.16 3 0
github.com/joshsukhdeo/gh-install/cmd/root.go:277.3,280.1 1 0
github.com/joshsukhdeo/gh-install/cmd/root.go:282.2,285.33 2 0
github.com/joshsukhdeo/gh-install/cmd/root.go:289.2,291.1 3 1
github.com/joshsukhdeo/gh-install/cmd/root.go:292.2,292.38 3 1
github.com/joshsukhdeo/gh-install/cmd/root.go:293.3,293.45 1 1
github.com/joshsukhdeo/gh-install/cmd/root.go:294.4,295.18 2 0
github.com/joshsukhdeo/gh-install/cmd/root.go:296.5,296.17 1 0
github.com/joshsukhdeo/gh-install/cmd/root.go:297.6,298.1 1 0
github.com/joshsukhdeo/gh-install/cmd/root.go:299.5,299.41 1 0
github.com/joshsukhdeo/gh-install/cmd/root.go:302.3,302.11 1 1
github.com/joshsukhdeo/gh-install/cmd/root.go:305.2,305.12 1 1
github.com/joshsukhdeo/gh-install/cmd/root.go:306.3,307.17 2 1
github.com/joshsukhdeo/gh-install/cmd/root.go:308.4,309.1 1 1
github.com/joshsukhdeo/gh-install/cmd/root.go:310.4,311.1 1 1
github.com/joshsukhdeo/gh-install/cmd/root.go:312.3,312.39 1 1
github.com/joshsukhdeo/gh-install/cmd/root.go:315.2,315.13 1 1
github.com/joshsukhdeo/gh-install/cmd/root.go:316.3,317.17 2 1
github.com/joshsukhdeo/gh-install/cmd/root.go:318.4,319.1 1 1
github.com/joshsukhdeo/gh-install/cmd/root.go:320.4,321.1 1 1
github.com/joshsukhdeo/gh-install/cmd/root.go:322.3,322.39 1 1
github.com/joshsukhdeo/gh-install/cmd/root.go:325.2,325.11 1 0
github.com/joshsukhdeo/gh-install/cmd/root.go:329.2,331.16 3 0
github.com/joshsukhdeo/gh-install/cmd/root.go:332.3,334.1 2 0
github.com/joshsukhdeo/gh-install/cmd/root.go:336.2,337.66 2 0
github.com/joshsukhdeo/gh-install/cmd/root.go:338.3,339.1 1 0
github.com/joshsukhdeo/gh-install/cmd/root.go:341.2,347.1 2 0
github.com/joshsukhdeo/gh-install/cmd/root.go:348.2,348.14 2 0
github.com/joshsukhdeo/gh-install/cmd/root.go:349.3,349.13 1 0
github.com/joshsukhdeo/gh-install/cmd/root.go:350.4,351.1 1 0
github.com/joshsukhdeo/gh-install/cmd/root.go:352.4,353.1 1 0
github.com/joshsukhdeo/gh-install/cmd/root.go:354.3,354.13 1 0
github.com/joshsukhdeo/gh-install/cmd/root.go:357.2,357.67 1 0
github.com/joshsukhdeo/gh-install/cmd/root.go:358.3,359.1 1 0
github.com/joshsukhdeo/gh-install/cmd/root.go:361.2,362.12 2 0
github.com/joshsukhdeo/gh-install/cmd/root.go:363.3,364.1 1 0
github.com/joshsukhdeo/gh-install/cmd/root.go:365.3,366.1 1 0
github.com/joshsukhdeo/gh-install/cmd/root.go:368.2,369.16 2 0
github.com/joshsukhdeo/gh-install/cmd/root.go:370.3,371.1 1 0
github.com/joshsukhdeo/gh-install/cmd/root.go:372.2,373.1 2 0
github.com/joshsukhdeo/gh-install/cmd/root.go:374.2,374.20 2 0
github.com/joshsukhdeo/gh-install/cmd/root.go:375.3,376.17 2 0
github.com/joshsukhdeo/gh-install/cmd/root.go:377.4,385.18 2 0
github.com/joshsukhdeo/gh-install/cmd/root.go:386.5,387.1 1 0
github.com/joshsukhdeo/gh-install/cmd/root.go:388.5,389.1 1 0
github.com/joshsukhdeo/gh-install/cmd/root.go:393.2,393.12 1 0
github.com/joshsukhdeo/gh-install/cmd/root.go:397.2,399.1 4 1
github.com/joshsukhdeo/gh-install/cmd/root.go:400.2,401.31 4 1
github.com/joshsukhdeo/gh-install/cmd/root.go:402.3,403.1 1 0
github.com/joshsukhdeo/gh-install/cmd/root.go:405.2,406.87 2 1
github.com/joshsukhdeo/gh-install/cmd/root.go:410.2,411.31 2 1
github.com/joshsukhdeo/gh-install/cmd/root.go:412.3,413.1 1 0
github.com/joshsukhdeo/gh-install/cmd/root.go:415.2,415.501 1 1
github.com/joshsukhdeo/gh-install/cmd/root.go:419.2,420.31 2 1
github.com/joshsukhdeo/gh-install/cmd/root.go:421.3,422.1 1 0
github.com/joshsukhdeo/gh-install/cmd/root.go:424.2,424.505 1 1
github.com/joshsukhdeo/gh-install/cmd/root.go:428.2,429.43 2 0
github.com/joshsukhdeo/gh-install/cmd/root.go:430.3,431.32 2 0
github.com/joshsukhdeo/gh-install/cmd/root.go:432.4,433.1 1 0
github.com/joshsukhdeo/gh-install/cmd/root.go:434.4,435.1 1 0
github.com/joshsukhdeo/gh-install/cmd/root.go:437.3,438.1 1 0
github.com/joshsukhdeo/gh-install/cmd/root.go:439.2,443.18 5 0
github.com/joshsukhdeo/gh-install/cmd/root.go:447.2,448.87 2 0
github.com/joshsukhdeo/gh-install/cmd/root.go:449.3,450.1 1 0
github.com/joshsukhdeo/gh-install/cmd/root.go:451.2,451.25 1 0
github.com/joshsukhdeo/gh-install/cmd/root.go:452.3,453.1 1 0
github.com/joshsukhdeo/gh-install/cmd/root.go:455.2,456.1 3 0
github.com/joshsukhdeo/gh-install/cmd/root.go:457.2,458.62 3 0
github.com/joshsukhdeo/gh-install/cmd/root.go:459.3,460.1 1 0
github.com/joshsukhdeo/gh-install/cmd/root.go:462.2,462.23 1 0
github.com/joshsukhdeo/gh-install/cmd/root.go:463.3,466.57 4 0
github.com/joshsukhdeo/gh-install/cmd/root.go:467.4,468.1 1 0
github.com/joshsukhdeo/gh-install/cmd/root.go:471.2,471.12 1 0
github.com/joshsukhdeo/gh-install/cmd/root.go:475.2,477.22 3 0
github.com/joshsukhdeo/gh-install/cmd/root.go:478.3,479.1 1 0
github.com/joshsukhdeo/gh-install/cmd/root.go:481.2,482.16 2 0
github.com/joshsukhdeo/gh-install/cmd/root.go:483.3,484.1 1 0
github.com/joshsukhdeo/gh-install/cmd/root.go:485.2,488.1 4 0
github.com/joshsukhdeo/gh-install/cmd/root.go:489.2,489.65 4 0
github.com/joshsukhdeo/gh-install/cmd/root.go:490.3,491.1 1 0
github.com/joshsukhdeo/gh-install/cmd/root.go:494.2,495.1 3 0
github.com/joshsukhdeo/gh-install/cmd/root.go:496.2,502.1 3 0
github.com/joshsukhdeo/gh-install/cmd/root.go:503.2,503.14 3 0
github.com/joshsukhdeo/gh-install/cmd/root.go:504.3,506.1 2 0
github.com/joshsukhdeo/gh-install/cmd/root.go:509.2,511.16 3 0
github.com/joshsukhdeo/gh-install/cmd/root.go:512.3,513.1 1 0
github.com/joshsukhdeo/gh-install/cmd/root.go:514.2,515.1 2 0
github.com/joshsukhdeo/gh-install/cmd/root.go:517.2,517.47 2 0
github.com/joshsukhdeo/gh-install/cmd/root.go:518.3,519.1 3 0
github.com/joshsukhdeo/gh-install/cmd/root.go:520.3,521.32 3 0
github.com/joshsukhdeo/gh-install/cmd/root.go:522.4,523.1 1 0
github.com/joshsukhdeo/gh-install/cmd/root.go:524.4,525.1 1 0
github.com/joshsukhdeo/gh-install/cmd/root.go:526.3,527.1 3 0
github.com/joshsukhdeo/gh-install/cmd/root.go:528.3,529.27 3 0
github.com/joshsukhdeo/gh-install/cmd/root.go:530.4,531.1 1 0
github.com/joshsukhdeo/gh-install/cmd/root.go:533.3,533.20 1 0
github.com/joshsukhdeo/gh-install/cmd/root.go:534.4,535.22 2 0
github.com/joshsukhdeo/gh-install/cmd/root.go:536.5,537.19 2 0
github.com/joshsukhdeo/gh-install/cmd/root.go:538.6,545.20 2 0
github.com/joshsukhdeo/gh-install/cmd/root.go:546.7,547.1 1 0
github.com/joshsukhdeo/gh-install/cmd/root.go:548.7,549.1 1 0
github.com/joshsukhdeo/gh-install/cmd/root.go:552.4,552.14 1 0
github.com/joshsukhdeo/gh-install/cmd/root.go:554.3,554.88 1 0
github.com/joshsukhdeo/gh-install/cmd/root.go:558.2,558.68 1 0
github.com/joshsukhdeo/gh-install/cmd/root.go:559.3,560.1 1 0
github.com/joshsukhdeo/gh-install/cmd/root.go:563.2,564.85 2 0
github.com/joshsukhdeo/gh-install/cmd/root.go:565.3,566.1 1 0
github.com/joshsukhdeo/gh-install/cmd/root.go:567.2,567.25 1 0
github.com/joshsukhdeo/gh-install/cmd/root.go:568.3,569.1 1 0
github.com/joshsukhdeo/gh-install/cmd/root.go:571.2,573.67 3 0
github.com/joshsukhdeo/gh-install/cmd/root.go:574.3,575.1 1 0
github.com/joshsukhdeo/gh-install/cmd/root.go:577.2,577.47 1 0
github.com/joshsukhdeo/gh-install/cmd/root.go:578.3,579.1 1 0
github.com/joshsukhdeo/gh-install/cmd/root.go:580.2,581.1 5 0
github.com/joshsukhdeo/gh-install/cmd/root.go:583.2,586.1 5 0
github.com/joshsukhdeo/gh-install/cmd/root.go:587.2,587.53 5 0
github.com/joshsukhdeo/gh-install/cmd/root.go:588.3,590.32 3 0
github.com/joshsukhdeo/gh-install/cmd/root.go:591.4,592.1 1 0
github.com/joshsukhdeo/gh-install/cmd/root.go:593.4,594.1 1 0
github.com/joshsukhdeo/gh-install/cmd/root.go:595.3,596.1 3 0
github.com/joshsukhdeo/gh-install/cmd/root.go:597.3,598.27 3 0
github.com/joshsukhdeo/gh-install/cmd/root.go:599.4,600.1 1 0
github.com/joshsukhdeo/gh-install/cmd/root.go:602.3,602.20 1 0
github.com/joshsukhdeo/gh-install/cmd/root.go:603.4,604.9 2 0
github.com/joshsukhdeo/gh-install/cmd/root.go:607.3,610.1 4 0
github.com/joshsukhdeo/gh-install/cmd/root.go:611.3,611.27 4 0
github.com/joshsukhdeo/gh-install/cmd/root.go:612.4,614.78 3 0
github.com/joshsukhdeo/gh-install/cmd/root.go:615.5,616.1 1 0
github.com/joshsukhdeo/gh-install/cmd/root.go:617.4,617.34 1 0
github.com/joshsukhdeo/gh-install/cmd/root.go:621.2,621.20 1 0
github.com/joshsukhdeo/gh-install/cmd/root.go:622.3,623.1 1 0
github.com/joshsukhdeo/gh-install/cmd/root.go:625.2,626.1 2 0
github.com/joshsukhdeo/gh-install/cmd/root.go:628.2,628.20 2 0
github.com/joshsukhdeo/gh-install/cmd/root.go:629.3,630.17 2 0
github.com/joshsukhdeo/gh-install/cmd/root.go:631.4,638.18 2 0
github.com/joshsukhdeo/gh-install/cmd/root.go:639.5,640.1 1 0
github.com/joshsukhdeo/gh-install/cmd/root.go:641.5,642.1 1 0
github.com/joshsukhdeo/gh-install/cmd/root.go:646.2,646.12 1 0
github.com/joshsukhdeo/gh-install/cmd/root.go:650.2,651.16 2 0
github.com/joshsukhdeo/gh-install/cmd/root.go:652.3,653.1 1 0
github.com/joshsukhdeo/gh-install/cmd/root.go:655.2,655.48 1 0
github.com/joshsukhdeo/gh-install/cmd/root.go:659.2,660.16 2 1
github.com/joshsukhdeo/gh-install/cmd/root.go:661.3,662.1 1 0
github.com/joshsukhdeo/gh-install/cmd/root.go:664.2,664.38 1 1
github.com/joshsukhdeo/gh-install/cmd/root.go:668.2,669.16 2 1
github.com/joshsukhdeo/gh-install/cmd/root.go:670.3,671.1 1 0
github.com/joshsukhdeo/gh-install/cmd/root.go:673.2,673.43 1 1
github.com/joshsukhdeo/gh-install/cmd/root.go:677.2,678.22 2 0
github.com/joshsukhdeo/gh-install/cmd/root.go:680.3,680.63 1 0
github.com/joshsukhdeo/gh-install/cmd/root.go:682.3,682.64 1 0
github.com/joshsukhdeo/gh-install/cmd/root.go:684.3,686.50 3 0
github.com/joshsukhdeo/gh-install/cmd/root.go:687.4,688.1 1 0
github.com/joshsukhdeo/gh-install/cmd/root.go:689.3,689.49 1 0
github.com/joshsukhdeo/gh-install/cmd/root.go:690.4,691.1 1 0
github.com/joshsukhdeo/gh-install/cmd/root.go:693.3,693.25 1 0
github.com/joshsukhdeo/gh-install/cmd/root.go:694.4,695.1 1 0
github.com/joshsukhdeo/gh-install/cmd/root.go:695.10,695.32 1 0
github.com/joshsukhdeo/gh-install/cmd/root.go:696.4,697.1 1 0
github.com/joshsukhdeo/gh-install/cmd/root.go:697.10,697.31 1 0
github.com/joshsukhdeo/gh-install/cmd/root.go:699.4,700.18 2 0
github.com/joshsukhdeo/gh-install/cmd/root.go:701.5,702.129 2 0
github.com/joshsukhdeo/gh-install/cmd/root.go:703.6,704.1 1 0
github.com/joshsukhdeo/gh-install/cmd/root.go:706.4,706.91 1 0
github.com/joshsukhdeo/gh-install/cmd/root.go:710.3,710.82 1 0
github.com/joshsukhdeo/gh-install/cmd/root.go:712.3,712.68 1 0
github.com/joshsukhdeo/gh-install/cmd/root.go:714.3,714.51 1 0
github.com/joshsukhdeo/gh-install/cmd/root.go:718.2,719.24 2 1
github.com/joshsukhdeo/gh-install/cmd/root.go:721.3,721.37 1 1
github.com/joshsukhdeo/gh-install/cmd/root.go:723.3,723.34 1 0
github.com/joshsukhdeo/gh-install/cmd/root.go:726.2,727.22 2 1
github.com/joshsukhdeo/gh-install/cmd/root.go:729.3,729.62 1 0
github.com/joshsukhdeo/gh-install/cmd/root.go:731.3,731.55 1 0
github.com/joshsukhdeo/gh-install/cmd/root.go:733.3,733.51 1 0
github.com/joshsukhdeo/gh-install/cmd/root.go:735.3,736.17 2 1
github.com/joshsukhdeo/gh-install/cmd/root.go:737.4,739.31 3 1
github.com/joshsukhdeo/gh-install/cmd/root.go:740.5,740.39 1 1
github.com/joshsukhdeo/gh-install/cmd/root.go:741.6,742.43 2 1
github.com/joshsukhdeo/gh-install/cmd/root.go:743.7,744.1 1 1
github.com/joshsukhdeo/gh-install/cmd/root.go:745.12,745.51 1 1
github.com/joshsukhdeo/gh-install/cmd/root.go:746.6,747.22 2 1
github.com/joshsukhdeo/gh-install/cmd/root.go:748.7,748.57 1 1
github.com/joshsukhdeo/gh-install/cmd/root.go:749.8,749.33 1 1
github.com/joshsukhdeo/gh-install/cmd/root.go:750.9,751.1 1 1
github.com/joshsukhdeo/gh-install/cmd/root.go:757.3,757.45 1 1
github.com/joshsukhdeo/gh-install/cmd/root.go:760.2,761.29 2 1
github.com/joshsukhdeo/gh-install/cmd/root.go:762.3,762.56 1 1
github.com/joshsukhdeo/gh-install/cmd/root.go:763.4,764.1 1 1
github.com/joshsukhdeo/gh-install/cmd/root.go:764.10,764.55 1 0
github.com/joshsukhdeo/gh-install/cmd/root.go:765.4,766.1 1 0
github.com/joshsukhdeo/gh-install/cmd/root.go:769.2,769.56 1 1
github.com/joshsukhdeo/gh-install/cmd/root.go:770.3,771.18 2 1
github.com/joshsukhdeo/gh-install/cmd/root.go:772.4,773.1 1 1
github.com/joshsukhdeo/gh-install/cmd/root.go:773.10,773.21 1 1
github.com/joshsukhdeo/gh-install/cmd/root.go:774.4,775.1 1 1
github.com/joshsukhdeo/gh-install/cmd/root.go:776.3,776.40 1 0
github.com/joshsukhdeo/gh-install/cmd/root.go:779.2,780.1 2 1
github.com/joshsukhdeo/gh-install/cmd/root.go:781.2,781.26 2 1
github.com/joshsukhdeo/gh-install/cmd/root.go:782.3,783.14 2 1
github.com/joshsukhdeo/gh-install/cmd/root.go:784.4,784.12 1 0
github.com/joshsukhdeo/gh-install/cmd/root.go:787.3,789.1 4 1
github.com/joshsukhdeo/gh-install/cmd/root.go:790.3,791.1 4 1
github.com/joshsukhdeo/gh-install/cmd/root.go:792.3,792.39 4 1
github.com/joshsukhdeo/gh-install/cmd/root.go:793.4,793.24 1 1
github.com/joshsukhdeo/gh-install/cmd/root.go:794.5,796.1 2 1
github.com/joshsukhdeo/gh-install/cmd/root.go:798.4,799.57 2 1
github.com/joshsukhdeo/gh-install/cmd/root.go:803.3,803.20 1 1
github.com/joshsukhdeo/gh-install/cmd/root.go:804.4,806.1 2 1
github.com/joshsukhdeo/gh-install/cmd/root.go:809.3,809.23 1 1
github.com/joshsukhdeo/gh-install/cmd/root.go:810.4,812.1 3 1
github.com/joshsukhdeo/gh-install/cmd/root.go:813.4,814.1 3 1
github.com/joshsukhdeo/gh-install/cmd/root.go:817.3,817.39 1 1
github.com/joshsukhdeo/gh-install/cmd/root.go:818.4,820.1 2 1
github.com/joshsukhdeo/gh-install/cmd/root.go:823.2,823.44 1 1
github.com/joshsukhdeo/gh-install/cmd/root.go:824.3,826.62 3 0
github.com/joshsukhdeo/gh-install/cmd/root.go:827.4,828.1 1 0
github.com/joshsukhdeo/gh-install/cmd/root.go:831.2,831.17 1 1
github.com/joshsukhdeo/gh-install/cmd/root.go:835.2,836.21 2 0
github.com/joshsukhdeo/gh-install/cmd/root.go:837.3,838.1 1 0
github.com/joshsukhdeo/gh-install/cmd/root.go:840.2,840.35 1 0
github.com/joshsukhdeo/gh-install/cmd/root.go:844.2,846.1 2 0
github.com/joshsukhdeo/gh-install/cmd/state_mgmt.go:17.2,18.16 2 0
github.com/joshsukhdeo/gh-install/cmd/state_mgmt.go:19.3,20.1 1 0
github.com/joshsukhdeo/gh-install/cmd/state_mgmt.go:22.2,22.23 1 0
github.com/joshsukhdeo/gh-install/cmd/state_mgmt.go:23.3,25.1 2 0
github.com/joshsukhdeo/gh-install/cmd/state_mgmt.go:27.2,29.1 3 0
github.com/joshsukhdeo/gh-install/cmd/state_mgmt.go:31.2,32.25 3 0
github.com/joshsukhdeo/gh-install/cmd/state_mgmt.go:33.3,34.1 1 0
github.com/joshsukhdeo/gh-install/cmd/state_mgmt.go:35.2,36.1 2 0
github.com/joshsukhdeo/gh-install/cmd/state_mgmt.go:37.2,37.29 2 0
github.com/joshsukhdeo/gh-install/cmd/state_mgmt.go:38.3,40.17 3 0
github.com/joshsukhdeo/gh-install/cmd/state_mgmt.go:41.4,42.1 1 0
github.com/joshsukhdeo/gh-install/cmd/state_mgmt.go:43.3,44.19 2 0
github.com/joshsukhdeo/gh-install/cmd/state_mgmt.go:45.4,46.1 1 0
github.com/joshsukhdeo/gh-install/cmd/state_mgmt.go:48.3,50.49 3 0
github.com/joshsukhdeo/gh-install/cmd/state_mgmt.go:51.4,51.33 1 0
github.com/joshsukhdeo/gh-install/cmd/state_mgmt.go:52.5,53.1 1 0
github.com/joshsukhdeo/gh-install/cmd/state_mgmt.go:54.5,55.1 1 0
github.com/joshsukhdeo/gh-install/cmd/state_mgmt.go:58.3,58.16 1 0
github.com/joshsukhdeo/gh-install/cmd/state_mgmt.go:59.4,61.1 2 0
github.com/joshsukhdeo/gh-install/cmd/state_mgmt.go:61.10,61.22 1 0
github.com/joshsukhdeo/gh-install/cmd/state_mgmt.go:62.4,64.1 2 0
github.com/joshsukhdeo/gh-install/cmd/state_mgmt.go:64.10,64.37 1 0
github.com/joshsukhdeo/gh-install/cmd/state_mgmt.go:65.4,67.1 2 0
github.com/joshsukhdeo/gh-install/cmd/state_mgmt.go:69.3,70.25 2 0
github.com/joshsukhdeo/gh-install/cmd/state_mgmt.go:71.4,72.1 1 0
github.com/joshsukhdeo/gh-install/cmd/state_mgmt.go:74.3,82.5 1 0
github.com/joshsukhdeo/gh-install/cmd/state_mgmt.go:85.2,88.12 4 0
github.com/joshsukhdeo/gh-install/cmd/state_mgmt.go:92.2,93.16 2 0
github.com/joshsukhdeo/gh-install/cmd/state_mgmt.go:94.3,95.1 1 0
github.com/joshsukhdeo/gh-install/cmd/state_mgmt.go:97.2,99.1 3 0
github.com/joshsukhdeo/gh-install/cmd/state_mgmt.go:100.2,100.33 3 0
github.com/joshsukhdeo/gh-install/cmd/state_mgmt.go:101.3,101.43 1 0
github.com/joshsukhdeo/gh-install/cmd/state_mgmt.go:102.4,103.12 2 0
github.com/joshsukhdeo/gh-install/cmd/state_mgmt.go:106.3,106.38 1 0
github.com/joshsukhdeo/gh-install/cmd/state_mgmt.go:107.4,107.47 1 0
github.com/joshsukhdeo/gh-install/cmd/state_mgmt.go:108.5,109.10 2 0
github.com/joshsukhdeo/gh-install/cmd/state_mgmt.go:113.3,114.58 2 0
github.com/joshsukhdeo/gh-install/cmd/state_mgmt.go:115.4,116.1 1 0
github.com/joshsukhdeo/gh-install/cmd/state_mgmt.go:119.2,119.24 1 0
github.com/joshsukhdeo/gh-install/cmd/state_mgmt.go:120.3,122.1 2 0
github.com/joshsukhdeo/gh-install/cmd/state_mgmt.go:124.2,124.29 1 0
github.com/joshsukhdeo/gh-install/cmd/state_mgmt.go:125.3,126.1 2 0
github.com/joshsukhdeo/gh-install/cmd/state_mgmt.go:128.3,128.32 2 0
github.com/joshsukhdeo/gh-install/cmd/state_mgmt.go:129.4,129.45 1 0
github.com/joshsukhdeo/gh-install/cmd/state_mgmt.go:130.5,132.1 3 0
github.com/joshsukhdeo/gh-install/cmd/state_mgmt.go:133.5,133.52 3 0
github.com/joshsukhdeo/gh-install/cmd/state_mgmt.go:134.6,135.1 1 0
github.com/joshsukhdeo/gh-install/cmd/state_mgmt.go:135.12,135.58 1 0
github.com/joshsukhdeo/gh-install/cmd/state_mgmt.go:136.6,137.1 1 0
github.com/joshsukhdeo/gh-install/cmd/state_mgmt.go:137.12,137.61 1 0
github.com/joshsukhdeo/gh-install/cmd/state_mgmt.go:138.6,139.1 1 0
github.com/joshsukhdeo/gh-install/cmd/state_mgmt.go:139.12,139.58 1 0
github.com/joshsukhdeo/gh-install/cmd/state_mgmt.go:140.6,141.1 1 0
github.com/joshsukhdeo/gh-install/cmd/state_mgmt.go:143.5,143.19 1 0
github.com/joshsukhdeo/gh-install/cmd/state_mgmt.go:144.6,144.38 1 0
github.com/joshsukhdeo/gh-install/cmd/state_mgmt.go:145.7,146.1 1 0
github.com/joshsukhdeo/gh-install/cmd/state_mgmt.go:147.7,148.1 1 0
github.com/joshsukhdeo/gh-install/cmd/state_mgmt.go:154.3,154.27 1 0
github.com/joshsukhdeo/gh-install/cmd/state_mgmt.go:155.4,157.1 3 0
github.com/joshsukhdeo/gh-install/cmd/state_mgmt.go:159.4,159.27 3 0
github.com/joshsukhdeo/gh-install/cmd/state_mgmt.go:160.5,160.40 1 0
github.com/joshsukhdeo/gh-install/cmd/state_mgmt.go:161.6,162.70 2 0
github.com/joshsukhdeo/gh-install/cmd/state_mgmt.go:163.7,164.1 1 0
github.com/joshsukhdeo/gh-install/cmd/state_mgmt.go:164.13,164.27 1 0
github.com/joshsukhdeo/gh-install/cmd/state_mgmt.go:165.7,166.1 1 0
github.com/joshsukhdeo/gh-install/cmd/state_mgmt.go:170.5,171.69 2 0
github.com/joshsukhdeo/gh-install/cmd/state_mgmt.go:172.6,173.1 1 0
github.com/joshsukhdeo/gh-install/cmd/state_mgmt.go:173.12,173.26 1 0
github.com/joshsukhdeo/gh-install/cmd/state_mgmt.go:174.6,175.1 1 0
github.com/joshsukhdeo/gh-install/cmd/state_mgmt.go:179.3,180.55 2 0
github.com/joshsukhdeo/gh-install/cmd/state_mgmt.go:183.2,183.18 1 0
github.com/joshsukhdeo/gh-install/cmd/state_mgmt.go:187.2,188.16 2 0
github.com/joshsukhdeo/gh-install/cmd/state_mgmt.go:189.3,190.1 1 0
github.com/joshsukhdeo/gh-install/cmd/state_mgmt.go:192.2,192.23 1 0
github.com/joshsukhdeo/gh-install/cmd/state_mgmt.go:193.3,195.1 2 0
github.com/joshsukhdeo/gh-install/cmd/state_mgmt.go:198.2,200.1 4 0
github.com/joshsukhdeo/gh-install/cmd/state_mgmt.go:201.2,202.25 4 0
github.com/joshsukhdeo/gh-install/cmd/state_mgmt.go:203.3,204.1 1 0
github.com/joshsukhdeo/gh-install/cmd/state_mgmt.go:205.2,206.1 2 0
github.com/joshsukhdeo/gh-install/cmd/state_mgmt.go:207.2,207.29 2 0
github.com/joshsukhdeo/gh-install/cmd/state_mgmt.go:208.3,210.17 3 0
github.com/joshsukhdeo/gh-install/cmd/state_mgmt.go:211.4,212.1 1 0
github.com/joshsukhdeo/gh-install/cmd/state_mgmt.go:213.3,215.20 3 0
github.com/joshsukhdeo/gh-install/cmd/state_mgmt.go:216.4,217.1 1 0
github.com/joshsukhdeo/gh-install/cmd/state_mgmt.go:220.2,226.1 4 0
github.com/joshsukhdeo/gh-install/cmd/state_mgmt.go:228.2,229.29 4 0
github.com/joshsukhdeo/gh-install/cmd/state_mgmt.go:230.3,231.1 1 0
github.com/joshsukhdeo/gh-install/cmd/state_mgmt.go:233.2,233.29 1 0
github.com/joshsukhdeo/gh-install/cmd/state_mgmt.go:234.3,236.17 3 0
github.com/joshsukhdeo/gh-install/cmd/state_mgmt.go:237.4,238.1 1 0
github.com/joshsukhdeo/gh-install/cmd/state_mgmt.go:239.3,240.37 2 0
github.com/joshsukhdeo/gh-install/cmd/state_mgmt.go:243.2,244.1 5 0
github.com/joshsukhdeo/gh-install/cmd/state_mgmt.go:246.2,253.1 5 0
github.com/joshsukhdeo/gh-install/cmd/state_mgmt.go:254.2,254.23 5 0
github.com/joshsukhdeo/gh-install/cmd/state_mgmt.go:255.3,255.34 1 0
github.com/joshsukhdeo/gh-install/cmd/state_mgmt.go:257.4,258.23 2 0
github.com/joshsukhdeo/gh-install/cmd/state_mgmt.go:259.5,262.1 3 0
github.com/joshsukhdeo/gh-install/cmd/state_mgmt.go:264.3,264.16 1 0
github.com/joshsukhdeo/gh-install/cmd/state_mgmt.go:267.2,267.12 1 0
github.com/joshsukhdeo/gh-install/cmd/update.go:17.2,18.16 2 0
github.com/joshsukhdeo/gh-install/cmd/update.go:19.3,20.1 1 0
github.com/joshsukhdeo/gh-install/cmd/update.go:22.2,22.30 1 0
github.com/joshsukhdeo/gh-install/cmd/update.go:23.3,24.1 2 0
github.com/joshsukhdeo/gh-install/cmd/update.go:25.3,25.50 2 0
github.com/joshsukhdeo/gh-install/cmd/update.go:26.4,26.12 1 0
github.com/joshsukhdeo/gh-install/cmd/update.go:29.3,29.44 1 0
github.com/joshsukhdeo/gh-install/cmd/update.go:30.4,30.12 1 0
github.com/joshsukhdeo/gh-install/cmd/update.go:33.3,33.42 1 0
github.com/joshsukhdeo/gh-install/cmd/update.go:34.4,35.12 2 0
github.com/joshsukhdeo/gh-install/cmd/update.go:38.3,38.31 1 0
github.com/joshsukhdeo/gh-install/cmd/update.go:39.4,39.31 1 0
github.com/joshsukhdeo/gh-install/cmd/update.go:40.5,40.13 1 0
github.com/joshsukhdeo/gh-install/cmd/update.go:42.4,42.31 1 0
github.com/joshsukhdeo/gh-install/cmd/update.go:43.5,43.13 1 0
github.com/joshsukhdeo/gh-install/cmd/update.go:47.3,48.1 2 0
github.com/joshsukhdeo/gh-install/cmd/update.go:49.3,49.30 2 0
github.com/joshsukhdeo/gh-install/cmd/update.go:50.4,50.16 1 0
github.com/joshsukhdeo/gh-install/cmd/update.go:51.5,52.13 2 0
github.com/joshsukhdeo/gh-install/cmd/update.go:55.4,56.33 2 0
github.com/joshsukhdeo/gh-install/cmd/update.go:57.5,58.1 1 0
github.com/joshsukhdeo/gh-install/cmd/update.go:59.5,60.1 1 0
github.com/joshsukhdeo/gh-install/cmd/update.go:61.4,64.1 4 0
github.com/joshsukhdeo/gh-install/cmd/update.go:65.4,65.36 4 0
github.com/joshsukhdeo/gh-install/cmd/update.go:66.5,67.1 1 0
github.com/joshsukhdeo/gh-install/cmd/update.go:68.5,69.1 1 0
github.com/joshsukhdeo/gh-install/cmd/update.go:70.4,70.12 1 0
github.com/joshsukhdeo/gh-install/cmd/update.go:73.3,73.28 1 0
github.com/joshsukhdeo/gh-install/cmd/update.go:74.4,74.16 1 0
github.com/joshsukhdeo/gh-install/cmd/update.go:75.5,76.13 2 0
github.com/joshsukhdeo/gh-install/cmd/update.go:79.4,80.16 2 0
github.com/joshsukhdeo/gh-install/cmd/update.go:81.5,82.1 1 0
github.com/joshsukhdeo/gh-install/cmd/update.go:83.5,84.1 1 0
github.com/joshsukhdeo/gh-install/cmd/update.go:87.4,90.18 4 0
github.com/joshsukhdeo/gh-install/cmd/update.go:91.5,92.1 1 0
github.com/joshsukhdeo/gh-install/cmd/update.go:93.5,94.1 1 0
github.com/joshsukhdeo/gh-install/cmd/update.go:95.4,95.12 1 0
github.com/joshsukhdeo/gh-install/cmd/update.go:99.3,107.24 9 0
github.com/joshsukhdeo/gh-install/cmd/update.go:108.4,109.1 1 0
github.com/joshsukhdeo/gh-install/cmd/update.go:110.3,114.1 8 0
github.com/joshsukhdeo/gh-install/cmd/update.go:115.3,116.1 8 0
github.com/joshsukhdeo/gh-install/cmd/update.go:118.3,120.17 8 0
github.com/joshsukhdeo/gh-install/cmd/update.go:121.4,122.12 2 0
github.com/joshsukhdeo/gh-install/cmd/update.go:127.3,129.1 3 0
github.com/joshsukhdeo/gh-install/cmd/update.go:130.3,130.43 3 0
github.com/joshsukhdeo/gh-install/cmd/update.go:131.4,132.12 2 0
github.com/joshsukhdeo/gh-install/cmd/update.go:135.3,136.1 6 0
github.com/joshsukhdeo/gh-install/cmd/update.go:138.3,139.1 6 0
github.com/joshsukhdeo/gh-install/cmd/update.go:144.3,145.1 6 0
github.com/joshsukhdeo/gh-install/cmd/update.go:146.3,148.17 6 0
github.com/joshsukhdeo/gh-install/cmd/update.go:149.4,150.1 1 0
github.com/joshsukhdeo/gh-install/cmd/update.go:151.4,152.1 1 0
github.com/joshsukhdeo/gh-install/cmd/update.go:155.2,155.12 1 0
