mode: set
github.com/joshsukhdeo/gh-pt/release/name_cleaner.go:11.77,13.81 1 1
github.com/joshsukhdeo/gh-pt/release/name_cleaner.go:13.81,15.3 1 1
github.com/joshsukhdeo/gh-pt/release/name_cleaner.go:17.2,21.102 3 1
github.com/joshsukhdeo/gh-pt/release/name_cleaner.go:21.102,24.3 2 1
github.com/joshsukhdeo/gh-pt/release/name_cleaner.go:27.2,27.27 1 1
github.com/joshsukhdeo/gh-pt/release/name_cleaner.go:27.27,30.3 2 1
github.com/joshsukhdeo/gh-pt/release/name_cleaner.go:34.2,37.6 2 1
github.com/joshsukhdeo/gh-pt/release/name_cleaner.go:37.6,39.24 2 1
github.com/joshsukhdeo/gh-pt/release/name_cleaner.go:39.24,40.9 1 1
github.com/joshsukhdeo/gh-pt/release/name_cleaner.go:42.3,42.19 1 1
github.com/joshsukhdeo/gh-pt/release/name_cleaner.go:46.2,51.17 4 1
github.com/joshsukhdeo/gh-pt/release/name_cleaner.go:51.17,53.3 1 0
github.com/joshsukhdeo/gh-pt/release/name_cleaner.go:55.2,55.14 1 1
github.com/joshsukhdeo/gh-pt/release/release.go:51.53,54.2 2 0
github.com/joshsukhdeo/gh-pt/release/release.go:56.73,59.2 2 0
github.com/joshsukhdeo/gh-pt/release/release.go:61.97,68.2 1 1
github.com/joshsukhdeo/gh-pt/release/release.go:70.64,71.32 1 1
github.com/joshsukhdeo/gh-pt/release/release.go:71.32,73.3 1 1
github.com/joshsukhdeo/gh-pt/release/release.go:74.2,74.23 1 1
github.com/joshsukhdeo/gh-pt/release/release.go:74.23,76.3 1 0
github.com/joshsukhdeo/gh-pt/release/release.go:77.2,77.35 1 1
github.com/joshsukhdeo/gh-pt/release/release.go:80.85,81.32 1 1
github.com/joshsukhdeo/gh-pt/release/release.go:81.32,83.3 1 1
github.com/joshsukhdeo/gh-pt/release/release.go:84.2,84.23 1 1
github.com/joshsukhdeo/gh-pt/release/release.go:84.23,86.3 1 0
github.com/joshsukhdeo/gh-pt/release/release.go:87.2,87.47 1 1
github.com/joshsukhdeo/gh-pt/release/release.go:90.74,94.89 3 1
github.com/joshsukhdeo/gh-pt/release/release.go:94.89,96.3 1 1
github.com/joshsukhdeo/gh-pt/release/release.go:98.2,98.31 1 1
github.com/joshsukhdeo/gh-pt/release/release.go:98.31,104.114 4 1
github.com/joshsukhdeo/gh-pt/release/release.go:104.114,106.45 2 1
github.com/joshsukhdeo/gh-pt/release/release.go:106.45,108.5 1 1
github.com/joshsukhdeo/gh-pt/release/release.go:111.3,111.42 1 1
github.com/joshsukhdeo/gh-pt/release/release.go:111.42,112.33 1 1
github.com/joshsukhdeo/gh-pt/release/release.go:112.33,114.5 1 1
github.com/joshsukhdeo/gh-pt/release/release.go:115.4,116.73 2 1
github.com/joshsukhdeo/gh-pt/release/release.go:120.2,120.60 1 1
github.com/joshsukhdeo/gh-pt/release/release.go:120.60,122.3 1 0
github.com/joshsukhdeo/gh-pt/release/release.go:124.2,124.24 1 1
github.com/joshsukhdeo/gh-pt/release/release.go:127.90,128.24 1 1
github.com/joshsukhdeo/gh-pt/release/release.go:128.24,131.3 2 0
github.com/joshsukhdeo/gh-pt/release/release.go:132.2,133.16 2 1
github.com/joshsukhdeo/gh-pt/release/release.go:133.16,135.3 1 0
github.com/joshsukhdeo/gh-pt/release/release.go:137.2,137.15 1 1
github.com/joshsukhdeo/gh-pt/release/release.go:137.15,139.3 1 1
github.com/joshsukhdeo/gh-pt/release/release.go:141.2,147.16 4 1
github.com/joshsukhdeo/gh-pt/release/release.go:147.16,148.30 1 0
github.com/joshsukhdeo/gh-pt/release/release.go:148.30,149.94 1 0
github.com/joshsukhdeo/gh-pt/release/release.go:149.94,151.5 1 0
github.com/joshsukhdeo/gh-pt/release/release.go:152.9,153.30 1 0
github.com/joshsukhdeo/gh-pt/release/release.go:153.30,155.5 1 0
github.com/joshsukhdeo/gh-pt/release/release.go:157.8,157.44 1 1
github.com/joshsukhdeo/gh-pt/release/release.go:157.44,159.3 1 0
github.com/joshsukhdeo/gh-pt/release/release.go:161.2,162.16 2 1
github.com/joshsukhdeo/gh-pt/release/release.go:162.16,164.3 1 0
github.com/joshsukhdeo/gh-pt/release/release.go:166.2,166.15 1 1
github.com/joshsukhdeo/gh-pt/release/release.go:166.15,168.3 1 1
github.com/joshsukhdeo/gh-pt/release/release.go:170.2,171.16 2 1
github.com/joshsukhdeo/gh-pt/release/release.go:171.16,173.3 1 0
github.com/joshsukhdeo/gh-pt/release/release.go:175.2,176.16 2 1
github.com/joshsukhdeo/gh-pt/release/release.go:176.16,178.3 1 0
github.com/joshsukhdeo/gh-pt/release/release.go:180.2,180.12 1 1
github.com/joshsukhdeo/gh-pt/release/release.go:183.64,184.24 1 1
github.com/joshsukhdeo/gh-pt/release/release.go:184.24,188.3 3 1
github.com/joshsukhdeo/gh-pt/release/release.go:189.2,190.16 2 1
github.com/joshsukhdeo/gh-pt/release/release.go:190.16,192.3 1 1
github.com/joshsukhdeo/gh-pt/release/release.go:194.2,194.36 1 1
github.com/joshsukhdeo/gh-pt/release/release.go:194.36,196.3 1 1
github.com/joshsukhdeo/gh-pt/release/release.go:198.2,199.16 2 1
github.com/joshsukhdeo/gh-pt/release/release.go:199.16,201.3 1 0
github.com/joshsukhdeo/gh-pt/release/release.go:203.2,203.15 1 1
github.com/joshsukhdeo/gh-pt/release/release.go:203.15,205.3 1 1
github.com/joshsukhdeo/gh-pt/release/release.go:207.2,213.16 4 1
github.com/joshsukhdeo/gh-pt/release/release.go:213.16,214.30 1 1
github.com/joshsukhdeo/gh-pt/release/release.go:214.30,215.94 1 1
github.com/joshsukhdeo/gh-pt/release/release.go:215.94,217.5 1 1
github.com/joshsukhdeo/gh-pt/release/release.go:218.9,219.30 1 1
github.com/joshsukhdeo/gh-pt/release/release.go:219.30,221.5 1 1
github.com/joshsukhdeo/gh-pt/release/release.go:223.8,223.44 1 1
github.com/joshsukhdeo/gh-pt/release/release.go:223.44,225.3 1 0
github.com/joshsukhdeo/gh-pt/release/release.go:227.2,228.16 2 1
github.com/joshsukhdeo/gh-pt/release/release.go:228.16,229.27 1 0
github.com/joshsukhdeo/gh-pt/release/release.go:229.27,231.41 2 0
github.com/joshsukhdeo/gh-pt/release/release.go:231.41,233.5 1 0
github.com/joshsukhdeo/gh-pt/release/release.go:234.4,234.31 1 0
github.com/joshsukhdeo/gh-pt/release/release.go:234.31,235.108 1 0
github.com/joshsukhdeo/gh-pt/release/release.go:235.108,237.6 1 0
github.com/joshsukhdeo/gh-pt/release/release.go:239.4,243.36 5 0
github.com/joshsukhdeo/gh-pt/release/release.go:243.36,245.5 1 0
github.com/joshsukhdeo/gh-pt/release/release.go:246.4,246.14 1 0
github.com/joshsukhdeo/gh-pt/release/release.go:248.3,248.13 1 0
github.com/joshsukhdeo/gh-pt/release/release.go:251.2,251.15 1 1
github.com/joshsukhdeo/gh-pt/release/release.go:251.15,253.3 1 1
github.com/joshsukhdeo/gh-pt/release/release.go:255.2,256.16 2 1
github.com/joshsukhdeo/gh-pt/release/release.go:256.16,258.3 1 0
github.com/joshsukhdeo/gh-pt/release/release.go:260.2,261.16 2 1
github.com/joshsukhdeo/gh-pt/release/release.go:261.16,263.3 1 0
github.com/joshsukhdeo/gh-pt/release/release.go:265.2,265.12 1 1
github.com/joshsukhdeo/gh-pt/release/release.go:268.44,270.36 2 1
github.com/joshsukhdeo/gh-pt/release/release.go:270.36,271.31 1 0
github.com/joshsukhdeo/gh-pt/release/release.go:271.31,273.4 1 0
github.com/joshsukhdeo/gh-pt/release/release.go:274.3,274.83 1 0
github.com/joshsukhdeo/gh-pt/release/release.go:276.2,276.12 1 1
github.com/joshsukhdeo/gh-pt/release/release.go:280.67,282.17 2 1
github.com/joshsukhdeo/gh-pt/release/release.go:283.13,284.67 1 1
github.com/joshsukhdeo/gh-pt/release/release.go:285.13,286.75 1 1
github.com/joshsukhdeo/gh-pt/release/release.go:287.16,288.65 1 1
github.com/joshsukhdeo/gh-pt/release/release.go:289.10,290.12 1 1
github.com/joshsukhdeo/gh-pt/release/release.go:292.2,293.16 2 1
github.com/joshsukhdeo/gh-pt/release/release.go:293.16,295.3 1 1
github.com/joshsukhdeo/gh-pt/release/release.go:296.2,298.25 2 0
github.com/joshsukhdeo/gh-pt/release/release.go:298.25,300.21 2 0
github.com/joshsukhdeo/gh-pt/release/release.go:300.21,302.4 1 0
github.com/joshsukhdeo/gh-pt/release/release.go:304.2,304.13 1 0
github.com/joshsukhdeo/gh-pt/release/release.go:307.61,308.24 1 1
github.com/joshsukhdeo/gh-pt/release/release.go:308.24,311.3 2 0
github.com/joshsukhdeo/gh-pt/release/release.go:312.2,314.12 3 1
github.com/joshsukhdeo/gh-pt/release/release.go:317.61,318.24 1 1
github.com/joshsukhdeo/gh-pt/release/release.go:318.24,321.3 2 0
github.com/joshsukhdeo/gh-pt/release/release.go:322.2,324.12 3 1
github.com/joshsukhdeo/gh-pt/release/release.go:327.48,330.26 3 1
github.com/joshsukhdeo/gh-pt/release/release.go:330.26,332.18 2 1
github.com/joshsukhdeo/gh-pt/release/release.go:332.18,333.51 1 0
github.com/joshsukhdeo/gh-pt/release/release.go:333.51,335.10 2 0
github.com/joshsukhdeo/gh-pt/release/release.go:337.9,337.21 1 1
github.com/joshsukhdeo/gh-pt/release/release.go:337.21,339.15 2 1
github.com/joshsukhdeo/gh-pt/release/release.go:339.15,341.10 2 1
github.com/joshsukhdeo/gh-pt/release/release.go:346.2,346.17 1 1
github.com/joshsukhdeo/gh-pt/release/release.go:346.17,347.27 1 1
github.com/joshsukhdeo/gh-pt/release/release.go:347.27,348.55 1 1
github.com/joshsukhdeo/gh-pt/release/release.go:348.55,350.10 2 0
github.com/joshsukhdeo/gh-pt/release/release.go:355.2,355.44 1 1
github.com/joshsukhdeo/gh-pt/release/release.go:355.44,357.13 2 1
github.com/joshsukhdeo/gh-pt/release/release.go:357.13,359.4 1 0
github.com/joshsukhdeo/gh-pt/release/release.go:359.9,361.15 2 1
github.com/joshsukhdeo/gh-pt/release/release.go:361.15,363.5 1 0
github.com/joshsukhdeo/gh-pt/release/release.go:367.2,367.14 1 1
github.com/joshsukhdeo/gh-pt/release/release.go:372.82,381.31 2 1
github.com/joshsukhdeo/gh-pt/release/release.go:381.31,382.36 1 1
github.com/joshsukhdeo/gh-pt/release/release.go:382.36,383.70 1 1
github.com/joshsukhdeo/gh-pt/release/release.go:383.70,385.5 1 1
github.com/joshsukhdeo/gh-pt/release/release.go:388.2,388.11 1 1
github.com/joshsukhdeo/gh-pt/release/release.go:392.81,395.16 2 1
github.com/joshsukhdeo/gh-pt/release/release.go:395.16,397.3 1 1
github.com/joshsukhdeo/gh-pt/release/release.go:398.2,398.15 1 1
github.com/joshsukhdeo/gh-pt/release/release.go:398.15,398.35 1 1
github.com/joshsukhdeo/gh-pt/release/release.go:401.2,405.21 4 1
github.com/joshsukhdeo/gh-pt/release/release.go:405.21,407.49 2 1
github.com/joshsukhdeo/gh-pt/release/release.go:407.49,408.12 1 0
github.com/joshsukhdeo/gh-pt/release/release.go:412.3,413.22 2 1
github.com/joshsukhdeo/gh-pt/release/release.go:413.22,421.51 5 1
github.com/joshsukhdeo/gh-pt/release/release.go:421.51,423.10 2 1
github.com/joshsukhdeo/gh-pt/release/release.go:428.2,428.24 1 1
github.com/joshsukhdeo/gh-pt/release/release.go:428.24,433.3 2 1
github.com/joshsukhdeo/gh-pt/release/release.go:436.2,437.27 2 1
github.com/joshsukhdeo/gh-pt/release/release.go:438.10,439.24 1 1
github.com/joshsukhdeo/gh-pt/release/release.go:440.11,441.24 1 1
github.com/joshsukhdeo/gh-pt/release/release.go:442.10,446.13 2 1
github.com/joshsukhdeo/gh-pt/release/release.go:450.2,451.16 2 1
github.com/joshsukhdeo/gh-pt/release/release.go:451.16,453.3 1 0
github.com/joshsukhdeo/gh-pt/release/release.go:454.2,454.15 1 1
github.com/joshsukhdeo/gh-pt/release/release.go:454.15,454.45 1 1
github.com/joshsukhdeo/gh-pt/release/release.go:456.2,456.59 1 1
github.com/joshsukhdeo/gh-pt/release/release.go:456.59,458.3 1 0
github.com/joshsukhdeo/gh-pt/release/release.go:460.2,462.50 2 1
github.com/joshsukhdeo/gh-pt/release/release.go:462.50,464.3 1 1
github.com/joshsukhdeo/gh-pt/release/release.go:466.2,471.12 2 1
github.com/joshsukhdeo/gh-pt/release/release.go:474.65,475.24 1 1
github.com/joshsukhdeo/gh-pt/release/release.go:475.24,478.3 2 1
github.com/joshsukhdeo/gh-pt/release/release.go:479.2,480.60 2 1
github.com/joshsukhdeo/gh-pt/release/release.go:480.60,482.130 2 1
github.com/joshsukhdeo/gh-pt/release/release.go:482.130,484.4 1 0
github.com/joshsukhdeo/gh-pt/release/release.go:484.9,486.4 1 1
github.com/joshsukhdeo/gh-pt/release/release.go:487.8,489.130 2 1
github.com/joshsukhdeo/gh-pt/release/release.go:489.130,492.4 2 1
github.com/joshsukhdeo/gh-pt/release/release.go:492.9,494.4 1 1
github.com/joshsukhdeo/gh-pt/release/release.go:497.2,502.16 6 1
github.com/joshsukhdeo/gh-pt/release/release.go:502.16,505.3 2 0
github.com/joshsukhdeo/gh-pt/release/release.go:506.2,507.12 2 1
github.com/joshsukhdeo/gh-pt/release/release.go:510.61,511.24 1 1
github.com/joshsukhdeo/gh-pt/release/release.go:511.24,514.3 2 1
github.com/joshsukhdeo/gh-pt/release/release.go:515.2,515.60 1 1
github.com/joshsukhdeo/gh-pt/release/release.go:515.60,518.35 3 1
github.com/joshsukhdeo/gh-pt/release/release.go:518.35,520.4 1 0
github.com/joshsukhdeo/gh-pt/release/release.go:521.3,521.16 1 1
github.com/joshsukhdeo/gh-pt/release/release.go:521.16,521.84 1 1
github.com/joshsukhdeo/gh-pt/release/release.go:523.3,524.37 2 1
github.com/joshsukhdeo/gh-pt/release/release.go:524.37,526.4 1 0
github.com/joshsukhdeo/gh-pt/release/release.go:527.3,528.13 2 1
github.com/joshsukhdeo/gh-pt/release/release.go:529.8,529.67 1 1
github.com/joshsukhdeo/gh-pt/release/release.go:529.67,530.40 1 1
github.com/joshsukhdeo/gh-pt/release/release.go:530.40,532.4 1 0
github.com/joshsukhdeo/gh-pt/release/release.go:533.3,537.35 5 1
github.com/joshsukhdeo/gh-pt/release/release.go:537.35,539.4 1 0
github.com/joshsukhdeo/gh-pt/release/release.go:540.3,541.13 2 1
github.com/joshsukhdeo/gh-pt/release/release.go:543.2,543.71 1 1
github.com/joshsukhdeo/gh-pt/release/release.go:546.76,548.24 2 1
github.com/joshsukhdeo/gh-pt/release/release.go:548.24,551.3 2 1
github.com/joshsukhdeo/gh-pt/release/release.go:552.2,553.16 2 1
github.com/joshsukhdeo/gh-pt/release/release.go:553.16,555.3 1 0
github.com/joshsukhdeo/gh-pt/release/release.go:556.2,557.16 2 1
github.com/joshsukhdeo/gh-pt/release/release.go:557.16,559.3 1 0
github.com/joshsukhdeo/gh-pt/release/release.go:560.2,560.25 1 1
github.com/joshsukhdeo/gh-pt/release/release.go:563.41,565.24 2 1
github.com/joshsukhdeo/gh-pt/release/release.go:565.24,568.3 2 1
github.com/joshsukhdeo/gh-pt/release/release.go:569.2,570.16 2 1
github.com/joshsukhdeo/gh-pt/release/release.go:570.16,577.3 2 0
github.com/joshsukhdeo/gh-pt/release/release.go:578.2,579.16 2 1
github.com/joshsukhdeo/gh-pt/release/release.go:579.16,586.3 2 0
github.com/joshsukhdeo/gh-pt/release/release.go:587.2,596.16 3 1
github.com/joshsukhdeo/gh-pt/release/release.go:596.16,605.3 2 0
github.com/joshsukhdeo/gh-pt/release/release.go:606.2,607.16 2 1
github.com/joshsukhdeo/gh-pt/release/release.go:607.16,615.3 2 1
github.com/joshsukhdeo/gh-pt/release/release.go:617.2,617.41 1 0
github.com/joshsukhdeo/gh-pt/release/release.go:617.41,621.3 3 0
github.com/joshsukhdeo/gh-pt/release/release.go:625.2,626.31 2 0
github.com/joshsukhdeo/gh-pt/release/release.go:626.31,627.38 1 0
github.com/joshsukhdeo/gh-pt/release/release.go:627.38,630.24 3 0
github.com/joshsukhdeo/gh-pt/release/release.go:630.24,631.58 1 0
github.com/joshsukhdeo/gh-pt/release/release.go:631.58,633.11 2 0
github.com/joshsukhdeo/gh-pt/release/release.go:635.10,635.27 1 0
github.com/joshsukhdeo/gh-pt/release/release.go:635.27,636.83 1 0
github.com/joshsukhdeo/gh-pt/release/release.go:636.83,638.11 2 0
github.com/joshsukhdeo/gh-pt/release/release.go:644.2,644.27 1 0
github.com/joshsukhdeo/gh-pt/release/release.go:644.27,647.34 3 0
github.com/joshsukhdeo/gh-pt/release/release.go:647.34,648.16 1 0
github.com/joshsukhdeo/gh-pt/release/release.go:648.16,651.5 2 0
github.com/joshsukhdeo/gh-pt/release/release.go:653.3,653.32 1 0
github.com/joshsukhdeo/gh-pt/release/release.go:657.2,658.31 2 0
github.com/joshsukhdeo/gh-pt/release/release.go:658.31,661.3 2 0
github.com/joshsukhdeo/gh-pt/release/release.go:662.2,665.16 3 0
github.com/joshsukhdeo/gh-pt/release/release.go:665.16,670.3 2 0
github.com/joshsukhdeo/gh-pt/release/release.go:671.2,671.15 1 0
github.com/joshsukhdeo/gh-pt/release/release.go:671.15,673.3 1 0
github.com/joshsukhdeo/gh-pt/release/release.go:676.2,677.32 2 0
github.com/joshsukhdeo/gh-pt/release/release.go:677.32,680.142 2 0
github.com/joshsukhdeo/gh-pt/release/release.go:680.142,682.40 2 0
github.com/joshsukhdeo/gh-pt/release/release.go:682.40,684.5 1 0
github.com/joshsukhdeo/gh-pt/release/release.go:686.4,687.30 2 0
github.com/joshsukhdeo/gh-pt/release/release.go:687.30,694.23 3 0
github.com/joshsukhdeo/gh-pt/release/release.go:694.23,698.6 1 0
github.com/joshsukhdeo/gh-pt/release/release.go:698.11,700.6 1 0
github.com/joshsukhdeo/gh-pt/release/release.go:705.2,705.31 1 0
github.com/joshsukhdeo/gh-pt/release/release.go:705.31,707.30 2 0
github.com/joshsukhdeo/gh-pt/release/release.go:707.30,709.4 1 0
github.com/joshsukhdeo/gh-pt/release/release.go:711.3,713.21 2 0
github.com/joshsukhdeo/gh-pt/release/release.go:713.21,723.31 3 0
github.com/joshsukhdeo/gh-pt/release/release.go:723.31,725.5 1 0
github.com/joshsukhdeo/gh-pt/release/release.go:726.4,726.18 1 0
github.com/joshsukhdeo/gh-pt/release/release.go:729.3,729.30 1 0
github.com/joshsukhdeo/gh-pt/release/release.go:729.30,731.4 1 0
github.com/joshsukhdeo/gh-pt/release/release.go:733.3,744.59 3 0
github.com/joshsukhdeo/gh-pt/release/release.go:744.59,745.82 1 0
github.com/joshsukhdeo/gh-pt/release/release.go:745.82,751.5 2 0
github.com/joshsukhdeo/gh-pt/release/release.go:754.3,754.33 1 0
github.com/joshsukhdeo/gh-pt/release/release.go:754.33,756.22 2 0
github.com/joshsukhdeo/gh-pt/release/release.go:756.22,758.5 1 0
github.com/joshsukhdeo/gh-pt/release/release.go:759.4,759.185 1 0
github.com/joshsukhdeo/gh-pt/release/release.go:759.185,761.5 1 0
github.com/joshsukhdeo/gh-pt/release/release.go:764.3,771.21 2 0
github.com/joshsukhdeo/gh-pt/release/release.go:771.21,783.4 2 0
github.com/joshsukhdeo/gh-pt/release/release.go:784.3,785.21 2 0
github.com/joshsukhdeo/gh-pt/release/release.go:785.21,797.4 2 0
github.com/joshsukhdeo/gh-pt/release/release.go:799.3,800.35 2 0
github.com/joshsukhdeo/gh-pt/release/release.go:800.35,812.75 3 0
github.com/joshsukhdeo/gh-pt/release/release.go:812.75,819.23 4 0
github.com/joshsukhdeo/gh-pt/release/release.go:819.23,821.6 1 0
github.com/joshsukhdeo/gh-pt/release/release.go:822.5,823.25 2 0
github.com/joshsukhdeo/gh-pt/release/release.go:823.25,826.6 2 0
github.com/joshsukhdeo/gh-pt/release/release.go:827.5,830.23 4 0
github.com/joshsukhdeo/gh-pt/release/release.go:830.23,832.6 1 0
github.com/joshsukhdeo/gh-pt/release/release.go:835.4,835.29 1 0
github.com/joshsukhdeo/gh-pt/release/release.go:836.37,839.47 3 0
github.com/joshsukhdeo/gh-pt/release/release.go:840.37,843.47 3 0
github.com/joshsukhdeo/gh-pt/release/release.go:844.40,847.50 3 0
github.com/joshsukhdeo/gh-pt/release/release.go:848.37,851.47 3 0
github.com/joshsukhdeo/gh-pt/release/release.go:852.37,855.47 3 0
github.com/joshsukhdeo/gh-pt/release/release.go:856.41,859.51 3 0
github.com/joshsukhdeo/gh-pt/release/release.go:860.12,863.26 3 0
github.com/joshsukhdeo/gh-pt/release/release.go:863.26,865.6 1 0
github.com/joshsukhdeo/gh-pt/release/release.go:865.11,867.6 1 0
github.com/joshsukhdeo/gh-pt/release/release.go:870.4,870.22 1 0
github.com/joshsukhdeo/gh-pt/release/release.go:870.22,881.5 2 0
github.com/joshsukhdeo/gh-pt/release/release.go:884.3,884.23 1 0
github.com/joshsukhdeo/gh-pt/release/release.go:884.23,885.9 1 0
github.com/joshsukhdeo/gh-pt/release/release.go:889.2,889.28 1 0
github.com/joshsukhdeo/gh-pt/release/release.go:889.28,890.40 1 0
github.com/joshsukhdeo/gh-pt/release/release.go:890.40,892.4 1 0
github.com/joshsukhdeo/gh-pt/release/release.go:893.3,893.35 1 0
github.com/joshsukhdeo/gh-pt/release/release.go:893.35,894.56 1 0
github.com/joshsukhdeo/gh-pt/release/release.go:894.56,896.5 1 0
github.com/joshsukhdeo/gh-pt/release/release.go:898.3,899.35 2 0
github.com/joshsukhdeo/gh-pt/release/release.go:899.35,901.4 1 0
github.com/joshsukhdeo/gh-pt/release/release.go:902.3,903.25 2 0
github.com/joshsukhdeo/gh-pt/release/release.go:903.25,905.4 1 0
github.com/joshsukhdeo/gh-pt/release/release.go:905.9,905.33 1 0
github.com/joshsukhdeo/gh-pt/release/release.go:905.33,907.4 1 0
github.com/joshsukhdeo/gh-pt/release/release.go:907.9,909.4 1 0
github.com/joshsukhdeo/gh-pt/release/release.go:911.3,911.61 1 0
github.com/joshsukhdeo/gh-pt/release/release.go:911.61,912.85 1 0
github.com/joshsukhdeo/gh-pt/release/release.go:912.85,914.5 1 0
github.com/joshsukhdeo/gh-pt/release/release.go:917.3,923.35 7 0
github.com/joshsukhdeo/gh-pt/release/release.go:923.35,925.4 1 0
github.com/joshsukhdeo/gh-pt/release/release.go:928.2,928.28 1 0
github.com/joshsukhdeo/gh-pt/release/release.go:928.28,929.40 1 0
github.com/joshsukhdeo/gh-pt/release/release.go:929.40,931.4 1 0
github.com/joshsukhdeo/gh-pt/release/release.go:932.3,932.35 1 0
github.com/joshsukhdeo/gh-pt/release/release.go:932.35,933.56 1 0
github.com/joshsukhdeo/gh-pt/release/release.go:933.56,935.5 1 0
github.com/joshsukhdeo/gh-pt/release/release.go:937.3,938.35 2 0
github.com/joshsukhdeo/gh-pt/release/release.go:938.35,940.4 1 0
github.com/joshsukhdeo/gh-pt/release/release.go:941.3,942.25 2 0
github.com/joshsukhdeo/gh-pt/release/release.go:942.25,944.4 1 0
github.com/joshsukhdeo/gh-pt/release/release.go:944.9,944.33 1 0
github.com/joshsukhdeo/gh-pt/release/release.go:944.33,946.4 1 0
github.com/joshsukhdeo/gh-pt/release/release.go:946.9,948.4 1 0
github.com/joshsukhdeo/gh-pt/release/release.go:950.3,950.61 1 0
github.com/joshsukhdeo/gh-pt/release/release.go:950.61,951.85 1 0
github.com/joshsukhdeo/gh-pt/release/release.go:951.85,953.5 1 0
github.com/joshsukhdeo/gh-pt/release/release.go:956.3,962.35 7 0
github.com/joshsukhdeo/gh-pt/release/release.go:962.35,964.4 1 0
github.com/joshsukhdeo/gh-pt/release/release.go:967.2,967.53 1 0
github.com/joshsukhdeo/gh-pt/release/release.go:967.53,969.17 2 0
github.com/joshsukhdeo/gh-pt/release/release.go:969.17,987.4 1 0
github.com/joshsukhdeo/gh-pt/release/release.go:987.9,989.4 1 0
github.com/joshsukhdeo/gh-pt/release/release.go:993.2,994.60 2 0
github.com/joshsukhdeo/gh-pt/release/release.go:994.60,996.3 1 0
github.com/joshsukhdeo/gh-pt/release/release.go:997.2,999.75 2 0
github.com/joshsukhdeo/gh-pt/release/release.go:999.75,1001.25 2 0
github.com/joshsukhdeo/gh-pt/release/release.go:1001.25,1003.4 1 0
github.com/joshsukhdeo/gh-pt/release/release.go:1004.3,1004.54 1 0
github.com/joshsukhdeo/gh-pt/release/release.go:1007.2,1007.12 1 0
github.com/joshsukhdeo/gh-pt/release/release.go:1010.61,1012.24 2 1
github.com/joshsukhdeo/gh-pt/release/release.go:1012.24,1015.3 2 0
github.com/joshsukhdeo/gh-pt/release/release.go:1016.2,1016.39 1 1
github.com/joshsukhdeo/gh-pt/release/release.go:1016.39,1018.3 1 0
github.com/joshsukhdeo/gh-pt/release/release.go:1019.2,1020.24 2 1
github.com/joshsukhdeo/gh-pt/release/release.go:1020.24,1022.3 1 1
github.com/joshsukhdeo/gh-pt/release/release.go:1022.8,1022.32 1 0
github.com/joshsukhdeo/gh-pt/release/release.go:1022.32,1024.3 1 0
github.com/joshsukhdeo/gh-pt/release/release.go:1024.8,1026.3 1 0
github.com/joshsukhdeo/gh-pt/release/release.go:1028.2,1028.29 1 1
github.com/joshsukhdeo/gh-pt/release/release.go:1028.29,1029.84 1 1
github.com/joshsukhdeo/gh-pt/release/release.go:1029.84,1031.4 1 0
github.com/joshsukhdeo/gh-pt/release/release.go:1034.2,1040.16 7 1
github.com/joshsukhdeo/gh-pt/release/release.go:1040.16,1045.30 2 0
github.com/joshsukhdeo/gh-pt/release/release.go:1045.30,1047.4 1 0
github.com/joshsukhdeo/gh-pt/release/release.go:1048.3,1048.13 1 0
github.com/joshsukhdeo/gh-pt/release/release.go:1050.2,1053.29 2 1
github.com/joshsukhdeo/gh-pt/release/release.go:1053.29,1055.3 1 1
github.com/joshsukhdeo/gh-pt/release/release.go:1056.2,1056.12 1 1
github.com/joshsukhdeo/gh-pt/release/release.go:1059.64,1060.24 1 1
github.com/joshsukhdeo/gh-pt/release/release.go:1060.24,1063.3 2 0
github.com/joshsukhdeo/gh-pt/release/release.go:1064.2,1064.39 1 1
github.com/joshsukhdeo/gh-pt/release/release.go:1064.39,1066.3 1 0
github.com/joshsukhdeo/gh-pt/release/release.go:1067.2,1067.66 1 1
github.com/joshsukhdeo/gh-pt/release/release.go:1067.66,1069.3 1 0
github.com/joshsukhdeo/gh-pt/release/release.go:1070.2,1076.25 4 1
github.com/joshsukhdeo/gh-pt/release/release.go:1076.25,1078.3 1 0
github.com/joshsukhdeo/gh-pt/release/release.go:1078.8,1078.31 1 1
github.com/joshsukhdeo/gh-pt/release/release.go:1078.31,1080.3 1 1
github.com/joshsukhdeo/gh-pt/release/release.go:1080.8,1082.3 1 0
github.com/joshsukhdeo/gh-pt/release/release.go:1083.2,1089.18 5 1
github.com/joshsukhdeo/gh-pt/release/release.go:1092.80,1093.27 1 1
github.com/joshsukhdeo/gh-pt/release/release.go:1093.27,1095.3 1 1
github.com/joshsukhdeo/gh-pt/release/release.go:1097.2,1103.23 4 1
github.com/joshsukhdeo/gh-pt/release/release.go:1103.23,1105.3 1 0
github.com/joshsukhdeo/gh-pt/release/release.go:1109.2,1109.32 1 1
github.com/joshsukhdeo/gh-pt/release/release.go:1109.32,1112.63 2 1
github.com/joshsukhdeo/gh-pt/release/release.go:1112.63,1114.42 2 0
github.com/joshsukhdeo/gh-pt/release/release.go:1114.42,1118.25 3 0
github.com/joshsukhdeo/gh-pt/release/release.go:1118.25,1120.6 1 0
github.com/joshsukhdeo/gh-pt/release/release.go:1125.2,1127.32 3 1
github.com/joshsukhdeo/gh-pt/release/release.go:1127.32,1130.3 2 1
github.com/joshsukhdeo/gh-pt/release/release.go:1131.2,1133.55 2 1
github.com/joshsukhdeo/gh-pt/release/virustotal.go:25.91,26.6 1 1
github.com/joshsukhdeo/gh-pt/release/virustotal.go:26.6,28.17 2 1
github.com/joshsukhdeo/gh-pt/release/virustotal.go:28.17,30.4 1 0
github.com/joshsukhdeo/gh-pt/release/virustotal.go:31.3,31.52 1 1
github.com/joshsukhdeo/gh-pt/release/virustotal.go:31.52,35.12 4 1
github.com/joshsukhdeo/gh-pt/release/virustotal.go:37.3,37.19 1 1
github.com/joshsukhdeo/gh-pt/release/virustotal.go:41.118,42.1 1 1
github.com/joshsukhdeo/gh-pt/release/virustotal.go:43.2,43.18 1 1
github.com/joshsukhdeo/gh-pt/release/virustotal.go:43.18,45.3 1 0
github.com/joshsukhdeo/gh-pt/release/virustotal.go:47.2,49.16 3 1
github.com/joshsukhdeo/gh-pt/release/virustotal.go:49.16,51.3 1 0
github.com/joshsukhdeo/gh-pt/release/virustotal.go:53.2,57.16 4 1
github.com/joshsukhdeo/gh-pt/release/virustotal.go:57.16,59.3 1 0
github.com/joshsukhdeo/gh-pt/release/virustotal.go:60.2,60.15 1 1
github.com/joshsukhdeo/gh-pt/release/virustotal.go:60.15,60.40 1 1
github.com/joshsukhdeo/gh-pt/release/virustotal.go:62.2,62.48 1 1
github.com/joshsukhdeo/gh-pt/release/virustotal.go:62.48,63.19 1 1
github.com/joshsukhdeo/gh-pt/release/virustotal.go:63.19,65.4 1 0
github.com/joshsukhdeo/gh-pt/release/virustotal.go:66.3,67.36 2 1
github.com/joshsukhdeo/gh-pt/release/virustotal.go:67.36,69.4 1 1
github.com/joshsukhdeo/gh-pt/release/virustotal.go:71.3,74.57 4 1
github.com/joshsukhdeo/gh-pt/release/virustotal.go:74.57,78.20 4 0
github.com/joshsukhdeo/gh-pt/release/virustotal.go:78.20,82.19 3 0
github.com/joshsukhdeo/gh-pt/release/virustotal.go:82.19,84.6 1 0
github.com/joshsukhdeo/gh-pt/release/virustotal.go:85.5,87.17 3 0
github.com/joshsukhdeo/gh-pt/release/virustotal.go:89.9,92.58 3 1
github.com/joshsukhdeo/gh-pt/release/virustotal.go:92.58,94.5 1 1
github.com/joshsukhdeo/gh-pt/release/virustotal.go:95.4,95.71 1 0
github.com/joshsukhdeo/gh-pt/release/virustotal.go:99.2,99.44 1 1
github.com/joshsukhdeo/gh-pt/release/virustotal.go:99.44,100.18 1 1
github.com/joshsukhdeo/gh-pt/release/virustotal.go:100.18,103.4 2 1
github.com/joshsukhdeo/gh-pt/release/virustotal.go:104.3,104.18 1 1
github.com/joshsukhdeo/gh-pt/release/virustotal.go:104.18,109.58 4 0
github.com/joshsukhdeo/gh-pt/release/virustotal.go:109.58,112.5 2 0
github.com/joshsukhdeo/gh-pt/release/virustotal.go:114.3,115.46 2 1
github.com/joshsukhdeo/gh-pt/release/virustotal.go:118.2,118.38 1 1
github.com/joshsukhdeo/gh-pt/release/virustotal.go:118.38,120.3 1 1
github.com/joshsukhdeo/gh-pt/release/virustotal.go:122.2,132.67 2 1
github.com/joshsukhdeo/gh-pt/release/virustotal.go:132.67,134.3 1 1
github.com/joshsukhdeo/gh-pt/release/virustotal.go:136.2,137.24 2 1
github.com/joshsukhdeo/gh-pt/release/virustotal.go:137.24,139.3 1 1
github.com/joshsukhdeo/gh-pt/release/virustotal.go:141.2,142.12 2 1
github.com/joshsukhdeo/gh-pt/release/virustotal.go:145.55,147.16 2 1
github.com/joshsukhdeo/gh-pt/release/virustotal.go:147.16,149.3 1 1
github.com/joshsukhdeo/gh-pt/release/virustotal.go:150.2,150.15 1 1
github.com/joshsukhdeo/gh-pt/release/virustotal.go:150.15,150.35 1 1
github.com/joshsukhdeo/gh-pt/release/virustotal.go:152.2,153.49 2 1
github.com/joshsukhdeo/gh-pt/release/virustotal.go:153.49,155.3 1 0
github.com/joshsukhdeo/gh-pt/release/virustotal.go:157.2,157.49 1 1
github.com/joshsukhdeo/gh-pt/release/virustotal.go:160.63,162.16 2 1
github.com/joshsukhdeo/gh-pt/release/virustotal.go:162.16,164.3 1 0
github.com/joshsukhdeo/gh-pt/release/virustotal.go:165.2,165.15 1 1
github.com/joshsukhdeo/gh-pt/release/virustotal.go:165.15,165.35 1 1
github.com/joshsukhdeo/gh-pt/release/virustotal.go:167.2,168.16 2 1
github.com/joshsukhdeo/gh-pt/release/virustotal.go:168.16,170.3 1 0
github.com/joshsukhdeo/gh-pt/release/virustotal.go:172.2,174.32 2 1
github.com/joshsukhdeo/gh-pt/release/virustotal.go:174.32,179.17 5 1
github.com/joshsukhdeo/gh-pt/release/virustotal.go:179.17,181.4 1 0
github.com/joshsukhdeo/gh-pt/release/virustotal.go:182.3,182.16 1 1
github.com/joshsukhdeo/gh-pt/release/virustotal.go:182.16,182.41 1 1
github.com/joshsukhdeo/gh-pt/release/virustotal.go:184.3,188.24 3 1
github.com/joshsukhdeo/gh-pt/release/virustotal.go:188.24,190.4 1 0
github.com/joshsukhdeo/gh-pt/release/virustotal.go:191.3,191.26 1 1
github.com/joshsukhdeo/gh-pt/release/virustotal.go:194.2,197.12 3 1
github.com/joshsukhdeo/gh-pt/release/virustotal.go:197.12,198.16 1 1
github.com/joshsukhdeo/gh-pt/release/virustotal.go:198.16,198.34 1 1
github.com/joshsukhdeo/gh-pt/release/virustotal.go:199.3,200.17 2 1
github.com/joshsukhdeo/gh-pt/release/virustotal.go:200.17,202.4 1 1
github.com/joshsukhdeo/gh-pt/release/virustotal.go:203.3,203.21 1 1
github.com/joshsukhdeo/gh-pt/release/virustotal.go:206.2,212.16 6 1
github.com/joshsukhdeo/gh-pt/release/virustotal.go:212.16,214.3 1 0
github.com/joshsukhdeo/gh-pt/release/virustotal.go:215.2,215.15 1 1
github.com/joshsukhdeo/gh-pt/release/virustotal.go:215.15,215.40 1 1
github.com/joshsukhdeo/gh-pt/release/virustotal.go:217.2,217.38 1 1
github.com/joshsukhdeo/gh-pt/release/virustotal.go:217.38,219.3 1 1
github.com/joshsukhdeo/gh-pt/release/virustotal.go:221.2,229.55 4 1
github.com/joshsukhdeo/gh-pt/release/virustotal.go:232.69,234.6 2 1
github.com/joshsukhdeo/gh-pt/release/virustotal.go:234.6,241.17 5 1
github.com/joshsukhdeo/gh-pt/release/virustotal.go:241.17,243.4 1 0
github.com/joshsukhdeo/gh-pt/release/virustotal.go:245.3,258.51 4 1
github.com/joshsukhdeo/gh-pt/release/virustotal.go:258.51,260.21 2 1
github.com/joshsukhdeo/gh-pt/release/virustotal.go:260.21,262.5 1 1
github.com/joshsukhdeo/gh-pt/release/virustotal.go:263.4,264.14 2 1
github.com/joshsukhdeo/gh-pt/release/virustotal.go:266.3,266.58 1 1
