mode: set
github.com/joshsukhdeo/gh-pt/main.go:18.2,18.47 1 0
github.com/joshsukhdeo/gh-pt/main.go:19.3,21.1 2 0
github.com/joshsukhdeo/gh-pt/main.go:23.2,23.23 1 0
github.com/joshsukhdeo/gh-pt/main.go:24.3,25.1 1 0
github.com/joshsukhdeo/gh-pt/main.go:26.2,28.1 4 0
github.com/joshsukhdeo/gh-pt/main.go:29.2,36.1 4 0
github.com/joshsukhdeo/gh-pt/main.go:38.2,38.16 4 0
github.com/joshsukhdeo/gh-pt/main.go:39.3,39.34 1 0
github.com/joshsukhdeo/gh-pt/main.go:40.4,41.1 1 0
github.com/joshsukhdeo/gh-pt/main.go:42.3,42.34 1 0
github.com/joshsukhdeo/gh-pt/main.go:43.4,44.1 1 0
github.com/joshsukhdeo/gh-pt/main.go:45.3,45.32 1 0
github.com/joshsukhdeo/gh-pt/main.go:46.4,47.1 1 0
github.com/joshsukhdeo/gh-pt/main.go:48.3,48.31 1 0
github.com/joshsukhdeo/gh-pt/main.go:49.4,50.1 1 0
github.com/joshsukhdeo/gh-pt/main.go:51.3,51.31 1 0
github.com/joshsukhdeo/gh-pt/main.go:52.4,53.1 1 0
github.com/joshsukhdeo/gh-pt/main.go:56.2,61.1 6 0
github.com/joshsukhdeo/gh-pt/main.go:62.2,70.1 6 0
github.com/joshsukhdeo/gh-pt/main.go:71.2,72.16 6 0
github.com/joshsukhdeo/gh-pt/main.go:73.3,74.1 1 0
github.com/joshsukhdeo/gh-pt/config/config.go:45.2,46.1 1 1
github.com/joshsukhdeo/gh-pt/config/config.go:49.2,51.16 3 1
github.com/joshsukhdeo/gh-pt/config/config.go:52.3,52.25 1 1
github.com/joshsukhdeo/gh-pt/config/config.go:53.4,54.1 1 1
github.com/joshsukhdeo/gh-pt/config/config.go:55.3,55.18 1 1
github.com/joshsukhdeo/gh-pt/config/config.go:58.2,60.16 3 1
github.com/joshsukhdeo/gh-pt/config/config.go:61.3,62.1 1 1
github.com/joshsukhdeo/gh-pt/config/config.go:64.2,64.18 1 1
github.com/joshsukhdeo/gh-pt/config/config.go:68.2,69.62 2 1
github.com/joshsukhdeo/gh-pt/config/config.go:70.3,71.1 1 1
github.com/joshsukhdeo/gh-pt/config/config.go:72.2,73.16 2 1
github.com/joshsukhdeo/gh-pt/config/config.go:74.3,75.1 1 0
github.com/joshsukhdeo/gh-pt/config/config.go:76.2,76.39 1 1
github.com/joshsukhdeo/gh-pt/state/history.go:26.2,31.1 3 1
github.com/joshsukhdeo/gh-pt/state/history.go:32.2,33.16 3 1
github.com/joshsukhdeo/gh-pt/state/history.go:34.3,35.1 1 0
github.com/joshsukhdeo/gh-pt/state/history.go:36.2,37.34 2 1
github.com/joshsukhdeo/gh-pt/state/state.go:49.2,50.1 1 1
github.com/joshsukhdeo/gh-pt/state/state.go:53.2,55.16 3 1
github.com/joshsukhdeo/gh-pt/state/state.go:56.3,56.25 1 1
github.com/joshsukhdeo/gh-pt/state/state.go:57.4,58.1 1 1
github.com/joshsukhdeo/gh-pt/state/state.go:59.3,59.18 1 1
github.com/joshsukhdeo/gh-pt/state/state.go:62.2,64.16 3 1
github.com/joshsukhdeo/gh-pt/state/state.go:65.3,66.1 1 1
github.com/joshsukhdeo/gh-pt/state/state.go:67.2,67.19 1 1
github.com/joshsukhdeo/gh-pt/state/state.go:68.3,69.1 1 1
github.com/joshsukhdeo/gh-pt/state/state.go:70.2,70.16 1 1
github.com/joshsukhdeo/gh-pt/state/state.go:74.2,76.16 3 1
github.com/joshsukhdeo/gh-pt/state/state.go:77.3,78.1 1 1
github.com/joshsukhdeo/gh-pt/state/state.go:80.2,81.36 2 1
github.com/joshsukhdeo/gh-pt/state/state.go:82.3,83.1 1 1
github.com/joshsukhdeo/gh-pt/state/state.go:84.2,84.15 1 1
github.com/joshsukhdeo/gh-pt/state/state.go:84.17,84.36 1 1
github.com/joshsukhdeo/gh-pt/state/state.go:86.2,87.16 2 1
github.com/joshsukhdeo/gh-pt/state/state.go:88.3,89.1 1 0
github.com/joshsukhdeo/gh-pt/state/state.go:91.2,91.39 1 1
github.com/joshsukhdeo/gh-pt/state/state.go:95.2,97.1 2 1
github.com/joshsukhdeo/gh-pt/params/params.go:195.2,195.25 1 0
github.com/joshsukhdeo/gh-pt/params/params.go:196.3,197.1 1 0
github.com/joshsukhdeo/gh-pt/params/params.go:198.2,199.19 2 0
github.com/joshsukhdeo/gh-pt/params/params.go:200.3,201.1 1 0
github.com/joshsukhdeo/gh-pt/params/params.go:202.3,203.1 1 0
github.com/joshsukhdeo/gh-pt/params/params.go:204.2,208.18 5 0
github.com/joshsukhdeo/gh-pt/selector/interactive_selector.go:18.2,21.1 1 0
github.com/joshsukhdeo/gh-pt/selector/interactive_selector.go:24.2,31.1 1 0
github.com/joshsukhdeo/gh-pt/selector/interactive_selector.go:42.2,43.31 2 1
github.com/joshsukhdeo/gh-pt/selector/interactive_selector.go:44.3,45.1 1 1
github.com/joshsukhdeo/gh-pt/selector/interactive_selector.go:47.2,47.23 1 1
github.com/joshsukhdeo/gh-pt/selector/interactive_selector.go:48.3,49.1 1 0
github.com/joshsukhdeo/gh-pt/selector/interactive_selector.go:51.2,51.14 1 1
github.com/joshsukhdeo/gh-pt/selector/interactive_selector.go:52.3,53.17 2 1
github.com/joshsukhdeo/gh-pt/selector/interactive_selector.go:54.4,55.1 1 1
github.com/joshsukhdeo/gh-pt/selector/interactive_selector.go:56.3,56.25 1 1
github.com/joshsukhdeo/gh-pt/selector/interactive_selector.go:57.4,58.1 1 1
github.com/joshsukhdeo/gh-pt/selector/interactive_selector.go:59.3,59.37 1 1
github.com/joshsukhdeo/gh-pt/selector/interactive_selector.go:62.2,63.16 2 1
github.com/joshsukhdeo/gh-pt/selector/interactive_selector.go:64.3,65.1 1 1
github.com/joshsukhdeo/gh-pt/selector/interactive_selector.go:66.2,66.27 1 1
github.com/joshsukhdeo/gh-pt/selector/interactive_selector.go:70.2,71.16 2 1
github.com/joshsukhdeo/gh-pt/selector/interactive_selector.go:72.3,73.1 1 1
github.com/joshsukhdeo/gh-pt/selector/interactive_selector.go:74.2,74.29 1 1
github.com/joshsukhdeo/gh-pt/selector/interactive_selector.go:75.3,76.1 1 1
github.com/joshsukhdeo/gh-pt/selector/interactive_selector.go:78.2,79.45 2 1
github.com/joshsukhdeo/gh-pt/selector/interactive_selector.go:80.3,80.32 1 1
github.com/joshsukhdeo/gh-pt/selector/interactive_selector.go:81.4,81.33 1 1
github.com/joshsukhdeo/gh-pt/selector/interactive_selector.go:82.5,83.10 2 1
github.com/joshsukhdeo/gh-pt/selector/interactive_selector.go:88.2,88.29 1 1
github.com/joshsukhdeo/gh-pt/selector/interactive_selector.go:89.3,90.1 1 1
github.com/joshsukhdeo/gh-pt/selector/interactive_selector.go:92.2,92.27 1 1
github.com/joshsukhdeo/gh-pt/selector/interactive_selector.go:96.2,97.1 1 1
github.com/joshsukhdeo/gh-pt/selector/interface.go:34.2,34.12 1 1
github.com/joshsukhdeo/gh-pt/selector/interface.go:36.3,36.28 1 1
github.com/joshsukhdeo/gh-pt/selector/interface.go:38.3,38.26 1 1
github.com/joshsukhdeo/gh-pt/selector/interface.go:40.3,40.27 1 1
github.com/joshsukhdeo/gh-pt/selector/interface.go:42.3,42.40 1 1
github.com/joshsukhdeo/gh-pt/selector/interface.go:52.2,55.1 3 1
github.com/joshsukhdeo/gh-pt/selector/interface.go:56.2,57.19 3 1
github.com/joshsukhdeo/gh-pt/selector/interface.go:58.3,59.1 1 1
github.com/joshsukhdeo/gh-pt/selector/interface.go:60.2,60.19 1 1
github.com/joshsukhdeo/gh-pt/selector/interface.go:61.3,62.1 1 1
github.com/joshsukhdeo/gh-pt/selector/interface.go:64.2,68.1 3 1
github.com/joshsukhdeo/gh-pt/selector/interface.go:69.2,70.16 3 1
github.com/joshsukhdeo/gh-pt/selector/interface.go:71.3,72.1 1 1
github.com/joshsukhdeo/gh-pt/selector/interface.go:74.2,75.1 2 1
github.com/joshsukhdeo/gh-pt/selector/interface.go:76.2,76.31 2 1
github.com/joshsukhdeo/gh-pt/selector/interface.go:77.3,83.1 2 1
github.com/joshsukhdeo/gh-pt/selector/interface.go:84.3,85.1 2 1
github.com/joshsukhdeo/gh-pt/selector/interface.go:87.2,87.17 1 1
github.com/joshsukhdeo/gh-pt/selector/interface.go:88.3,95.1 1 1
github.com/joshsukhdeo/gh-pt/selector/interface.go:97.2,98.32 2 1
github.com/joshsukhdeo/gh-pt/selector/interface.go:99.3,99.17 1 1
github.com/joshsukhdeo/gh-pt/selector/interface.go:100.4,100.33 1 1
github.com/joshsukhdeo/gh-pt/selector/interface.go:101.5,101.23 1 1
github.com/joshsukhdeo/gh-pt/selector/interface.go:102.6,103.11 2 1
github.com/joshsukhdeo/gh-pt/selector/interface.go:106.4,106.55 1 1
github.com/joshsukhdeo/gh-pt/selector/interface.go:107.5,108.1 1 0
github.com/joshsukhdeo/gh-pt/selector/interface.go:110.4,116.1 4 1
github.com/joshsukhdeo/gh-pt/selector/interface.go:118.4,119.47 4 1
github.com/joshsukhdeo/gh-pt/selector/interface.go:120.5,121.1 1 1
github.com/joshsukhdeo/gh-pt/selector/interface.go:122.5,122.34 1 1
github.com/joshsukhdeo/gh-pt/selector/interface.go:123.6,123.25 1 1
github.com/joshsukhdeo/gh-pt/selector/interface.go:124.7,125.12 2 1
github.com/joshsukhdeo/gh-pt/selector/interface.go:128.5,128.35 1 1
github.com/joshsukhdeo/gh-pt/selector/interface.go:129.6,129.54 1 0
github.com/joshsukhdeo/gh-pt/selector/interface.go:130.7,131.1 1 0
github.com/joshsukhdeo/gh-pt/selector/interface.go:132.6,132.38 1 0
github.com/joshsukhdeo/gh-pt/selector/interface.go:133.7,134.1 1 0
github.com/joshsukhdeo/gh-pt/selector/interface.go:137.4,140.32 1 1
github.com/joshsukhdeo/gh-pt/selector/interface.go:144.2,147.1 2 1
github.com/joshsukhdeo/gh-pt/selector/interface.go:148.2,154.8 2 1
github.com/joshsukhdeo/gh-pt/selector/interface.go:174.2,175.1 6 1
github.com/joshsukhdeo/gh-pt/selector/interface.go:176.2,179.1 6 1
github.com/joshsukhdeo/gh-pt/selector/interface.go:180.2,185.1 6 1
github.com/joshsukhdeo/gh-pt/selector/interface.go:186.2,186.63 6 1
github.com/joshsukhdeo/gh-pt/selector/interface.go:187.3,187.83 1 1
github.com/joshsukhdeo/gh-pt/selector/interface.go:188.4,188.36 1 0
github.com/joshsukhdeo/gh-pt/selector/interface.go:189.5,190.1 1 0
github.com/joshsukhdeo/gh-pt/selector/interface.go:192.3,192.19 1 1
github.com/joshsukhdeo/gh-pt/selector/interface.go:195.2,195.6 1 1
github.com/joshsukhdeo/gh-pt/selector/interface.go:196.3,197.17 2 1
github.com/joshsukhdeo/gh-pt/selector/interface.go:198.4,199.1 1 1
github.com/joshsukhdeo/gh-pt/selector/interface.go:201.3,204.17 4 1
github.com/joshsukhdeo/gh-pt/selector/interface.go:205.4,206.1 1 1
github.com/joshsukhdeo/gh-pt/selector/interface.go:207.3,207.47 1 1
github.com/joshsukhdeo/gh-pt/selector/interface.go:208.4,209.1 1 0
github.com/joshsukhdeo/gh-pt/selector/interface.go:211.3,211.40 1 1
github.com/joshsukhdeo/gh-pt/selector/interface.go:213.4,220.1 2 1
github.com/joshsukhdeo/gh-pt/selector/interface.go:222.3,223.70 2 1
github.com/joshsukhdeo/gh-pt/selector/interface.go:224.4,228.9 2 1
github.com/joshsukhdeo/gh-pt/selector/interface.go:230.3,234.9 2 0
github.com/joshsukhdeo/gh-pt/selector/interface.go:237.2,237.26 1 1
github.com/joshsukhdeo/gh-pt/selector/interface.go:238.3,245.1 1 1
github.com/joshsukhdeo/gh-pt/selector/interface.go:247.2,248.25 2 1
github.com/joshsukhdeo/gh-pt/selector/interface.go:249.3,250.1 1 1
github.com/joshsukhdeo/gh-pt/selector/interface.go:252.2,261.8 1 1
github.com/joshsukhdeo/gh-pt/selector/interface.go:265.2,270.1 3 1
github.com/joshsukhdeo/gh-pt/selector/interface.go:271.2,272.16 3 1
github.com/joshsukhdeo/gh-pt/selector/interface.go:273.3,274.1 1 1
github.com/joshsukhdeo/gh-pt/selector/interface.go:276.2,281.1 6 1
github.com/joshsukhdeo/gh-pt/selector/interface.go:282.2,282.17 6 1
github.com/joshsukhdeo/gh-pt/selector/interface.go:283.3,284.1 1 1
github.com/joshsukhdeo/gh-pt/selector/interface.go:284.9,284.31 1 1
github.com/joshsukhdeo/gh-pt/selector/interface.go:285.3,286.66 2 1
github.com/joshsukhdeo/gh-pt/selector/interface.go:287.4,287.40 1 1
github.com/joshsukhdeo/gh-pt/selector/interface.go:288.5,289.1 1 1
github.com/joshsukhdeo/gh-pt/selector/interface.go:289.11,289.45 1 1
github.com/joshsukhdeo/gh-pt/selector/interface.go:290.5,291.1 1 1
github.com/joshsukhdeo/gh-pt/selector/interface.go:291.11,291.43 1 1
github.com/joshsukhdeo/gh-pt/selector/interface.go:292.5,293.1 1 1
github.com/joshsukhdeo/gh-pt/selector/interface.go:296.3,298.1 3 1
github.com/joshsukhdeo/gh-pt/selector/interface.go:299.3,299.37 3 1
github.com/joshsukhdeo/gh-pt/selector/interface.go:300.4,300.24 1 1
github.com/joshsukhdeo/gh-pt/selector/interface.go:301.5,301.52 1 1
github.com/joshsukhdeo/gh-pt/selector/interface.go:302.6,302.116 1 1
github.com/joshsukhdeo/gh-pt/selector/interface.go:303.7,305.1 2 0
github.com/joshsukhdeo/gh-pt/selector/interface.go:306.6,306.11 1 1
github.com/joshsukhdeo/gh-pt/selector/interface.go:308.11,308.33 1 1
github.com/joshsukhdeo/gh-pt/selector/interface.go:309.5,309.14 1 1
github.com/joshsukhdeo/gh-pt/selector/interface.go:310.6,310.54 1 1
github.com/joshsukhdeo/gh-pt/selector/interface.go:311.7,311.104 1 1
github.com/joshsukhdeo/gh-pt/selector/interface.go:312.8,313.1 1 0
github.com/joshsukhdeo/gh-pt/selector/interface.go:314.13,314.58 1 0
github.com/joshsukhdeo/gh-pt/selector/interface.go:315.7,315.105 1 0
github.com/joshsukhdeo/gh-pt/selector/interface.go:316.8,317.1 1 0
github.com/joshsukhdeo/gh-pt/selector/interface.go:320.6,320.52 1 1
github.com/joshsukhdeo/gh-pt/selector/interface.go:321.7,321.104 1 1
github.com/joshsukhdeo/gh-pt/selector/interface.go:322.8,323.1 1 0
github.com/joshsukhdeo/gh-pt/selector/interface.go:326.5,326.18 1 1
github.com/joshsukhdeo/gh-pt/selector/interface.go:327.6,328.11 2 0
github.com/joshsukhdeo/gh-pt/selector/interface.go:330.11,330.35 1 1
github.com/joshsukhdeo/gh-pt/selector/interface.go:331.5,331.10 1 1
github.com/joshsukhdeo/gh-pt/selector/interface.go:335.3,335.16 1 1
github.com/joshsukhdeo/gh-pt/selector/interface.go:336.4,336.87 1 0
github.com/joshsukhdeo/gh-pt/selector/interface.go:337.5,337.36 1 0
github.com/joshsukhdeo/gh-pt/selector/interface.go:338.6,344.1 1 0
github.com/joshsukhdeo/gh-pt/selector/interface.go:345.5,345.15 1 0
github.com/joshsukhdeo/gh-pt/selector/interface.go:347.4,347.28 1 0
github.com/joshsukhdeo/gh-pt/selector/interface.go:348.5,354.1 1 0
github.com/joshsukhdeo/gh-pt/selector/interface.go:355.4,361.10 1 0
github.com/joshsukhdeo/gh-pt/selector/interface.go:363.3,364.68 2 1
github.com/joshsukhdeo/gh-pt/selector/interface.go:366.3,367.1 1 0
github.com/joshsukhdeo/gh-pt/selector/interface.go:369.2,369.16 1 1
github.com/joshsukhdeo/gh-pt/selector/interface.go:370.3,370.33 1 1
github.com/joshsukhdeo/gh-pt/selector/interface.go:371.4,377.1 2 1
github.com/joshsukhdeo/gh-pt/selector/interface.go:378.4,378.28 2 1
github.com/joshsukhdeo/gh-pt/selector/interface.go:379.5,385.1 1 1
github.com/joshsukhdeo/gh-pt/selector/interface.go:387.4,393.10 1 1
github.com/joshsukhdeo/gh-pt/selector/interface.go:395.3,395.18 1 1
github.com/joshsukhdeo/gh-pt/selector/interface.go:398.2,399.16 2 1
github.com/joshsukhdeo/gh-pt/selector/interface.go:400.3,401.1 1 1
github.com/joshsukhdeo/gh-pt/selector/interface.go:403.2,403.88 1 0
github.com/joshsukhdeo/gh-pt/selector/interface.go:404.3,404.17 1 0
github.com/joshsukhdeo/gh-pt/selector/interface.go:405.4,406.1 1 0
github.com/joshsukhdeo/gh-pt/selector/interface.go:407.3,407.17 1 0
github.com/joshsukhdeo/gh-pt/selector/interface.go:408.4,415.1 1 0
github.com/joshsukhdeo/gh-pt/selector/interface.go:416.3,416.13 1 0
github.com/joshsukhdeo/gh-pt/selector/interface.go:418.2,418.16 1 0
github.com/joshsukhdeo/gh-pt/selector/interface.go:419.3,420.1 1 0
github.com/joshsukhdeo/gh-pt/selector/interface.go:422.2,422.26 1 0
github.com/joshsukhdeo/gh-pt/selector/interface.go:423.3,429.1 1 0
github.com/joshsukhdeo/gh-pt/selector/interface.go:431.2,437.8 1 0
github.com/joshsukhdeo/gh-pt/selector/item.go:23.2,23.95 1 1
github.com/joshsukhdeo/gh-pt/selector/item.go:24.3,25.1 1 0
github.com/joshsukhdeo/gh-pt/selector/item.go:26.2,27.124 2 1
github.com/joshsukhdeo/gh-pt/selector/item.go:28.3,29.1 1 0
github.com/joshsukhdeo/gh-pt/selector/item.go:30.2,31.19 2 1
github.com/joshsukhdeo/gh-pt/selector/item.go:33.3,33.28 1 1
github.com/joshsukhdeo/gh-pt/selector/item.go:35.3,35.28 1 1
github.com/joshsukhdeo/gh-pt/selector/item.go:37.3,37.28 1 1
github.com/joshsukhdeo/gh-pt/selector/item.go:39.3,39.28 1 0
github.com/joshsukhdeo/gh-pt/selector/item.go:41.3,41.31 1 1
github.com/joshsukhdeo/gh-pt/selector/item.go:42.4,43.1 1 0
github.com/joshsukhdeo/gh-pt/selector/item.go:44.3,44.28 1 1
github.com/joshsukhdeo/gh-pt/selector/item.go:46.3,46.26 1 1
github.com/joshsukhdeo/gh-pt/selector/selector.go:22.2,23.12 2 1
github.com/joshsukhdeo/gh-pt/selector/selector.go:24.3,25.1 1 0
github.com/joshsukhdeo/gh-pt/selector/selector.go:26.2,27.29 2 1
github.com/joshsukhdeo/gh-pt/selector/selector.go:28.3,28.53 1 1
github.com/joshsukhdeo/gh-pt/selector/selector.go:29.4,31.32 3 1
github.com/joshsukhdeo/gh-pt/selector/selector.go:32.5,32.46 1 1
github.com/joshsukhdeo/gh-pt/selector/selector.go:33.6,34.1 1 1
github.com/joshsukhdeo/gh-pt/selector/selector.go:36.4,36.19 1 1
github.com/joshsukhdeo/gh-pt/selector/selector.go:37.5,37.38 1 1
github.com/joshsukhdeo/gh-pt/selector/selector.go:38.6,39.1 1 1
github.com/joshsukhdeo/gh-pt/selector/selector.go:40.5,40.10 1 1
github.com/joshsukhdeo/gh-pt/selector/selector.go:44.2,44.19 1 1
github.com/joshsukhdeo/gh-pt/selector/selector.go:53.2,54.1 2 1
github.com/joshsukhdeo/gh-pt/selector/selector.go:55.2,55.29 2 1
github.com/joshsukhdeo/gh-pt/selector/selector.go:56.3,56.32 1 1
github.com/joshsukhdeo/gh-pt/selector/selector.go:57.4,57.40 1 1
github.com/joshsukhdeo/gh-pt/selector/selector.go:58.5,58.80 1 1
github.com/joshsukhdeo/gh-pt/selector/selector.go:59.6,61.1 2 1
github.com/joshsukhdeo/gh-pt/selector/selector.go:64.9,64.38 1 1
github.com/joshsukhdeo/gh-pt/selector/selector.go:65.3,67.1 5 1
github.com/joshsukhdeo/gh-pt/selector/selector.go:68.3,70.22 5 1
github.com/joshsukhdeo/gh-pt/selector/selector.go:71.4,73.1 2 1
github.com/joshsukhdeo/gh-pt/selector/selector.go:73.10,73.29 1 1
github.com/joshsukhdeo/gh-pt/selector/selector.go:74.4,75.1 1 1
github.com/joshsukhdeo/gh-pt/selector/selector.go:77.3,78.1 3 1
github.com/joshsukhdeo/gh-pt/selector/selector.go:79.3,80.19 3 1
github.com/joshsukhdeo/gh-pt/selector/selector.go:81.4,81.72 1 1
github.com/joshsukhdeo/gh-pt/selector/selector.go:81.74,81.127 1 1
github.com/joshsukhdeo/gh-pt/selector/selector.go:83.3,83.16 1 1
github.com/joshsukhdeo/gh-pt/selector/selector.go:84.4,84.69 1 1
github.com/joshsukhdeo/gh-pt/selector/selector.go:84.71,84.105 1 1
github.com/joshsukhdeo/gh-pt/selector/selector.go:86.3,86.20 1 1
github.com/joshsukhdeo/gh-pt/selector/selector.go:87.4,87.73 1 1
github.com/joshsukhdeo/gh-pt/selector/selector.go:87.75,87.129 1 0
github.com/joshsukhdeo/gh-pt/selector/selector.go:89.3,89.70 1 1
github.com/joshsukhdeo/gh-pt/selector/selector.go:89.72,89.85 1 0
github.com/joshsukhdeo/gh-pt/selector/selector.go:92.3,92.32 1 1
github.com/joshsukhdeo/gh-pt/selector/selector.go:94.4,94.40 1 1
github.com/joshsukhdeo/gh-pt/selector/selector.go:95.5,96.19 2 1
github.com/joshsukhdeo/gh-pt/selector/selector.go:97.6,98.1 1 0
github.com/joshsukhdeo/gh-pt/selector/selector.go:99.5,100.34 2 1
github.com/joshsukhdeo/gh-pt/selector/selector.go:101.6,101.34 1 1
github.com/joshsukhdeo/gh-pt/selector/selector.go:102.7,102.15 1 1
github.com/joshsukhdeo/gh-pt/selector/selector.go:104.6,104.43 1 1
github.com/joshsukhdeo/gh-pt/selector/selector.go:105.7,105.100 1 1
github.com/joshsukhdeo/gh-pt/selector/selector.go:107.8,107.143 1 1
github.com/joshsukhdeo/gh-pt/selector/selector.go:108.9,108.17 1 1
github.com/joshsukhdeo/gh-pt/selector/selector.go:111.7,111.52 1 1
github.com/joshsukhdeo/gh-pt/selector/selector.go:114.5,114.32 1 1
github.com/joshsukhdeo/gh-pt/selector/selector.go:116.6,117.42 2 1
github.com/joshsukhdeo/gh-pt/selector/selector.go:118.7,118.44 1 1
github.com/joshsukhdeo/gh-pt/selector/selector.go:119.8,120.1 1 1
github.com/joshsukhdeo/gh-pt/selector/selector.go:122.6,122.26 1 1
github.com/joshsukhdeo/gh-pt/selector/selector.go:123.7,124.1 1 1
github.com/joshsukhdeo/gh-pt/selector/selector.go:126.6,126.42 1 1
github.com/joshsukhdeo/gh-pt/selector/selector.go:127.7,129.1 2 1
github.com/joshsukhdeo/gh-pt/selector/selector.go:130.6,130.31 1 1
github.com/joshsukhdeo/gh-pt/selector/selector.go:136.2,136.29 1 1
github.com/joshsukhdeo/gh-pt/selector/selector.go:137.3,138.1 1 1
github.com/joshsukhdeo/gh-pt/selector/selector.go:139.2,139.27 1 1
github.com/joshsukhdeo/gh-pt/selector/selector.go:143.2,144.1 1 1
github.com/joshsukhdeo/gh-pt/selector/selector.go:147.2,148.16 2 1
github.com/joshsukhdeo/gh-pt/selector/selector.go:150.3,150.134 1 1
github.com/joshsukhdeo/gh-pt/selector/selector.go:152.3,152.137 1 0
github.com/joshsukhdeo/gh-pt/selector/selector.go:154.3,154.13 1 0
github.com/joshsukhdeo/gh-pt/selector/selector.go:156.2,157.36 2 1
github.com/joshsukhdeo/gh-pt/cmd/autocomplete.go:40.2,41.47 2 0
github.com/joshsukhdeo/gh-pt/cmd/autocomplete.go:42.3,43.1 1 0
github.com/joshsukhdeo/gh-pt/cmd/autocomplete.go:44.2,45.28 2 0
github.com/joshsukhdeo/gh-pt/cmd/autocomplete.go:46.3,46.17 1 0
github.com/joshsukhdeo/gh-pt/cmd/autocomplete.go:47.4,48.1 1 0
github.com/joshsukhdeo/gh-pt/cmd/autocomplete.go:50.2,51.13 2 0
github.com/joshsukhdeo/gh-pt/cmd/autocomplete.go:55.2,57.1 3 0
github.com/joshsukhdeo/gh-pt/cmd/autocomplete.go:58.2,58.39 3 0
github.com/joshsukhdeo/gh-pt/cmd/autocomplete.go:59.3,59.25 1 0
github.com/joshsukhdeo/gh-pt/cmd/autocomplete.go:60.4,61.1 1 0
github.com/joshsukhdeo/gh-pt/cmd/autocomplete.go:62.3,65.17 4 0
github.com/joshsukhdeo/gh-pt/cmd/autocomplete.go:66.4,67.1 1 0
github.com/joshsukhdeo/gh-pt/cmd/autocomplete.go:69.3,71.22 3 0
github.com/joshsukhdeo/gh-pt/cmd/autocomplete.go:72.4,73.18 2 0
github.com/joshsukhdeo/gh-pt/cmd/autocomplete.go:74.5,75.1 1 0
github.com/joshsukhdeo/gh-pt/cmd/autocomplete.go:77.3,77.15 1 0
github.com/joshsukhdeo/gh-pt/cmd/autocomplete.go:80.2,82.17 3 0
github.com/joshsukhdeo/gh-pt/cmd/autocomplete.go:83.3,84.1 1 0
github.com/joshsukhdeo/gh-pt/cmd/autocomplete.go:86.2,88.16 3 0
github.com/joshsukhdeo/gh-pt/cmd/autocomplete.go:89.3,90.1 1 0
github.com/joshsukhdeo/gh-pt/cmd/autocomplete.go:92.2,94.21 3 0
github.com/joshsukhdeo/gh-pt/cmd/autocomplete.go:95.3,96.17 2 0
github.com/joshsukhdeo/gh-pt/cmd/autocomplete.go:97.4,98.1 1 0
github.com/joshsukhdeo/gh-pt/cmd/autocomplete.go:100.2,100.14 1 0
github.com/joshsukhdeo/gh-pt/cmd/autocomplete.go:104.2,105.1 1 0
github.com/joshsukhdeo/gh-pt/cmd/autocomplete.go:117.55,117.84 1 0
github.com/joshsukhdeo/gh-pt/cmd/autocomplete.go:118.55,118.82 1 0
github.com/joshsukhdeo/gh-pt/cmd/autocomplete.go:119.55,119.81 1 0
github.com/joshsukhdeo/gh-pt/cmd/completions.go:8.2,10.1 3 0
github.com/joshsukhdeo/gh-pt/cmd/completions.go:11.2,11.15 3 0
github.com/joshsukhdeo/gh-pt/cmd/completions.go:13.3,14.56 2 0
github.com/joshsukhdeo/gh-pt/cmd/completions.go:16.3,18.56 3 0
github.com/joshsukhdeo/gh-pt/cmd/completions.go:20.3,41.23 2 0
github.com/joshsukhdeo/gh-pt/cmd/completions.go:43.3,43.52 1 0
github.com/joshsukhdeo/gh-pt/cmd/completions.go:45.2,45.12 1 0
github.com/joshsukhdeo/gh-pt/cmd/config_cmd.go:17.2,18.16 2 0
github.com/joshsukhdeo/gh-pt/cmd/config_cmd.go:19.3,20.1 1 0
github.com/joshsukhdeo/gh-pt/cmd/config_cmd.go:21.2,22.12 2 0
github.com/joshsukhdeo/gh-pt/cmd/config_cmd.go:26.2,27.1 1 0
github.com/joshsukhdeo/gh-pt/cmd/config_cmd.go:30.2,31.1 1 0
github.com/joshsukhdeo/gh-pt/cmd/config_cmd.go:34.2,35.1 1 0
github.com/joshsukhdeo/gh-pt/cmd/config_cmd.go:38.2,39.16 2 0
github.com/joshsukhdeo/gh-pt/cmd/config_cmd.go:40.3,41.1 1 0
github.com/joshsukhdeo/gh-pt/cmd/config_cmd.go:43.2,43.6 1 0
github.com/joshsukhdeo/gh-pt/cmd/config_cmd.go:44.3,48.1 2 0
github.com/joshsukhdeo/gh-pt/cmd/config_cmd.go:49.3,49.25 2 0
github.com/joshsukhdeo/gh-pt/cmd/config_cmd.go:50.4,50.9 1 0
github.com/joshsukhdeo/gh-pt/cmd/config_cmd.go:53.3,54.1 2 0
github.com/joshsukhdeo/gh-pt/cmd/config_cmd.go:55.3,55.48 2 0
github.com/joshsukhdeo/gh-pt/cmd/config_cmd.go:56.4,57.1 1 0
github.com/joshsukhdeo/gh-pt/cmd/config_cmd.go:58.4,59.1 1 0
github.com/joshsukhdeo/gh-pt/cmd/config_cmd.go:62.2,62.12 1 0
github.com/joshsukhdeo/gh-pt/cmd/config_cmd.go:66.2,66.6 1 0
github.com/joshsukhdeo/gh-pt/cmd/config_cmd.go:67.3,69.1 3 0
github.com/joshsukhdeo/gh-pt/cmd/config_cmd.go:70.3,70.19 3 0
github.com/joshsukhdeo/gh-pt/cmd/config_cmd.go:72.4,78.1 1 0
github.com/joshsukhdeo/gh-pt/cmd/config_cmd.go:80.4,84.1 1 0
github.com/joshsukhdeo/gh-pt/cmd/config_cmd.go:86.4,100.1 1 0
github.com/joshsukhdeo/gh-pt/cmd/config_cmd.go:103.3,107.1 2 0
github.com/joshsukhdeo/gh-pt/cmd/config_cmd.go:108.3,108.25 2 0
github.com/joshsukhdeo/gh-pt/cmd/config_cmd.go:109.4,109.9 1 0
github.com/joshsukhdeo/gh-pt/cmd/config_cmd.go:112.3,112.37 1 0
github.com/joshsukhdeo/gh-pt/cmd/config_cmd.go:118.2,119.21 2 0
github.com/joshsukhdeo/gh-pt/cmd/config_cmd.go:120.3,121.1 1 0
github.com/joshsukhdeo/gh-pt/cmd/config_cmd.go:122.2,123.1 2 0
github.com/joshsukhdeo/gh-pt/cmd/config_cmd.go:124.2,124.18 2 0
github.com/joshsukhdeo/gh-pt/cmd/config_cmd.go:126.3,126.20 1 0
github.com/joshsukhdeo/gh-pt/cmd/config_cmd.go:128.4,128.142 1 0
github.com/joshsukhdeo/gh-pt/cmd/config_cmd.go:130.4,130.139 1 0
github.com/joshsukhdeo/gh-pt/cmd/config_cmd.go:132.4,132.136 1 0
github.com/joshsukhdeo/gh-pt/cmd/config_cmd.go:134.4,134.133 1 0
github.com/joshsukhdeo/gh-pt/cmd/config_cmd.go:137.3,137.20 1 0
github.com/joshsukhdeo/gh-pt/cmd/config_cmd.go:139.4,139.118 1 0
github.com/joshsukhdeo/gh-pt/cmd/config_cmd.go:141.4,141.151 1 0
github.com/joshsukhdeo/gh-pt/cmd/config_cmd.go:144.3,144.20 1 0
github.com/joshsukhdeo/gh-pt/cmd/config_cmd.go:146.4,146.143 1 0
github.com/joshsukhdeo/gh-pt/cmd/config_cmd.go:148.4,148.119 1 0
github.com/joshsukhdeo/gh-pt/cmd/config_cmd.go:150.4,150.131 1 0
github.com/joshsukhdeo/gh-pt/cmd/config_cmd.go:152.4,152.126 1 0
github.com/joshsukhdeo/gh-pt/cmd/config_cmd.go:154.4,154.123 1 0
github.com/joshsukhdeo/gh-pt/cmd/config_cmd.go:156.4,156.147 1 0
github.com/joshsukhdeo/gh-pt/cmd/config_cmd.go:158.4,158.138 1 0
github.com/joshsukhdeo/gh-pt/cmd/config_cmd.go:160.4,160.134 1 0
github.com/joshsukhdeo/gh-pt/cmd/config_cmd.go:162.4,162.141 1 0
github.com/joshsukhdeo/gh-pt/cmd/config_cmd.go:164.4,164.150 1 0
github.com/joshsukhdeo/gh-pt/cmd/config_cmd.go:166.4,166.141 1 0
github.com/joshsukhdeo/gh-pt/cmd/config_cmd.go:168.4,168.132 1 0
github.com/joshsukhdeo/gh-pt/cmd/config_cmd.go:174.2,175.1 3 1
github.com/joshsukhdeo/gh-pt/cmd/config_cmd.go:176.2,177.1 3 1
github.com/joshsukhdeo/gh-pt/cmd/config_cmd.go:178.2,178.54 3 1
github.com/joshsukhdeo/gh-pt/cmd/config_cmd.go:179.3,180.1 1 0
github.com/joshsukhdeo/gh-pt/cmd/config_cmd.go:182.2,183.16 2 1
github.com/joshsukhdeo/gh-pt/cmd/config_cmd.go:184.3,184.45 1 1
github.com/joshsukhdeo/gh-pt/cmd/config_cmd.go:185.4,186.36 2 1
github.com/joshsukhdeo/gh-pt/cmd/config_cmd.go:187.5,188.1 1 0
github.com/joshsukhdeo/gh-pt/cmd/config_cmd.go:192.2,193.12 2 1
github.com/joshsukhdeo/gh-pt/cmd/config_cmd.go:197.2,198.1 3 1
github.com/joshsukhdeo/gh-pt/cmd/config_cmd.go:199.2,200.16 3 1
github.com/joshsukhdeo/gh-pt/cmd/config_cmd.go:201.3,202.1 1 0
github.com/joshsukhdeo/gh-pt/cmd/config_cmd.go:204.2,205.35 2 1
github.com/joshsukhdeo/gh-pt/cmd/config_cmd.go:206.3,207.1 1 0
github.com/joshsukhdeo/gh-pt/cmd/config_cmd.go:209.2,209.18 1 1
github.com/joshsukhdeo/gh-pt/cmd/config_cmd.go:210.3,211.1 1 1
github.com/joshsukhdeo/gh-pt/cmd/config_cmd.go:213.2,214.16 2 0
github.com/joshsukhdeo/gh-pt/cmd/config_cmd.go:215.3,216.1 1 0
github.com/joshsukhdeo/gh-pt/cmd/config_cmd.go:218.2,219.13 2 0
github.com/joshsukhdeo/gh-pt/cmd/config_cmd.go:221.3,221.64 1 0
github.com/joshsukhdeo/gh-pt/cmd/config_cmd.go:222.4,223.18 2 0
github.com/joshsukhdeo/gh-pt/cmd/config_cmd.go:224.5,225.1 1 0
github.com/joshsukhdeo/gh-pt/cmd/config_cmd.go:226.4,226.78 1 0
github.com/joshsukhdeo/gh-pt/cmd/config_cmd.go:228.3,228.86 1 0
github.com/joshsukhdeo/gh-pt/cmd/config_cmd.go:231.2,231.26 1 0
github.com/joshsukhdeo/gh-pt/cmd/config_cmd.go:232.3,233.1 1 0
github.com/joshsukhdeo/gh-pt/cmd/config_cmd.go:235.2,235.38 1 0
github.com/joshsukhdeo/gh-pt/cmd/config_cmd.go:236.3,238.17 3 0
github.com/joshsukhdeo/gh-pt/cmd/config_cmd.go:239.4,240.12 2 0
github.com/joshsukhdeo/gh-pt/cmd/config_cmd.go:243.3,243.94 1 0
github.com/joshsukhdeo/gh-pt/cmd/config_cmd.go:244.4,245.1 1 0
github.com/joshsukhdeo/gh-pt/cmd/config_cmd.go:248.2,249.34 2 0
github.com/joshsukhdeo/gh-pt/cmd/config_cmd.go:250.3,251.1 1 0
github.com/joshsukhdeo/gh-pt/cmd/config_cmd.go:253.2,254.12 2 0
github.com/joshsukhdeo/gh-pt/cmd/config_cmd.go:258.2,260.1 2 0
github.com/joshsukhdeo/gh-pt/cmd/indicators.go:7.2,8.14 2 1
github.com/joshsukhdeo/gh-pt/cmd/indicators.go:9.3,9.19 1 1
github.com/joshsukhdeo/gh-pt/cmd/indicators.go:10.4,11.1 1 1
github.com/joshsukhdeo/gh-pt/cmd/indicators.go:12.4,13.1 1 1
github.com/joshsukhdeo/gh-pt/cmd/indicators.go:15.2,15.42 1 1
github.com/joshsukhdeo/gh-pt/cmd/indicators.go:16.3,16.19 1 1
github.com/joshsukhdeo/gh-pt/cmd/indicators.go:17.4,18.1 1 1
github.com/joshsukhdeo/gh-pt/cmd/indicators.go:19.4,20.1 1 1
github.com/joshsukhdeo/gh-pt/cmd/indicators.go:22.2,22.40 1 1
github.com/joshsukhdeo/gh-pt/cmd/indicators.go:23.3,23.19 1 1
github.com/joshsukhdeo/gh-pt/cmd/indicators.go:24.4,25.1 1 1
github.com/joshsukhdeo/gh-pt/cmd/indicators.go:26.4,27.1 1 1
github.com/joshsukhdeo/gh-pt/cmd/indicators.go:29.2,29.17 1 1
github.com/joshsukhdeo/gh-pt/cmd/indicators.go:30.3,30.19 1 1
github.com/joshsukhdeo/gh-pt/cmd/indicators.go:31.4,32.1 1 1
github.com/joshsukhdeo/gh-pt/cmd/indicators.go:33.4,34.1 1 1
github.com/joshsukhdeo/gh-pt/cmd/indicators.go:36.2,36.20 1 1
github.com/joshsukhdeo/gh-pt/cmd/root.go:39.2,39.66 1 0
github.com/joshsukhdeo/gh-pt/cmd/root.go:40.3,42.1 2 0
github.com/joshsukhdeo/gh-pt/cmd/root.go:44.2,44.150 1 0
github.com/joshsukhdeo/gh-pt/cmd/root.go:45.3,46.13 2 0
github.com/joshsukhdeo/gh-pt/cmd/root.go:47.4,48.1 1 0
github.com/joshsukhdeo/gh-pt/cmd/root.go:51.2,51.34 1 0
github.com/joshsukhdeo/gh-pt/cmd/root.go:52.3,53.1 1 0
github.com/joshsukhdeo/gh-pt/cmd/root.go:55.2,55.90 1 0
github.com/joshsukhdeo/gh-pt/cmd/root.go:56.3,57.1 1 0
github.com/joshsukhdeo/gh-pt/cmd/root.go:60.2,60.22 1 0
github.com/joshsukhdeo/gh-pt/cmd/root.go:61.3,61.15 1 0
github.com/joshsukhdeo/gh-pt/cmd/root.go:63.4,63.46 1 0
github.com/joshsukhdeo/gh-pt/cmd/root.go:64.5,65.1 1 0
github.com/joshsukhdeo/gh-pt/cmd/root.go:66.10,66.37 1 0
github.com/joshsukhdeo/gh-pt/cmd/root.go:68.4,73.1 3 0
github.com/joshsukhdeo/gh-pt/cmd/root.go:76.2,76.24 1 0
github.com/joshsukhdeo/gh-pt/cmd/root.go:77.3,82.1 3 0
github.com/joshsukhdeo/gh-pt/cmd/root.go:84.2,85.16 2 0
github.com/joshsukhdeo/gh-pt/cmd/root.go:86.3,86.26 1 0
github.com/joshsukhdeo/gh-pt/cmd/root.go:87.4,88.21 2 0
github.com/joshsukhdeo/gh-pt/cmd/root.go:89.5,92.1 1 0
github.com/joshsukhdeo/gh-pt/cmd/root.go:94.4,94.18 1 0
github.com/joshsukhdeo/gh-pt/cmd/root.go:95.5,96.19 2 0
github.com/joshsukhdeo/gh-pt/cmd/root.go:97.6,101.1 2 0
github.com/joshsukhdeo/gh-pt/cmd/root.go:102.5,102.15 1 0
github.com/joshsukhdeo/gh-pt/cmd/root.go:104.5,108.1 2 0
github.com/joshsukhdeo/gh-pt/cmd/root.go:111.3,114.13 2 0
github.com/joshsukhdeo/gh-pt/cmd/root.go:117.2,117.36 1 0
github.com/joshsukhdeo/gh-pt/cmd/root.go:118.3,122.1 2 0
github.com/joshsukhdeo/gh-pt/cmd/root.go:124.2,124.12 1 0
github.com/joshsukhdeo/gh-pt/cmd/root.go:128.2,130.1 2 0
github.com/joshsukhdeo/gh-pt/cmd/root.go:133.2,135.15 3 0
github.com/joshsukhdeo/gh-pt/cmd/root.go:136.3,137.1 1 0
github.com/joshsukhdeo/gh-pt/cmd/root.go:138.2,138.44 1 0
github.com/joshsukhdeo/gh-pt/cmd/root.go:139.3,140.1 1 0
github.com/joshsukhdeo/gh-pt/cmd/root.go:141.2,142.1 3 0
github.com/joshsukhdeo/gh-pt/cmd/root.go:143.2,144.38 3 0
github.com/joshsukhdeo/gh-pt/cmd/root.go:145.3,151.1 2 0
github.com/joshsukhdeo/gh-pt/cmd/root.go:152.3,152.31 2 0
github.com/joshsukhdeo/gh-pt/cmd/root.go:153.4,154.1 1 0
github.com/joshsukhdeo/gh-pt/cmd/root.go:155.4,156.1 1 0
github.com/joshsukhdeo/gh-pt/cmd/root.go:157.9,157.37 1 0
github.com/joshsukhdeo/gh-pt/cmd/root.go:158.3,159.1 1 0
github.com/joshsukhdeo/gh-pt/cmd/root.go:161.2,161.16 1 0
github.com/joshsukhdeo/gh-pt/cmd/root.go:162.3,162.23 1 0
github.com/joshsukhdeo/gh-pt/cmd/root.go:163.4,164.1 1 0
github.com/joshsukhdeo/gh-pt/cmd/root.go:165.3,165.31 1 0
github.com/joshsukhdeo/gh-pt/cmd/root.go:166.4,167.1 1 0
github.com/joshsukhdeo/gh-pt/cmd/root.go:169.2,169.14 1 0
github.com/joshsukhdeo/gh-pt/cmd/root.go:170.3,171.1 1 0
github.com/joshsukhdeo/gh-pt/cmd/root.go:173.2,173.55 1 0
github.com/joshsukhdeo/gh-pt/cmd/root.go:177.3,181.35 5 0
github.com/joshsukhdeo/gh-pt/cmd/root.go:182.4,183.1 1 0
github.com/joshsukhdeo/gh-pt/cmd/root.go:186.2,186.27 1 0
github.com/joshsukhdeo/gh-pt/cmd/root.go:187.3,189.1 2 0
github.com/joshsukhdeo/gh-pt/cmd/root.go:189.9,189.36 1 0
github.com/joshsukhdeo/gh-pt/cmd/root.go:190.3,191.18 2 0
github.com/joshsukhdeo/gh-pt/cmd/root.go:193.4,193.20 1 0
github.com/joshsukhdeo/gh-pt/cmd/root.go:195.4,195.19 1 0
github.com/joshsukhdeo/gh-pt/cmd/root.go:197.4,197.18 1 0
github.com/joshsukhdeo/gh-pt/cmd/root.go:198.5,200.26 3 0
github.com/joshsukhdeo/gh-pt/cmd/root.go:201.6,202.1 1 0
github.com/joshsukhdeo/gh-pt/cmd/root.go:203.5,203.23 1 0
github.com/joshsukhdeo/gh-pt/cmd/root.go:204.6,205.1 1 0
github.com/joshsukhdeo/gh-pt/cmd/root.go:206.5,206.73 1 0
github.com/joshsukhdeo/gh-pt/cmd/root.go:206.74,206.74 0 0
github.com/joshsukhdeo/gh-pt/cmd/root.go:208.5,208.54 1 0
github.com/joshsukhdeo/gh-pt/cmd/root.go:209.6,210.1 1 0
github.com/joshsukhdeo/gh-pt/cmd/root.go:211.5,211.24 1 0
github.com/joshsukhdeo/gh-pt/cmd/root.go:212.6,213.1 1 0
github.com/joshsukhdeo/gh-pt/cmd/root.go:219.2,219.56 1 0
github.com/joshsukhdeo/gh-pt/cmd/root.go:220.3,220.23 1 0
github.com/joshsukhdeo/gh-pt/cmd/root.go:222.4,223.26 2 0
github.com/joshsukhdeo/gh-pt/cmd/root.go:224.5,225.1 1 0
github.com/joshsukhdeo/gh-pt/cmd/root.go:227.4,227.35 1 0
github.com/joshsukhdeo/gh-pt/cmd/root.go:231.2,232.16 2 0
github.com/joshsukhdeo/gh-pt/cmd/root.go:233.3,237.1 2 0
github.com/joshsukhdeo/gh-pt/cmd/root.go:239.2,239.30 1 0
github.com/joshsukhdeo/gh-pt/cmd/root.go:240.3,241.1 1 0
github.com/joshsukhdeo/gh-pt/cmd/root.go:242.2,242.22 1 0
github.com/joshsukhdeo/gh-pt/cmd/root.go:243.3,244.1 1 0
github.com/joshsukhdeo/gh-pt/cmd/root.go:245.2,245.26 1 0
github.com/joshsukhdeo/gh-pt/cmd/root.go:246.3,246.40 1 0
github.com/joshsukhdeo/gh-pt/cmd/root.go:247.4,248.18 2 0
github.com/joshsukhdeo/gh-pt/cmd/root.go:249.5,250.1 1 0
github.com/joshsukhdeo/gh-pt/cmd/root.go:251.4,251.18 1 0
github.com/joshsukhdeo/gh-pt/cmd/root.go:252.5,253.1 1 0
github.com/joshsukhdeo/gh-pt/cmd/root.go:255.3,255.37 1 0
github.com/joshsukhdeo/gh-pt/cmd/root.go:257.2,257.16 1 0
github.com/joshsukhdeo/gh-pt/cmd/root.go:258.3,258.40 1 0
github.com/joshsukhdeo/gh-pt/cmd/root.go:259.4,260.18 2 0
github.com/joshsukhdeo/gh-pt/cmd/root.go:261.5,262.1 1 0
github.com/joshsukhdeo/gh-pt/cmd/root.go:263.4,263.18 1 0
github.com/joshsukhdeo/gh-pt/cmd/root.go:264.5,265.1 1 0
github.com/joshsukhdeo/gh-pt/cmd/root.go:267.3,267.32 1 0
github.com/joshsukhdeo/gh-pt/cmd/root.go:269.2,269.19 1 0
github.com/joshsukhdeo/gh-pt/cmd/root.go:270.3,270.40 1 0
github.com/joshsukhdeo/gh-pt/cmd/root.go:271.4,272.18 2 0
github.com/joshsukhdeo/gh-pt/cmd/root.go:273.5,274.1 1 0
github.com/joshsukhdeo/gh-pt/cmd/root.go:275.4,275.18 1 0
github.com/joshsukhdeo/gh-pt/cmd/root.go:276.5,277.1 1 0
github.com/joshsukhdeo/gh-pt/cmd/root.go:279.3,279.34 1 0
github.com/joshsukhdeo/gh-pt/cmd/root.go:281.2,281.17 1 0
github.com/joshsukhdeo/gh-pt/cmd/root.go:282.3,283.1 1 0
github.com/joshsukhdeo/gh-pt/cmd/root.go:285.2,285.46 1 0
github.com/joshsukhdeo/gh-pt/cmd/root.go:286.3,287.1 1 0
github.com/joshsukhdeo/gh-pt/cmd/root.go:289.2,289.29 1 0
github.com/joshsukhdeo/gh-pt/cmd/root.go:290.3,291.1 1 0
github.com/joshsukhdeo/gh-pt/cmd/root.go:293.2,293.17 1 0
github.com/joshsukhdeo/gh-pt/cmd/root.go:295.3,296.1 1 0
github.com/joshsukhdeo/gh-pt/cmd/root.go:298.2,298.24 1 0
github.com/joshsukhdeo/gh-pt/cmd/root.go:299.3,300.1 1 0
github.com/joshsukhdeo/gh-pt/cmd/root.go:302.2,302.28 1 0
github.com/joshsukhdeo/gh-pt/cmd/root.go:303.3,303.51 1 0
github.com/joshsukhdeo/gh-pt/cmd/root.go:304.4,305.1 1 0
github.com/joshsukhdeo/gh-pt/cmd/root.go:308.2,308.23 1 0
github.com/joshsukhdeo/gh-pt/cmd/root.go:309.3,309.17 1 0
github.com/joshsukhdeo/gh-pt/cmd/root.go:310.4,311.1 1 0
github.com/joshsukhdeo/gh-pt/cmd/root.go:312.3,312.38 1 0
github.com/joshsukhdeo/gh-pt/cmd/root.go:315.2,315.25 1 0
github.com/joshsukhdeo/gh-pt/cmd/root.go:316.3,316.17 1 0
github.com/joshsukhdeo/gh-pt/cmd/root.go:317.4,318.1 1 0
github.com/joshsukhdeo/gh-pt/cmd/root.go:319.3,319.40 1 0
github.com/joshsukhdeo/gh-pt/cmd/root.go:322.2,322.33 1 0
github.com/joshsukhdeo/gh-pt/cmd/root.go:323.3,324.1 1 0
github.com/joshsukhdeo/gh-pt/cmd/root.go:326.2,326.32 1 0
github.com/joshsukhdeo/gh-pt/cmd/root.go:327.3,329.1 2 0
github.com/joshsukhdeo/gh-pt/cmd/root.go:330.3,331.1 1 0
github.com/joshsukhdeo/gh-pt/cmd/root.go:333.2,340.51 1 0
github.com/joshsukhdeo/gh-pt/cmd/root.go:341.4,342.31 2 0
github.com/joshsukhdeo/gh-pt/cmd/root.go:343.5,344.1 1 0
github.com/joshsukhdeo/gh-pt/cmd/root.go:345.4,345.12 1 0
github.com/joshsukhdeo/gh-pt/cmd/root.go:349.2,351.16 3 0
github.com/joshsukhdeo/gh-pt/cmd/root.go:352.3,355.1 1 0
github.com/joshsukhdeo/gh-pt/cmd/root.go:357.2,360.33 2 0
github.com/joshsukhdeo/gh-pt/cmd/root.go:364.2,366.1 3 1
github.com/joshsukhdeo/gh-pt/cmd/root.go:367.2,367.38 3 1
github.com/joshsukhdeo/gh-pt/cmd/root.go:368.3,368.45 1 1
github.com/joshsukhdeo/gh-pt/cmd/root.go:369.4,370.18 2 0
github.com/joshsukhdeo/gh-pt/cmd/root.go:371.5,371.17 1 0
github.com/joshsukhdeo/gh-pt/cmd/root.go:372.6,373.1 1 0
github.com/joshsukhdeo/gh-pt/cmd/root.go:374.5,374.41 1 0
github.com/joshsukhdeo/gh-pt/cmd/root.go:377.3,377.11 1 1
github.com/joshsukhdeo/gh-pt/cmd/root.go:380.2,380.12 1 1
github.com/joshsukhdeo/gh-pt/cmd/root.go:381.3,382.17 2 1
github.com/joshsukhdeo/gh-pt/cmd/root.go:383.4,384.1 1 1
github.com/joshsukhdeo/gh-pt/cmd/root.go:385.4,386.1 1 1
github.com/joshsukhdeo/gh-pt/cmd/root.go:387.3,387.39 1 1
github.com/joshsukhdeo/gh-pt/cmd/root.go:390.2,390.13 1 1
github.com/joshsukhdeo/gh-pt/cmd/root.go:391.3,392.17 2 1
github.com/joshsukhdeo/gh-pt/cmd/root.go:393.4,394.1 1 1
github.com/joshsukhdeo/gh-pt/cmd/root.go:395.4,396.1 1 1
github.com/joshsukhdeo/gh-pt/cmd/root.go:397.3,397.39 1 1
github.com/joshsukhdeo/gh-pt/cmd/root.go:400.2,400.11 1 0
github.com/joshsukhdeo/gh-pt/cmd/root.go:404.2,405.12 2 1
github.com/joshsukhdeo/gh-pt/cmd/root.go:406.3,407.19 2 1
github.com/joshsukhdeo/gh-pt/cmd/root.go:408.4,409.1 1 1
github.com/joshsukhdeo/gh-pt/cmd/root.go:411.3,412.19 2 1
github.com/joshsukhdeo/gh-pt/cmd/root.go:413.4,414.1 1 1
github.com/joshsukhdeo/gh-pt/cmd/root.go:415.3,415.19 1 1
github.com/joshsukhdeo/gh-pt/cmd/root.go:417.2,417.13 1 1
github.com/joshsukhdeo/gh-pt/cmd/root.go:421.2,423.16 3 0
github.com/joshsukhdeo/gh-pt/cmd/root.go:424.3,426.1 2 0
github.com/joshsukhdeo/gh-pt/cmd/root.go:428.2,429.66 2 0
github.com/joshsukhdeo/gh-pt/cmd/root.go:430.3,431.1 1 0
github.com/joshsukhdeo/gh-pt/cmd/root.go:433.2,439.1 2 0
github.com/joshsukhdeo/gh-pt/cmd/root.go:440.2,440.14 2 0
github.com/joshsukhdeo/gh-pt/cmd/root.go:441.3,441.13 1 0
github.com/joshsukhdeo/gh-pt/cmd/root.go:442.4,443.1 1 0
github.com/joshsukhdeo/gh-pt/cmd/root.go:444.4,445.1 1 0
github.com/joshsukhdeo/gh-pt/cmd/root.go:446.3,446.13 1 0
github.com/joshsukhdeo/gh-pt/cmd/root.go:449.2,449.46 1 0
github.com/joshsukhdeo/gh-pt/cmd/root.go:450.3,450.19 1 0
github.com/joshsukhdeo/gh-pt/cmd/root.go:451.4,452.1 1 0
github.com/joshsukhdeo/gh-pt/cmd/root.go:453.3,453.30 1 0
github.com/joshsukhdeo/gh-pt/cmd/root.go:456.2,456.67 1 0
github.com/joshsukhdeo/gh-pt/cmd/root.go:457.3,458.1 1 0
github.com/joshsukhdeo/gh-pt/cmd/root.go:460.2,461.1 3 0
github.com/joshsukhdeo/gh-pt/cmd/root.go:462.2,463.16 3 0
github.com/joshsukhdeo/gh-pt/cmd/root.go:464.3,465.1 1 0
github.com/joshsukhdeo/gh-pt/cmd/root.go:466.2,467.1 2 0
github.com/joshsukhdeo/gh-pt/cmd/root.go:468.2,468.20 2 0
github.com/joshsukhdeo/gh-pt/cmd/root.go:469.3,470.17 2 0
github.com/joshsukhdeo/gh-pt/cmd/root.go:471.4,480.18 2 0
github.com/joshsukhdeo/gh-pt/cmd/root.go:481.5,482.1 1 0
github.com/joshsukhdeo/gh-pt/cmd/root.go:483.5,484.1 1 0
github.com/joshsukhdeo/gh-pt/cmd/root.go:488.2,488.12 1 0
github.com/joshsukhdeo/gh-pt/cmd/root.go:492.2,494.1 4 1
github.com/joshsukhdeo/gh-pt/cmd/root.go:495.2,496.31 4 1
github.com/joshsukhdeo/gh-pt/cmd/root.go:497.3,498.1 1 0
github.com/joshsukhdeo/gh-pt/cmd/root.go:500.2,501.87 2 1
github.com/joshsukhdeo/gh-pt/cmd/root.go:505.2,506.31 2 1
github.com/joshsukhdeo/gh-pt/cmd/root.go:507.3,508.1 1 0
github.com/joshsukhdeo/gh-pt/cmd/root.go:510.2,510.501 1 1
github.com/joshsukhdeo/gh-pt/cmd/root.go:514.2,515.31 2 1
github.com/joshsukhdeo/gh-pt/cmd/root.go:516.3,517.1 1 0
github.com/joshsukhdeo/gh-pt/cmd/root.go:519.2,519.505 1 1
github.com/joshsukhdeo/gh-pt/cmd/root.go:523.2,524.43 2 1
github.com/joshsukhdeo/gh-pt/cmd/root.go:525.3,526.32 2 1
github.com/joshsukhdeo/gh-pt/cmd/root.go:527.4,528.1 1 0
github.com/joshsukhdeo/gh-pt/cmd/root.go:529.4,530.1 1 1
github.com/joshsukhdeo/gh-pt/cmd/root.go:532.3,533.1 1 0
github.com/joshsukhdeo/gh-pt/cmd/root.go:534.2,538.18 5 1
github.com/joshsukhdeo/gh-pt/cmd/root.go:542.2,543.87 2 0
github.com/joshsukhdeo/gh-pt/cmd/root.go:544.3,545.1 1 0
github.com/joshsukhdeo/gh-pt/cmd/root.go:546.2,546.25 1 0
github.com/joshsukhdeo/gh-pt/cmd/root.go:547.3,548.1 1 0
github.com/joshsukhdeo/gh-pt/cmd/root.go:550.2,551.1 3 0
github.com/joshsukhdeo/gh-pt/cmd/root.go:552.2,553.62 3 0
github.com/joshsukhdeo/gh-pt/cmd/root.go:554.3,555.1 1 0
github.com/joshsukhdeo/gh-pt/cmd/root.go:557.2,557.23 1 0
github.com/joshsukhdeo/gh-pt/cmd/root.go:558.3,561.57 4 0
github.com/joshsukhdeo/gh-pt/cmd/root.go:562.4,563.1 1 0
github.com/joshsukhdeo/gh-pt/cmd/root.go:566.2,566.12 1 0
github.com/joshsukhdeo/gh-pt/cmd/root.go:570.2,572.22 3 0
github.com/joshsukhdeo/gh-pt/cmd/root.go:573.3,574.1 1 0
github.com/joshsukhdeo/gh-pt/cmd/root.go:576.2,577.16 2 0
github.com/joshsukhdeo/gh-pt/cmd/root.go:578.3,579.1 1 0
github.com/joshsukhdeo/gh-pt/cmd/root.go:580.2,583.1 4 0
github.com/joshsukhdeo/gh-pt/cmd/root.go:584.2,584.65 4 0
github.com/joshsukhdeo/gh-pt/cmd/root.go:585.3,586.1 1 0
github.com/joshsukhdeo/gh-pt/cmd/root.go:589.2,590.1 3 0
github.com/joshsukhdeo/gh-pt/cmd/root.go:591.2,597.1 3 0
github.com/joshsukhdeo/gh-pt/cmd/root.go:598.2,598.14 3 0
github.com/joshsukhdeo/gh-pt/cmd/root.go:599.3,601.1 2 0
github.com/joshsukhdeo/gh-pt/cmd/root.go:604.2,605.20 2 0
github.com/joshsukhdeo/gh-pt/cmd/root.go:606.3,607.1 1 0
github.com/joshsukhdeo/gh-pt/cmd/root.go:608.2,609.16 2 0
github.com/joshsukhdeo/gh-pt/cmd/root.go:610.3,611.1 1 0
github.com/joshsukhdeo/gh-pt/cmd/root.go:612.2,613.1 2 0
github.com/joshsukhdeo/gh-pt/cmd/root.go:615.2,615.47 2 0
github.com/joshsukhdeo/gh-pt/cmd/root.go:616.3,617.1 3 0
github.com/joshsukhdeo/gh-pt/cmd/root.go:618.3,619.32 3 0
github.com/joshsukhdeo/gh-pt/cmd/root.go:620.4,621.1 1 0
github.com/joshsukhdeo/gh-pt/cmd/root.go:622.4,623.1 1 0
github.com/joshsukhdeo/gh-pt/cmd/root.go:624.3,625.1 3 0
github.com/joshsukhdeo/gh-pt/cmd/root.go:626.3,627.27 3 0
github.com/joshsukhdeo/gh-pt/cmd/root.go:628.4,629.1 1 0
github.com/joshsukhdeo/gh-pt/cmd/root.go:631.3,631.20 1 0
github.com/joshsukhdeo/gh-pt/cmd/root.go:632.4,633.22 2 0
github.com/joshsukhdeo/gh-pt/cmd/root.go:634.5,635.19 2 0
github.com/joshsukhdeo/gh-pt/cmd/root.go:636.6,644.20 2 0
github.com/joshsukhdeo/gh-pt/cmd/root.go:645.7,646.1 1 0
github.com/joshsukhdeo/gh-pt/cmd/root.go:647.7,648.1 1 0
github.com/joshsukhdeo/gh-pt/cmd/root.go:651.4,651.14 1 0
github.com/joshsukhdeo/gh-pt/cmd/root.go:653.3,653.88 1 0
github.com/joshsukhdeo/gh-pt/cmd/root.go:657.2,660.50 4 0
github.com/joshsukhdeo/gh-pt/cmd/root.go:661.3,662.1 1 0
github.com/joshsukhdeo/gh-pt/cmd/root.go:663.2,664.1 2 0
github.com/joshsukhdeo/gh-pt/cmd/root.go:666.2,666.68 2 0
github.com/joshsukhdeo/gh-pt/cmd/root.go:667.3,668.1 1 0
github.com/joshsukhdeo/gh-pt/cmd/root.go:671.2,672.85 2 0
github.com/joshsukhdeo/gh-pt/cmd/root.go:673.3,674.1 1 0
github.com/joshsukhdeo/gh-pt/cmd/root.go:675.2,675.25 1 0
github.com/joshsukhdeo/gh-pt/cmd/root.go:676.3,677.1 1 0
github.com/joshsukhdeo/gh-pt/cmd/root.go:679.2,681.67 3 0
github.com/joshsukhdeo/gh-pt/cmd/root.go:682.3,683.1 1 0
github.com/joshsukhdeo/gh-pt/cmd/root.go:685.2,685.47 1 0
github.com/joshsukhdeo/gh-pt/cmd/root.go:686.3,687.1 1 0
github.com/joshsukhdeo/gh-pt/cmd/root.go:688.2,689.1 5 0
github.com/joshsukhdeo/gh-pt/cmd/root.go:691.2,694.1 5 0
github.com/joshsukhdeo/gh-pt/cmd/root.go:695.2,695.53 5 0
github.com/joshsukhdeo/gh-pt/cmd/root.go:696.3,698.32 3 0
github.com/joshsukhdeo/gh-pt/cmd/root.go:699.4,700.1 1 0
github.com/joshsukhdeo/gh-pt/cmd/root.go:701.4,702.1 1 0
github.com/joshsukhdeo/gh-pt/cmd/root.go:703.3,704.1 3 0
github.com/joshsukhdeo/gh-pt/cmd/root.go:705.3,706.27 3 0
github.com/joshsukhdeo/gh-pt/cmd/root.go:707.4,708.1 1 0
github.com/joshsukhdeo/gh-pt/cmd/root.go:710.3,710.20 1 0
github.com/joshsukhdeo/gh-pt/cmd/root.go:711.4,712.9 2 0
github.com/joshsukhdeo/gh-pt/cmd/root.go:715.3,718.1 4 0
github.com/joshsukhdeo/gh-pt/cmd/root.go:719.3,719.27 4 0
github.com/joshsukhdeo/gh-pt/cmd/root.go:720.4,722.78 3 0
github.com/joshsukhdeo/gh-pt/cmd/root.go:723.5,724.1 1 0
github.com/joshsukhdeo/gh-pt/cmd/root.go:725.4,725.34 1 0
github.com/joshsukhdeo/gh-pt/cmd/root.go:729.2,729.20 1 0
github.com/joshsukhdeo/gh-pt/cmd/root.go:730.3,731.1 1 0
github.com/joshsukhdeo/gh-pt/cmd/root.go:733.2,734.1 2 0
github.com/joshsukhdeo/gh-pt/cmd/root.go:736.2,736.20 2 0
github.com/joshsukhdeo/gh-pt/cmd/root.go:737.3,738.17 2 0
github.com/joshsukhdeo/gh-pt/cmd/root.go:739.4,748.18 2 0
github.com/joshsukhdeo/gh-pt/cmd/root.go:749.5,750.1 1 0
github.com/joshsukhdeo/gh-pt/cmd/root.go:751.5,752.1 1 0
github.com/joshsukhdeo/gh-pt/cmd/root.go:756.2,756.12 1 0
github.com/joshsukhdeo/gh-pt/cmd/root.go:760.2,761.16 2 1
github.com/joshsukhdeo/gh-pt/cmd/root.go:762.3,763.1 1 0
github.com/joshsukhdeo/gh-pt/cmd/root.go:765.2,765.48 1 1
github.com/joshsukhdeo/gh-pt/cmd/root.go:769.2,770.16 2 1
github.com/joshsukhdeo/gh-pt/cmd/root.go:771.3,772.1 1 0
github.com/joshsukhdeo/gh-pt/cmd/root.go:774.2,774.38 1 1
github.com/joshsukhdeo/gh-pt/cmd/root.go:778.2,779.16 2 1
github.com/joshsukhdeo/gh-pt/cmd/root.go:780.3,781.1 1 0
github.com/joshsukhdeo/gh-pt/cmd/root.go:783.2,783.43 1 1
github.com/joshsukhdeo/gh-pt/cmd/root.go:787.2,788.22 2 1
github.com/joshsukhdeo/gh-pt/cmd/root.go:790.3,790.63 1 0
github.com/joshsukhdeo/gh-pt/cmd/root.go:792.3,792.64 1 0
github.com/joshsukhdeo/gh-pt/cmd/root.go:794.3,796.50 3 1
github.com/joshsukhdeo/gh-pt/cmd/root.go:797.4,798.1 1 1
github.com/joshsukhdeo/gh-pt/cmd/root.go:799.3,799.49 1 1
github.com/joshsukhdeo/gh-pt/cmd/root.go:800.4,801.1 1 0
github.com/joshsukhdeo/gh-pt/cmd/root.go:803.3,803.25 1 1
github.com/joshsukhdeo/gh-pt/cmd/root.go:804.4,805.1 1 1
github.com/joshsukhdeo/gh-pt/cmd/root.go:805.10,805.32 1 0
github.com/joshsukhdeo/gh-pt/cmd/root.go:806.4,807.1 1 0
github.com/joshsukhdeo/gh-pt/cmd/root.go:807.10,807.31 1 0
github.com/joshsukhdeo/gh-pt/cmd/root.go:809.4,810.18 2 0
github.com/joshsukhdeo/gh-pt/cmd/root.go:811.5,812.129 2 0
github.com/joshsukhdeo/gh-pt/cmd/root.go:813.6,814.1 1 0
github.com/joshsukhdeo/gh-pt/cmd/root.go:816.4,816.91 1 0
github.com/joshsukhdeo/gh-pt/cmd/root.go:820.3,820.82 1 0
github.com/joshsukhdeo/gh-pt/cmd/root.go:822.3,822.68 1 0
github.com/joshsukhdeo/gh-pt/cmd/root.go:824.3,824.51 1 0
github.com/joshsukhdeo/gh-pt/cmd/root.go:828.2,829.24 2 1
github.com/joshsukhdeo/gh-pt/cmd/root.go:831.3,831.37 1 1
github.com/joshsukhdeo/gh-pt/cmd/root.go:833.3,833.34 1 0
github.com/joshsukhdeo/gh-pt/cmd/root.go:836.2,837.22 2 1
github.com/joshsukhdeo/gh-pt/cmd/root.go:839.3,839.62 1 0
github.com/joshsukhdeo/gh-pt/cmd/root.go:841.3,841.55 1 0
github.com/joshsukhdeo/gh-pt/cmd/root.go:843.3,843.51 1 0
github.com/joshsukhdeo/gh-pt/cmd/root.go:845.3,846.17 2 1
github.com/joshsukhdeo/gh-pt/cmd/root.go:847.4,849.31 3 1
github.com/joshsukhdeo/gh-pt/cmd/root.go:850.5,850.39 1 1
github.com/joshsukhdeo/gh-pt/cmd/root.go:851.6,852.43 2 1
github.com/joshsukhdeo/gh-pt/cmd/root.go:853.7,854.1 1 1
github.com/joshsukhdeo/gh-pt/cmd/root.go:855.12,855.51 1 1
github.com/joshsukhdeo/gh-pt/cmd/root.go:856.6,857.22 2 1
github.com/joshsukhdeo/gh-pt/cmd/root.go:858.7,858.57 1 1
github.com/joshsukhdeo/gh-pt/cmd/root.go:859.8,859.33 1 1
github.com/joshsukhdeo/gh-pt/cmd/root.go:860.9,861.1 1 1
github.com/joshsukhdeo/gh-pt/cmd/root.go:867.3,867.45 1 1
github.com/joshsukhdeo/gh-pt/cmd/root.go:870.2,871.29 2 1
github.com/joshsukhdeo/gh-pt/cmd/root.go:872.3,872.56 1 1
github.com/joshsukhdeo/gh-pt/cmd/root.go:873.4,874.1 1 1
github.com/joshsukhdeo/gh-pt/cmd/root.go:874.10,874.55 1 0
github.com/joshsukhdeo/gh-pt/cmd/root.go:875.4,876.1 1 0
github.com/joshsukhdeo/gh-pt/cmd/root.go:879.2,879.56 1 1
github.com/joshsukhdeo/gh-pt/cmd/root.go:880.3,881.18 2 1
github.com/joshsukhdeo/gh-pt/cmd/root.go:882.4,883.1 1 1
github.com/joshsukhdeo/gh-pt/cmd/root.go:883.10,883.21 1 1
github.com/joshsukhdeo/gh-pt/cmd/root.go:884.4,885.1 1 1
github.com/joshsukhdeo/gh-pt/cmd/root.go:886.3,886.40 1 0
github.com/joshsukhdeo/gh-pt/cmd/root.go:889.2,890.1 2 1
github.com/joshsukhdeo/gh-pt/cmd/root.go:891.2,891.26 2 1
github.com/joshsukhdeo/gh-pt/cmd/root.go:892.3,893.14 2 1
github.com/joshsukhdeo/gh-pt/cmd/root.go:894.4,894.12 1 0
github.com/joshsukhdeo/gh-pt/cmd/root.go:897.3,899.1 4 1
github.com/joshsukhdeo/gh-pt/cmd/root.go:900.3,901.1 4 1
github.com/joshsukhdeo/gh-pt/cmd/root.go:902.3,902.39 4 1
github.com/joshsukhdeo/gh-pt/cmd/root.go:903.4,903.24 1 1
github.com/joshsukhdeo/gh-pt/cmd/root.go:904.5,906.1 2 1
github.com/joshsukhdeo/gh-pt/cmd/root.go:908.4,909.57 2 1
github.com/joshsukhdeo/gh-pt/cmd/root.go:913.3,913.20 1 1
github.com/joshsukhdeo/gh-pt/cmd/root.go:914.4,916.1 2 1
github.com/joshsukhdeo/gh-pt/cmd/root.go:919.3,919.23 1 1
github.com/joshsukhdeo/gh-pt/cmd/root.go:920.4,922.1 3 1
github.com/joshsukhdeo/gh-pt/cmd/root.go:923.4,924.1 3 1
github.com/joshsukhdeo/gh-pt/cmd/root.go:927.3,927.39 1 1
github.com/joshsukhdeo/gh-pt/cmd/root.go:928.4,930.1 2 1
github.com/joshsukhdeo/gh-pt/cmd/root.go:933.2,934.1 5 1
github.com/joshsukhdeo/gh-pt/cmd/root.go:935.2,937.1 5 1
github.com/joshsukhdeo/gh-pt/cmd/root.go:938.2,939.93 5 1
github.com/joshsukhdeo/gh-pt/cmd/root.go:940.3,942.62 3 0
github.com/joshsukhdeo/gh-pt/cmd/root.go:943.4,944.1 1 0
github.com/joshsukhdeo/gh-pt/cmd/root.go:947.2,947.50 1 1
github.com/joshsukhdeo/gh-pt/cmd/root.go:948.3,949.1 1 0
github.com/joshsukhdeo/gh-pt/cmd/root.go:949.9,949.60 1 1
github.com/joshsukhdeo/gh-pt/cmd/root.go:950.3,952.1 2 0
github.com/joshsukhdeo/gh-pt/cmd/root.go:953.3,955.1 2 1
github.com/joshsukhdeo/gh-pt/cmd/root.go:957.2,957.17 1 1
github.com/joshsukhdeo/gh-pt/cmd/root.go:961.2,962.21 2 1
github.com/joshsukhdeo/gh-pt/cmd/root.go:963.3,964.1 1 1
github.com/joshsukhdeo/gh-pt/cmd/root.go:966.2,966.35 1 1
github.com/joshsukhdeo/gh-pt/cmd/root.go:970.2,972.1 2 1
github.com/joshsukhdeo/gh-pt/cmd/router.go:10.2,11.1 6 1
github.com/joshsukhdeo/gh-pt/cmd/router.go:12.2,16.1 6 1
github.com/joshsukhdeo/gh-pt/cmd/router.go:17.2,17.16 6 1
github.com/joshsukhdeo/gh-pt/cmd/router.go:19.3,21.24 3 0
github.com/joshsukhdeo/gh-pt/cmd/router.go:23.3,23.151 1 0
github.com/joshsukhdeo/gh-pt/cmd/router.go:25.3,25.163 1 0
github.com/joshsukhdeo/gh-pt/cmd/router.go:27.3,27.48 1 0
github.com/joshsukhdeo/gh-pt/cmd/router.go:29.3,30.47 2 0
github.com/joshsukhdeo/gh-pt/cmd/router.go:31.4,32.1 1 0
github.com/joshsukhdeo/gh-pt/cmd/router.go:33.4,35.1 2 0
github.com/joshsukhdeo/gh-pt/cmd/router.go:36.3,36.24 1 0
github.com/joshsukhdeo/gh-pt/cmd/router.go:38.3,38.40 1 0
github.com/joshsukhdeo/gh-pt/cmd/router.go:40.3,40.21 1 0
github.com/joshsukhdeo/gh-pt/cmd/router.go:42.3,42.295 1 1
github.com/joshsukhdeo/gh-pt/cmd/router.go:44.3,49.24 6 0
github.com/joshsukhdeo/gh-pt/cmd/router.go:51.3,56.24 6 0
github.com/joshsukhdeo/gh-pt/cmd/router.go:58.3,63.24 6 0
github.com/joshsukhdeo/gh-pt/cmd/router.go:65.3,66.18 2 0
github.com/joshsukhdeo/gh-pt/cmd/router.go:67.4,68.18 2 0
github.com/joshsukhdeo/gh-pt/cmd/router.go:69.5,69.32 1 0
github.com/joshsukhdeo/gh-pt/cmd/router.go:70.6,71.1 1 0
github.com/joshsukhdeo/gh-pt/cmd/router.go:72.6,73.1 1 0
github.com/joshsukhdeo/gh-pt/cmd/router.go:76.3,76.46 1 0
github.com/joshsukhdeo/gh-pt/cmd/router.go:78.3,78.39 1 0
github.com/joshsukhdeo/gh-pt/cmd/router.go:80.3,80.37 1 0
github.com/joshsukhdeo/gh-pt/cmd/router.go:82.3,82.20 1 0
github.com/joshsukhdeo/gh-pt/cmd/router.go:84.3,84.39 1 0
github.com/joshsukhdeo/gh-pt/cmd/router.go:86.3,86.61 1 0
github.com/joshsukhdeo/gh-pt/cmd/router.go:88.3,88.37 1 0
github.com/joshsukhdeo/gh-pt/cmd/router.go:90.3,90.22 1 0
github.com/joshsukhdeo/gh-pt/cmd/router.go:92.3,92.37 1 0
github.com/joshsukhdeo/gh-pt/cmd/router.go:94.3,94.36 1 0
github.com/joshsukhdeo/gh-pt/cmd/router.go:96.3,96.43 1 0
github.com/joshsukhdeo/gh-pt/cmd/router.go:98.3,98.51 1 0
github.com/joshsukhdeo/gh-pt/cmd/search.go:16.2,16.81 1 1
github.com/joshsukhdeo/gh-pt/cmd/search.go:17.3,20.1 2 0
github.com/joshsukhdeo/gh-pt/cmd/search.go:21.3,22.1 2 0
github.com/joshsukhdeo/gh-pt/cmd/search.go:26.2,27.19 2 0
github.com/joshsukhdeo/gh-pt/cmd/search.go:28.3,29.1 1 0
github.com/joshsukhdeo/gh-pt/cmd/search.go:30.3,31.1 1 0
github.com/joshsukhdeo/gh-pt/cmd/search.go:33.2,37.18 5 0
github.com/joshsukhdeo/gh-pt/cmd/show.go:16.2,17.1 1 0
github.com/joshsukhdeo/gh-pt/cmd/show.go:35.2,36.16 2 1
github.com/joshsukhdeo/gh-pt/cmd/show.go:37.3,38.1 1 0
github.com/joshsukhdeo/gh-pt/cmd/show.go:39.2,39.38 1 1
github.com/joshsukhdeo/gh-pt/cmd/show.go:43.2,44.16 2 1
github.com/joshsukhdeo/gh-pt/cmd/show.go:45.3,46.1 1 1
github.com/joshsukhdeo/gh-pt/cmd/show.go:48.2,50.77 3 1
github.com/joshsukhdeo/gh-pt/cmd/show.go:51.3,51.49 1 1
github.com/joshsukhdeo/gh-pt/cmd/show.go:52.4,54.1 2 1
github.com/joshsukhdeo/gh-pt/cmd/show.go:55.4,55.32 1 1
github.com/joshsukhdeo/gh-pt/cmd/show.go:56.5,56.49 1 0
github.com/joshsukhdeo/gh-pt/cmd/show.go:57.6,59.11 3 0
github.com/joshsukhdeo/gh-pt/cmd/show.go:65.2,67.16 3 1
github.com/joshsukhdeo/gh-pt/cmd/show.go:68.3,69.56 2 1
github.com/joshsukhdeo/gh-pt/cmd/show.go:70.4,71.1 1 0
github.com/joshsukhdeo/gh-pt/cmd/show.go:74.2,75.73 2 1
github.com/joshsukhdeo/gh-pt/cmd/show.go:76.3,77.1 1 1
github.com/joshsukhdeo/gh-pt/cmd/show.go:78.2,78.24 1 1
github.com/joshsukhdeo/gh-pt/cmd/show.go:79.3,81.1 2 0
github.com/joshsukhdeo/gh-pt/cmd/show.go:83.2,85.26 3 1
github.com/joshsukhdeo/gh-pt/cmd/show.go:86.3,86.24 1 1
github.com/joshsukhdeo/gh-pt/cmd/show.go:87.4,87.12 1 0
github.com/joshsukhdeo/gh-pt/cmd/show.go:89.3,89.53 1 1
github.com/joshsukhdeo/gh-pt/cmd/show.go:90.4,91.1 1 1
github.com/joshsukhdeo/gh-pt/cmd/show.go:92.3,92.56 1 1
github.com/joshsukhdeo/gh-pt/cmd/show.go:93.4,94.1 1 1
github.com/joshsukhdeo/gh-pt/cmd/show.go:97.2,97.37 1 1
github.com/joshsukhdeo/gh-pt/cmd/show.go:98.3,103.22 6 1
github.com/joshsukhdeo/gh-pt/cmd/show.go:104.4,105.1 1 1
github.com/joshsukhdeo/gh-pt/cmd/show.go:106.4,107.1 1 1
github.com/joshsukhdeo/gh-pt/cmd/show.go:110.2,110.39 1 1
github.com/joshsukhdeo/gh-pt/cmd/show.go:111.3,111.85 1 1
github.com/joshsukhdeo/gh-pt/cmd/show.go:112.4,112.28 1 1
github.com/joshsukhdeo/gh-pt/cmd/show.go:113.5,114.108 1 1
github.com/joshsukhdeo/gh-pt/cmd/show.go:115.6,116.1 1 1
github.com/joshsukhdeo/gh-pt/cmd/show.go:118.4,119.148 2 1
github.com/joshsukhdeo/gh-pt/cmd/show.go:120.5,121.1 1 0
github.com/joshsukhdeo/gh-pt/cmd/show.go:122.4,122.14 1 1
github.com/joshsukhdeo/gh-pt/cmd/show.go:124.3,124.31 1 1
github.com/joshsukhdeo/gh-pt/cmd/show.go:125.4,125.31 1 1
github.com/joshsukhdeo/gh-pt/cmd/show.go:126.5,127.1 1 1
github.com/joshsukhdeo/gh-pt/cmd/show.go:128.4,128.23 1 0
github.com/joshsukhdeo/gh-pt/cmd/show.go:130.3,130.26 1 1
github.com/joshsukhdeo/gh-pt/cmd/show.go:131.4,132.1 1 1
github.com/joshsukhdeo/gh-pt/cmd/show.go:133.3,133.30 1 0
github.com/joshsukhdeo/gh-pt/cmd/show.go:134.4,135.1 1 0
github.com/joshsukhdeo/gh-pt/cmd/show.go:136.3,136.24 1 0
github.com/joshsukhdeo/gh-pt/cmd/show.go:137.4,138.1 1 0
github.com/joshsukhdeo/gh-pt/cmd/show.go:139.3,139.13 1 0
github.com/joshsukhdeo/gh-pt/cmd/show.go:142.2,142.63 1 1
github.com/joshsukhdeo/gh-pt/cmd/show.go:143.3,143.20 1 1
github.com/joshsukhdeo/gh-pt/cmd/show.go:144.4,145.1 1 0
github.com/joshsukhdeo/gh-pt/cmd/show.go:146.3,148.21 3 1
github.com/joshsukhdeo/gh-pt/cmd/show.go:149.4,150.1 1 1
github.com/joshsukhdeo/gh-pt/cmd/show.go:151.3,151.49 1 1
github.com/joshsukhdeo/gh-pt/cmd/show.go:152.4,153.1 1 0
github.com/joshsukhdeo/gh-pt/cmd/show.go:154.3,154.40 1 1
github.com/joshsukhdeo/gh-pt/cmd/show.go:155.4,156.1 1 0
github.com/joshsukhdeo/gh-pt/cmd/show.go:157.3,157.21 1 1
github.com/joshsukhdeo/gh-pt/cmd/show.go:160.2,160.32 1 1
github.com/joshsukhdeo/gh-pt/cmd/show.go:161.3,161.27 1 1
github.com/joshsukhdeo/gh-pt/cmd/show.go:162.4,163.1 1 1
github.com/joshsukhdeo/gh-pt/cmd/show.go:164.3,164.13 1 1
github.com/joshsukhdeo/gh-pt/cmd/show.go:167.2,167.30 1 1
github.com/joshsukhdeo/gh-pt/cmd/show.go:168.3,169.20 2 1
github.com/joshsukhdeo/gh-pt/cmd/show.go:170.4,171.1 1 0
github.com/joshsukhdeo/gh-pt/cmd/show.go:172.3,173.17 2 1
github.com/joshsukhdeo/gh-pt/cmd/show.go:174.4,175.1 1 0
github.com/joshsukhdeo/gh-pt/cmd/show.go:176.3,176.32 1 1
github.com/joshsukhdeo/gh-pt/cmd/show.go:177.4,178.1 1 1
github.com/joshsukhdeo/gh-pt/cmd/show.go:179.3,179.13 1 1
github.com/joshsukhdeo/gh-pt/cmd/show.go:182.2,182.24 1 1
github.com/joshsukhdeo/gh-pt/cmd/show.go:183.3,184.17 2 1
github.com/joshsukhdeo/gh-pt/cmd/show.go:185.4,186.1 1 1
github.com/joshsukhdeo/gh-pt/cmd/show.go:187.3,187.30 1 1
github.com/joshsukhdeo/gh-pt/cmd/show.go:188.4,189.1 1 1
github.com/joshsukhdeo/gh-pt/cmd/show.go:191.3,192.20 2 1
github.com/joshsukhdeo/gh-pt/cmd/show.go:193.4,194.1 1 1
github.com/joshsukhdeo/gh-pt/cmd/show.go:195.3,196.17 2 1
github.com/joshsukhdeo/gh-pt/cmd/show.go:197.4,198.1 1 0
github.com/joshsukhdeo/gh-pt/cmd/show.go:199.3,200.22 2 1
github.com/joshsukhdeo/gh-pt/cmd/show.go:201.4,202.1 1 0
github.com/joshsukhdeo/gh-pt/cmd/show.go:203.3,203.35 1 1
github.com/joshsukhdeo/gh-pt/cmd/show.go:204.4,205.1 1 1
github.com/joshsukhdeo/gh-pt/cmd/show.go:206.3,206.13 1 1
github.com/joshsukhdeo/gh-pt/cmd/show.go:209.2,209.12 1 0
github.com/joshsukhdeo/gh-pt/cmd/state_mgmt.go:19.2,20.39 2 1
github.com/joshsukhdeo/gh-pt/cmd/state_mgmt.go:21.3,22.1 1 1
github.com/joshsukhdeo/gh-pt/cmd/state_mgmt.go:23.3,24.1 1 1
github.com/joshsukhdeo/gh-pt/cmd/state_mgmt.go:26.2,27.16 2 1
github.com/joshsukhdeo/gh-pt/cmd/state_mgmt.go:28.3,29.1 1 0
github.com/joshsukhdeo/gh-pt/cmd/state_mgmt.go:31.2,31.23 1 1
github.com/joshsukhdeo/gh-pt/cmd/state_mgmt.go:32.3,34.1 2 0
github.com/joshsukhdeo/gh-pt/cmd/state_mgmt.go:36.2,38.35 3 1
github.com/joshsukhdeo/gh-pt/cmd/state_mgmt.go:39.3,41.1 2 1
github.com/joshsukhdeo/gh-pt/cmd/state_mgmt.go:43.2,44.18 2 1
github.com/joshsukhdeo/gh-pt/cmd/state_mgmt.go:45.3,46.1 1 1
github.com/joshsukhdeo/gh-pt/cmd/state_mgmt.go:47.3,48.1 1 1
github.com/joshsukhdeo/gh-pt/cmd/state_mgmt.go:50.2,50.13 1 1
github.com/joshsukhdeo/gh-pt/cmd/state_mgmt.go:51.3,52.1 1 1
github.com/joshsukhdeo/gh-pt/cmd/state_mgmt.go:54.2,55.1 3 1
github.com/joshsukhdeo/gh-pt/cmd/state_mgmt.go:56.2,57.25 3 1
github.com/joshsukhdeo/gh-pt/cmd/state_mgmt.go:58.3,59.1 1 1
github.com/joshsukhdeo/gh-pt/cmd/state_mgmt.go:60.2,61.1 2 1
github.com/joshsukhdeo/gh-pt/cmd/state_mgmt.go:62.2,62.29 2 1
github.com/joshsukhdeo/gh-pt/cmd/state_mgmt.go:63.3,64.1 2 1
github.com/joshsukhdeo/gh-pt/cmd/state_mgmt.go:66.3,66.89 2 1
github.com/joshsukhdeo/gh-pt/cmd/state_mgmt.go:68.4,68.112 1 1
github.com/joshsukhdeo/gh-pt/cmd/state_mgmt.go:69.5,69.13 1 0
github.com/joshsukhdeo/gh-pt/cmd/state_mgmt.go:73.3,73.30 1 1
github.com/joshsukhdeo/gh-pt/cmd/state_mgmt.go:74.4,74.12 1 0
github.com/joshsukhdeo/gh-pt/cmd/state_mgmt.go:76.3,76.38 1 1
github.com/joshsukhdeo/gh-pt/cmd/state_mgmt.go:76.39,76.39 0 0
github.com/joshsukhdeo/gh-pt/cmd/state_mgmt.go:86.3,86.33 1 1
github.com/joshsukhdeo/gh-pt/cmd/state_mgmt.go:87.4,87.12 1 0
github.com/joshsukhdeo/gh-pt/cmd/state_mgmt.go:90.3,90.52 1 1
github.com/joshsukhdeo/gh-pt/cmd/state_mgmt.go:91.4,91.12 1 0
github.com/joshsukhdeo/gh-pt/cmd/state_mgmt.go:93.3,93.47 1 1
github.com/joshsukhdeo/gh-pt/cmd/state_mgmt.go:94.4,94.12 1 0
github.com/joshsukhdeo/gh-pt/cmd/state_mgmt.go:97.3,98.17 2 1
github.com/joshsukhdeo/gh-pt/cmd/state_mgmt.go:99.4,100.1 1 0
github.com/joshsukhdeo/gh-pt/cmd/state_mgmt.go:101.3,102.19 2 1
github.com/joshsukhdeo/gh-pt/cmd/state_mgmt.go:103.4,104.1 1 0
github.com/joshsukhdeo/gh-pt/cmd/state_mgmt.go:106.3,108.49 3 1
github.com/joshsukhdeo/gh-pt/cmd/state_mgmt.go:109.4,109.33 1 1
github.com/joshsukhdeo/gh-pt/cmd/state_mgmt.go:110.5,111.1 1 1
github.com/joshsukhdeo/gh-pt/cmd/state_mgmt.go:112.5,113.1 1 1
github.com/joshsukhdeo/gh-pt/cmd/state_mgmt.go:116.3,116.16 1 1
github.com/joshsukhdeo/gh-pt/cmd/state_mgmt.go:117.4,119.1 2 0
github.com/joshsukhdeo/gh-pt/cmd/state_mgmt.go:119.10,119.22 1 1
github.com/joshsukhdeo/gh-pt/cmd/state_mgmt.go:120.4,122.1 2 0
github.com/joshsukhdeo/gh-pt/cmd/state_mgmt.go:122.10,122.37 1 1
github.com/joshsukhdeo/gh-pt/cmd/state_mgmt.go:123.4,125.1 2 1
github.com/joshsukhdeo/gh-pt/cmd/state_mgmt.go:127.3,128.25 2 1
github.com/joshsukhdeo/gh-pt/cmd/state_mgmt.go:129.4,130.1 1 1
github.com/joshsukhdeo/gh-pt/cmd/state_mgmt.go:132.3,132.14 1 1
github.com/joshsukhdeo/gh-pt/cmd/state_mgmt.go:133.4,142.1 1 1
github.com/joshsukhdeo/gh-pt/cmd/state_mgmt.go:144.4,145.18 2 1
github.com/joshsukhdeo/gh-pt/cmd/state_mgmt.go:146.5,147.1 1 0
github.com/joshsukhdeo/gh-pt/cmd/state_mgmt.go:148.4,150.1 3 1
github.com/joshsukhdeo/gh-pt/cmd/state_mgmt.go:151.4,151.20 3 1
github.com/joshsukhdeo/gh-pt/cmd/state_mgmt.go:153.5,153.35 1 1
github.com/joshsukhdeo/gh-pt/cmd/state_mgmt.go:154.6,154.46 1 1
github.com/joshsukhdeo/gh-pt/cmd/state_mgmt.go:155.7,158.1 1 1
github.com/joshsukhdeo/gh-pt/cmd/state_mgmt.go:160.6,163.1 1 1
github.com/joshsukhdeo/gh-pt/cmd/state_mgmt.go:166.5,167.25 2 1
github.com/joshsukhdeo/gh-pt/cmd/state_mgmt.go:168.6,169.1 1 1
github.com/joshsukhdeo/gh-pt/cmd/state_mgmt.go:170.5,172.7 1 1
github.com/joshsukhdeo/gh-pt/cmd/state_mgmt.go:177.2,178.12 2 1
github.com/joshsukhdeo/gh-pt/cmd/state_mgmt.go:182.2,184.1 3 1
github.com/joshsukhdeo/gh-pt/cmd/state_mgmt.go:185.2,185.33 3 1
github.com/joshsukhdeo/gh-pt/cmd/state_mgmt.go:186.3,186.43 1 1
github.com/joshsukhdeo/gh-pt/cmd/state_mgmt.go:187.4,188.12 2 0
github.com/joshsukhdeo/gh-pt/cmd/state_mgmt.go:190.3,190.38 1 1
github.com/joshsukhdeo/gh-pt/cmd/state_mgmt.go:191.4,191.47 1 1
github.com/joshsukhdeo/gh-pt/cmd/state_mgmt.go:192.5,193.10 2 0
github.com/joshsukhdeo/gh-pt/cmd/state_mgmt.go:196.3,197.58 2 1
github.com/joshsukhdeo/gh-pt/cmd/state_mgmt.go:198.4,199.1 1 1
github.com/joshsukhdeo/gh-pt/cmd/state_mgmt.go:201.2,201.16 1 1
github.com/joshsukhdeo/gh-pt/cmd/state_mgmt.go:205.2,205.16 1 1
github.com/joshsukhdeo/gh-pt/cmd/state_mgmt.go:206.3,207.1 1 0
github.com/joshsukhdeo/gh-pt/cmd/state_mgmt.go:208.2,208.57 1 1
github.com/joshsukhdeo/gh-pt/cmd/state_mgmt.go:209.3,210.1 1 0
github.com/joshsukhdeo/gh-pt/cmd/state_mgmt.go:211.2,212.86 2 1
github.com/joshsukhdeo/gh-pt/cmd/state_mgmt.go:213.3,214.1 1 0
github.com/joshsukhdeo/gh-pt/cmd/state_mgmt.go:215.2,215.43 1 1
github.com/joshsukhdeo/gh-pt/cmd/state_mgmt.go:216.3,217.1 1 0
github.com/joshsukhdeo/gh-pt/cmd/state_mgmt.go:218.2,220.16 3 1
github.com/joshsukhdeo/gh-pt/cmd/state_mgmt.go:221.3,222.1 1 0
github.com/joshsukhdeo/gh-pt/cmd/state_mgmt.go:223.2,224.16 2 1
github.com/joshsukhdeo/gh-pt/cmd/state_mgmt.go:225.3,226.1 1 0
github.com/joshsukhdeo/gh-pt/cmd/state_mgmt.go:227.2,228.16 2 1
github.com/joshsukhdeo/gh-pt/cmd/state_mgmt.go:229.3,230.1 1 0
github.com/joshsukhdeo/gh-pt/cmd/state_mgmt.go:231.2,231.76 1 1
github.com/joshsukhdeo/gh-pt/cmd/state_mgmt.go:232.3,233.1 1 0
github.com/joshsukhdeo/gh-pt/cmd/state_mgmt.go:234.2,234.22 1 1
github.com/joshsukhdeo/gh-pt/cmd/state_mgmt.go:238.2,239.16 2 1
github.com/joshsukhdeo/gh-pt/cmd/state_mgmt.go:240.3,241.1 1 0
github.com/joshsukhdeo/gh-pt/cmd/state_mgmt.go:243.2,244.24 2 1
github.com/joshsukhdeo/gh-pt/cmd/state_mgmt.go:245.3,247.1 2 0
github.com/joshsukhdeo/gh-pt/cmd/state_mgmt.go:249.2,249.29 1 1
github.com/joshsukhdeo/gh-pt/cmd/state_mgmt.go:250.3,251.1 2 1
github.com/joshsukhdeo/gh-pt/cmd/state_mgmt.go:253.3,253.32 2 1
github.com/joshsukhdeo/gh-pt/cmd/state_mgmt.go:254.4,254.45 1 0
github.com/joshsukhdeo/gh-pt/cmd/state_mgmt.go:255.5,257.1 3 0
github.com/joshsukhdeo/gh-pt/cmd/state_mgmt.go:258.5,258.52 3 0
github.com/joshsukhdeo/gh-pt/cmd/state_mgmt.go:259.6,260.1 1 0
github.com/joshsukhdeo/gh-pt/cmd/state_mgmt.go:260.12,260.58 1 0
github.com/joshsukhdeo/gh-pt/cmd/state_mgmt.go:261.6,262.1 1 0
github.com/joshsukhdeo/gh-pt/cmd/state_mgmt.go:262.12,262.61 1 0
github.com/joshsukhdeo/gh-pt/cmd/state_mgmt.go:263.6,264.1 1 0
github.com/joshsukhdeo/gh-pt/cmd/state_mgmt.go:264.12,264.58 1 0
github.com/joshsukhdeo/gh-pt/cmd/state_mgmt.go:265.6,266.1 1 0
github.com/joshsukhdeo/gh-pt/cmd/state_mgmt.go:268.5,268.19 1 0
github.com/joshsukhdeo/gh-pt/cmd/state_mgmt.go:269.6,269.38 1 0
github.com/joshsukhdeo/gh-pt/cmd/state_mgmt.go:270.7,271.1 1 0
github.com/joshsukhdeo/gh-pt/cmd/state_mgmt.go:272.7,273.1 1 0
github.com/joshsukhdeo/gh-pt/cmd/state_mgmt.go:279.3,279.27 1 1
github.com/joshsukhdeo/gh-pt/cmd/state_mgmt.go:280.4,282.1 3 1
github.com/joshsukhdeo/gh-pt/cmd/state_mgmt.go:284.4,284.27 3 1
github.com/joshsukhdeo/gh-pt/cmd/state_mgmt.go:285.5,285.40 1 1
github.com/joshsukhdeo/gh-pt/cmd/state_mgmt.go:286.6,287.70 2 1
github.com/joshsukhdeo/gh-pt/cmd/state_mgmt.go:288.7,289.1 1 0
github.com/joshsukhdeo/gh-pt/cmd/state_mgmt.go:289.13,289.27 1 1
github.com/joshsukhdeo/gh-pt/cmd/state_mgmt.go:290.7,291.1 1 0
github.com/joshsukhdeo/gh-pt/cmd/state_mgmt.go:295.5,296.69 2 0
github.com/joshsukhdeo/gh-pt/cmd/state_mgmt.go:297.6,298.1 1 0
github.com/joshsukhdeo/gh-pt/cmd/state_mgmt.go:298.12,298.26 1 0
github.com/joshsukhdeo/gh-pt/cmd/state_mgmt.go:299.6,300.1 1 0
github.com/joshsukhdeo/gh-pt/cmd/state_mgmt.go:304.3,306.36 3 1
github.com/joshsukhdeo/gh-pt/cmd/state_mgmt.go:308.2,308.18 1 1
github.com/joshsukhdeo/gh-pt/cmd/state_mgmt.go:311.2,312.16 2 1
github.com/joshsukhdeo/gh-pt/cmd/state_mgmt.go:313.3,314.1 1 0
github.com/joshsukhdeo/gh-pt/cmd/state_mgmt.go:316.2,317.24 2 1
github.com/joshsukhdeo/gh-pt/cmd/state_mgmt.go:318.3,320.1 2 0
github.com/joshsukhdeo/gh-pt/cmd/state_mgmt.go:322.2,322.29 1 1
github.com/joshsukhdeo/gh-pt/cmd/state_mgmt.go:323.3,324.1 2 1
github.com/joshsukhdeo/gh-pt/cmd/state_mgmt.go:325.3,325.32 2 1
github.com/joshsukhdeo/gh-pt/cmd/state_mgmt.go:326.4,326.45 1 0
github.com/joshsukhdeo/gh-pt/cmd/state_mgmt.go:327.5,329.52 3 0
github.com/joshsukhdeo/gh-pt/cmd/state_mgmt.go:330.6,331.1 1 0
github.com/joshsukhdeo/gh-pt/cmd/state_mgmt.go:331.12,331.58 1 0
github.com/joshsukhdeo/gh-pt/cmd/state_mgmt.go:332.6,333.1 1 0
github.com/joshsukhdeo/gh-pt/cmd/state_mgmt.go:333.12,333.61 1 0
github.com/joshsukhdeo/gh-pt/cmd/state_mgmt.go:334.6,335.1 1 0
github.com/joshsukhdeo/gh-pt/cmd/state_mgmt.go:335.12,335.58 1 0
github.com/joshsukhdeo/gh-pt/cmd/state_mgmt.go:336.6,337.1 1 0
github.com/joshsukhdeo/gh-pt/cmd/state_mgmt.go:339.5,339.19 1 0
github.com/joshsukhdeo/gh-pt/cmd/state_mgmt.go:340.6,340.38 1 0
github.com/joshsukhdeo/gh-pt/cmd/state_mgmt.go:341.7,342.1 1 0
github.com/joshsukhdeo/gh-pt/cmd/state_mgmt.go:343.7,344.1 1 0
github.com/joshsukhdeo/gh-pt/cmd/state_mgmt.go:347.10,347.61 1 1
github.com/joshsukhdeo/gh-pt/cmd/state_mgmt.go:348.4,350.1 3 1
github.com/joshsukhdeo/gh-pt/cmd/state_mgmt.go:351.4,351.27 3 1
github.com/joshsukhdeo/gh-pt/cmd/state_mgmt.go:352.5,352.40 1 1
github.com/joshsukhdeo/gh-pt/cmd/state_mgmt.go:353.6,354.20 2 1
github.com/joshsukhdeo/gh-pt/cmd/state_mgmt.go:355.7,356.15 2 0
github.com/joshsukhdeo/gh-pt/cmd/state_mgmt.go:358.6,358.70 1 1
github.com/joshsukhdeo/gh-pt/cmd/state_mgmt.go:359.7,360.1 1 0
github.com/joshsukhdeo/gh-pt/cmd/state_mgmt.go:360.13,360.27 1 1
github.com/joshsukhdeo/gh-pt/cmd/state_mgmt.go:361.7,362.1 1 1
github.com/joshsukhdeo/gh-pt/cmd/state_mgmt.go:365.5,366.19 2 1
github.com/joshsukhdeo/gh-pt/cmd/state_mgmt.go:367.6,368.1 1 0
github.com/joshsukhdeo/gh-pt/cmd/state_mgmt.go:369.6,369.70 1 1
github.com/joshsukhdeo/gh-pt/cmd/state_mgmt.go:370.7,371.1 1 0
github.com/joshsukhdeo/gh-pt/cmd/state_mgmt.go:371.13,371.27 1 1
github.com/joshsukhdeo/gh-pt/cmd/state_mgmt.go:372.7,373.1 1 0
github.com/joshsukhdeo/gh-pt/cmd/state_mgmt.go:377.4,377.46 1 1
github.com/joshsukhdeo/gh-pt/cmd/state_mgmt.go:378.5,379.19 2 0
github.com/joshsukhdeo/gh-pt/cmd/state_mgmt.go:380.6,381.14 2 0
github.com/joshsukhdeo/gh-pt/cmd/state_mgmt.go:383.5,383.69 1 0
github.com/joshsukhdeo/gh-pt/cmd/state_mgmt.go:384.6,385.1 1 0
github.com/joshsukhdeo/gh-pt/cmd/state_mgmt.go:385.12,385.26 1 0
github.com/joshsukhdeo/gh-pt/cmd/state_mgmt.go:386.6,387.1 1 0
github.com/joshsukhdeo/gh-pt/cmd/state_mgmt.go:391.3,391.28 1 1
github.com/joshsukhdeo/gh-pt/cmd/state_mgmt.go:392.4,392.37 1 0
github.com/joshsukhdeo/gh-pt/cmd/state_mgmt.go:393.5,393.56 1 0
github.com/joshsukhdeo/gh-pt/cmd/state_mgmt.go:394.6,395.1 1 0
github.com/joshsukhdeo/gh-pt/cmd/state_mgmt.go:396.6,397.1 1 0
github.com/joshsukhdeo/gh-pt/cmd/state_mgmt.go:399.5,400.1 1 0
github.com/joshsukhdeo/gh-pt/cmd/state_mgmt.go:403.3,403.30 1 1
github.com/joshsukhdeo/gh-pt/cmd/state_mgmt.go:404.4,404.78 1 1
github.com/joshsukhdeo/gh-pt/cmd/state_mgmt.go:405.5,406.1 1 0
github.com/joshsukhdeo/gh-pt/cmd/state_mgmt.go:406.11,406.25 1 1
github.com/joshsukhdeo/gh-pt/cmd/state_mgmt.go:407.5,407.14 1 1
github.com/joshsukhdeo/gh-pt/cmd/state_mgmt.go:408.6,409.1 1 1
github.com/joshsukhdeo/gh-pt/cmd/state_mgmt.go:410.6,411.1 1 0
github.com/joshsukhdeo/gh-pt/cmd/state_mgmt.go:414.4,415.27 2 1
github.com/joshsukhdeo/gh-pt/cmd/state_mgmt.go:416.5,418.1 2 1
github.com/joshsukhdeo/gh-pt/cmd/state_mgmt.go:421.3,423.36 3 1
github.com/joshsukhdeo/gh-pt/cmd/state_mgmt.go:425.2,425.18 1 1
github.com/joshsukhdeo/gh-pt/cmd/state_mgmt.go:429.2,430.16 2 1
github.com/joshsukhdeo/gh-pt/cmd/state_mgmt.go:431.3,432.1 1 0
github.com/joshsukhdeo/gh-pt/cmd/state_mgmt.go:434.2,435.21 2 1
github.com/joshsukhdeo/gh-pt/cmd/state_mgmt.go:436.3,438.1 2 0
github.com/joshsukhdeo/gh-pt/cmd/state_mgmt.go:440.2,440.26 1 1
github.com/joshsukhdeo/gh-pt/cmd/state_mgmt.go:441.3,444.1 3 1
github.com/joshsukhdeo/gh-pt/cmd/state_mgmt.go:445.2,445.18 1 1
github.com/joshsukhdeo/gh-pt/cmd/state_mgmt.go:449.2,450.16 2 0
github.com/joshsukhdeo/gh-pt/cmd/state_mgmt.go:451.3,452.1 1 0
github.com/joshsukhdeo/gh-pt/cmd/state_mgmt.go:454.2,454.23 1 0
github.com/joshsukhdeo/gh-pt/cmd/state_mgmt.go:455.3,457.1 2 0
github.com/joshsukhdeo/gh-pt/cmd/state_mgmt.go:459.2,459.6 1 0
github.com/joshsukhdeo/gh-pt/cmd/state_mgmt.go:460.3,464.1 2 0
github.com/joshsukhdeo/gh-pt/cmd/state_mgmt.go:465.3,465.17 2 0
github.com/joshsukhdeo/gh-pt/cmd/state_mgmt.go:467.4,467.30 1 0
github.com/joshsukhdeo/gh-pt/cmd/state_mgmt.go:469.4,469.27 1 0
github.com/joshsukhdeo/gh-pt/cmd/state_mgmt.go:471.4,471.26 1 0
github.com/joshsukhdeo/gh-pt/cmd/state_mgmt.go:473.4,473.14 1 0
github.com/joshsukhdeo/gh-pt/cmd/state_mgmt.go:479.2,481.1 4 0
github.com/joshsukhdeo/gh-pt/cmd/state_mgmt.go:482.2,483.25 4 0
github.com/joshsukhdeo/gh-pt/cmd/state_mgmt.go:484.3,485.1 1 0
github.com/joshsukhdeo/gh-pt/cmd/state_mgmt.go:486.2,487.1 2 0
github.com/joshsukhdeo/gh-pt/cmd/state_mgmt.go:488.2,488.29 2 0
github.com/joshsukhdeo/gh-pt/cmd/state_mgmt.go:489.3,491.17 3 0
github.com/joshsukhdeo/gh-pt/cmd/state_mgmt.go:492.4,493.1 1 0
github.com/joshsukhdeo/gh-pt/cmd/state_mgmt.go:494.3,496.20 3 0
github.com/joshsukhdeo/gh-pt/cmd/state_mgmt.go:497.4,498.1 1 0
github.com/joshsukhdeo/gh-pt/cmd/state_mgmt.go:501.2,507.1 4 0
github.com/joshsukhdeo/gh-pt/cmd/state_mgmt.go:508.2,509.29 4 0
github.com/joshsukhdeo/gh-pt/cmd/state_mgmt.go:510.3,511.1 1 0
github.com/joshsukhdeo/gh-pt/cmd/state_mgmt.go:513.2,513.29 1 0
github.com/joshsukhdeo/gh-pt/cmd/state_mgmt.go:514.3,516.17 3 0
github.com/joshsukhdeo/gh-pt/cmd/state_mgmt.go:517.4,518.1 1 0
github.com/joshsukhdeo/gh-pt/cmd/state_mgmt.go:519.3,520.37 2 0
github.com/joshsukhdeo/gh-pt/cmd/state_mgmt.go:523.2,523.34 1 0
github.com/joshsukhdeo/gh-pt/cmd/state_mgmt.go:524.3,525.1 1 0
github.com/joshsukhdeo/gh-pt/cmd/state_mgmt.go:526.3,527.1 1 0
github.com/joshsukhdeo/gh-pt/cmd/state_mgmt.go:531.2,532.30 2 0
github.com/joshsukhdeo/gh-pt/cmd/state_mgmt.go:533.3,534.17 2 0
github.com/joshsukhdeo/gh-pt/cmd/state_mgmt.go:535.4,536.1 1 0
github.com/joshsukhdeo/gh-pt/cmd/state_mgmt.go:537.3,537.60 1 0
github.com/joshsukhdeo/gh-pt/cmd/state_mgmt.go:539.2,540.1 4 0
github.com/joshsukhdeo/gh-pt/cmd/state_mgmt.go:541.2,547.1 4 0
github.com/joshsukhdeo/gh-pt/cmd/state_mgmt.go:548.2,548.23 4 0
github.com/joshsukhdeo/gh-pt/cmd/state_mgmt.go:549.3,549.34 1 0
github.com/joshsukhdeo/gh-pt/cmd/state_mgmt.go:550.4,551.23 2 0
github.com/joshsukhdeo/gh-pt/cmd/state_mgmt.go:552.5,556.1 4 0
github.com/joshsukhdeo/gh-pt/cmd/state_mgmt.go:558.3,558.35 1 0
github.com/joshsukhdeo/gh-pt/cmd/state_mgmt.go:559.4,560.1 1 0
github.com/joshsukhdeo/gh-pt/cmd/state_mgmt.go:561.4,562.1 1 0
github.com/joshsukhdeo/gh-pt/cmd/state_mgmt.go:567.2,568.25 2 0
github.com/joshsukhdeo/gh-pt/cmd/state_mgmt.go:569.3,570.1 1 0
github.com/joshsukhdeo/gh-pt/cmd/state_mgmt.go:571.2,573.1 4 0
github.com/joshsukhdeo/gh-pt/cmd/state_mgmt.go:574.2,578.1 4 0
github.com/joshsukhdeo/gh-pt/cmd/state_mgmt.go:579.2,579.31 4 0
github.com/joshsukhdeo/gh-pt/cmd/state_mgmt.go:580.3,581.1 1 0
github.com/joshsukhdeo/gh-pt/cmd/state_mgmt.go:583.2,584.6 2 0
github.com/joshsukhdeo/gh-pt/cmd/state_mgmt.go:585.3,594.1 3 0
github.com/joshsukhdeo/gh-pt/cmd/state_mgmt.go:596.3,600.1 3 0
github.com/joshsukhdeo/gh-pt/cmd/state_mgmt.go:601.3,601.30 3 0
github.com/joshsukhdeo/gh-pt/cmd/state_mgmt.go:602.4,602.9 1 0
github.com/joshsukhdeo/gh-pt/cmd/state_mgmt.go:605.3,606.22 2 0
github.com/joshsukhdeo/gh-pt/cmd/state_mgmt.go:607.4,607.12 1 0
github.com/joshsukhdeo/gh-pt/cmd/state_mgmt.go:609.3,610.1 2 0
github.com/joshsukhdeo/gh-pt/cmd/state_mgmt.go:611.3,611.20 2 0
github.com/joshsukhdeo/gh-pt/cmd/state_mgmt.go:613.4,613.127 1 0
github.com/joshsukhdeo/gh-pt/cmd/state_mgmt.go:615.4,615.133 1 0
github.com/joshsukhdeo/gh-pt/cmd/state_mgmt.go:617.4,617.118 1 0
github.com/joshsukhdeo/gh-pt/cmd/state_mgmt.go:619.4,619.113 1 0
github.com/joshsukhdeo/gh-pt/cmd/state_mgmt.go:621.4,621.119 1 0
github.com/joshsukhdeo/gh-pt/cmd/state_mgmt.go:623.4,623.124 1 0
github.com/joshsukhdeo/gh-pt/cmd/state_mgmt.go:625.4,625.131 1 0
github.com/joshsukhdeo/gh-pt/cmd/state_mgmt.go:629.2,629.34 1 0
github.com/joshsukhdeo/gh-pt/cmd/state_mgmt.go:630.3,631.1 1 0
github.com/joshsukhdeo/gh-pt/cmd/state_mgmt.go:632.3,633.1 1 0
github.com/joshsukhdeo/gh-pt/cmd/update.go:16.2,17.16 2 0
github.com/joshsukhdeo/gh-pt/cmd/update.go:18.3,19.1 1 0
github.com/joshsukhdeo/gh-pt/cmd/update.go:21.2,21.30 1 0
github.com/joshsukhdeo/gh-pt/cmd/update.go:22.3,23.1 2 0
github.com/joshsukhdeo/gh-pt/cmd/update.go:24.3,24.62 2 0
github.com/joshsukhdeo/gh-pt/cmd/update.go:25.4,25.12 1 0
github.com/joshsukhdeo/gh-pt/cmd/update.go:28.3,28.44 1 0
github.com/joshsukhdeo/gh-pt/cmd/update.go:29.4,29.12 1 0
github.com/joshsukhdeo/gh-pt/cmd/update.go:32.3,32.42 1 0
github.com/joshsukhdeo/gh-pt/cmd/update.go:33.4,34.12 2 0
github.com/joshsukhdeo/gh-pt/cmd/update.go:37.3,37.55 1 0
github.com/joshsukhdeo/gh-pt/cmd/update.go:38.4,38.43 1 0
github.com/joshsukhdeo/gh-pt/cmd/update.go:39.5,39.13 1 0
github.com/joshsukhdeo/gh-pt/cmd/update.go:41.4,41.43 1 0
github.com/joshsukhdeo/gh-pt/cmd/update.go:42.5,42.13 1 0
github.com/joshsukhdeo/gh-pt/cmd/update.go:46.3,47.1 2 0
github.com/joshsukhdeo/gh-pt/cmd/update.go:48.3,48.30 2 0
github.com/joshsukhdeo/gh-pt/cmd/update.go:50.4,52.49 3 0
github.com/joshsukhdeo/gh-pt/cmd/update.go:53.5,54.58 2 0
github.com/joshsukhdeo/gh-pt/cmd/update.go:55.6,56.14 2 0
github.com/joshsukhdeo/gh-pt/cmd/update.go:58.5,58.27 1 0
github.com/joshsukhdeo/gh-pt/cmd/update.go:59.6,60.1 1 0
github.com/joshsukhdeo/gh-pt/cmd/update.go:62.5,63.1 1 0
github.com/joshsukhdeo/gh-pt/cmd/update.go:65.4,65.28 1 0
github.com/joshsukhdeo/gh-pt/cmd/update.go:66.5,67.13 2 0
github.com/joshsukhdeo/gh-pt/cmd/update.go:70.4,71.33 2 0
github.com/joshsukhdeo/gh-pt/cmd/update.go:72.5,73.1 1 0
github.com/joshsukhdeo/gh-pt/cmd/update.go:74.5,75.1 1 0
github.com/joshsukhdeo/gh-pt/cmd/update.go:76.4,79.1 4 0
github.com/joshsukhdeo/gh-pt/cmd/update.go:80.4,80.36 4 0
github.com/joshsukhdeo/gh-pt/cmd/update.go:81.5,82.1 1 0
github.com/joshsukhdeo/gh-pt/cmd/update.go:83.5,84.27 2 0
github.com/joshsukhdeo/gh-pt/cmd/update.go:85.6,86.1 1 0
github.com/joshsukhdeo/gh-pt/cmd/update.go:88.5,89.1 2 0
github.com/joshsukhdeo/gh-pt/cmd/update.go:90.5,90.19 2 0
github.com/joshsukhdeo/gh-pt/cmd/update.go:92.4,92.12 1 0
github.com/joshsukhdeo/gh-pt/cmd/update.go:95.3,95.28 1 0
github.com/joshsukhdeo/gh-pt/cmd/update.go:96.4,96.28 1 0
github.com/joshsukhdeo/gh-pt/cmd/update.go:97.5,98.13 2 0
github.com/joshsukhdeo/gh-pt/cmd/update.go:101.4,102.16 2 0
github.com/joshsukhdeo/gh-pt/cmd/update.go:103.5,104.1 1 0
github.com/joshsukhdeo/gh-pt/cmd/update.go:105.5,106.1 1 0
github.com/joshsukhdeo/gh-pt/cmd/update.go:109.4,112.18 4 0
github.com/joshsukhdeo/gh-pt/cmd/update.go:113.5,114.1 1 0
github.com/joshsukhdeo/gh-pt/cmd/update.go:115.5,116.1 2 0
github.com/joshsukhdeo/gh-pt/cmd/update.go:117.5,117.44 2 0
github.com/joshsukhdeo/gh-pt/cmd/update.go:118.6,121.24 4 0
github.com/joshsukhdeo/gh-pt/cmd/update.go:122.7,123.1 1 0
github.com/joshsukhdeo/gh-pt/cmd/update.go:124.7,125.1 1 0
github.com/joshsukhdeo/gh-pt/cmd/update.go:128.5,128.60 1 0
github.com/joshsukhdeo/gh-pt/cmd/update.go:130.4,130.12 1 0
github.com/joshsukhdeo/gh-pt/cmd/update.go:134.3,140.41 7 0
github.com/joshsukhdeo/gh-pt/cmd/update.go:141.4,143.1 2 0
github.com/joshsukhdeo/gh-pt/cmd/update.go:144.4,145.1 1 0
github.com/joshsukhdeo/gh-pt/cmd/update.go:146.3,147.24 2 0
github.com/joshsukhdeo/gh-pt/cmd/update.go:148.4,149.1 1 0
github.com/joshsukhdeo/gh-pt/cmd/update.go:150.3,154.1 6 0
github.com/joshsukhdeo/gh-pt/cmd/update.go:155.3,156.23 6 0
github.com/joshsukhdeo/gh-pt/cmd/update.go:157.4,158.1 1 0
github.com/joshsukhdeo/gh-pt/cmd/update.go:159.3,159.27 1 0
github.com/joshsukhdeo/gh-pt/cmd/update.go:160.4,162.1 2 0
github.com/joshsukhdeo/gh-pt/cmd/update.go:165.3,167.17 3 0
github.com/joshsukhdeo/gh-pt/cmd/update.go:168.4,169.12 2 0
github.com/joshsukhdeo/gh-pt/cmd/update.go:174.3,176.1 3 0
github.com/joshsukhdeo/gh-pt/cmd/update.go:177.3,177.43 3 0
github.com/joshsukhdeo/gh-pt/cmd/update.go:178.4,179.12 2 0
github.com/joshsukhdeo/gh-pt/cmd/update.go:182.3,183.1 5 0
github.com/joshsukhdeo/gh-pt/cmd/update.go:185.3,186.1 5 0
github.com/joshsukhdeo/gh-pt/cmd/update.go:190.3,192.17 5 0
github.com/joshsukhdeo/gh-pt/cmd/update.go:193.4,194.1 1 0
github.com/joshsukhdeo/gh-pt/cmd/update.go:195.4,197.1 2 0
github.com/joshsukhdeo/gh-pt/cmd/update.go:200.2,200.12 1 0
github.com/joshsukhdeo/gh-pt/release/name_cleaner.go:13.2,13.81 1 1
github.com/joshsukhdeo/gh-pt/release/name_cleaner.go:14.3,15.1 1 1
github.com/joshsukhdeo/gh-pt/release/name_cleaner.go:17.2,18.1 3 1
github.com/joshsukhdeo/gh-pt/release/name_cleaner.go:20.2,21.102 3 1
github.com/joshsukhdeo/gh-pt/release/name_cleaner.go:22.3,24.1 2 1
github.com/joshsukhdeo/gh-pt/release/name_cleaner.go:27.2,27.27 1 1
github.com/joshsukhdeo/gh-pt/release/name_cleaner.go:28.3,30.1 2 1
github.com/joshsukhdeo/gh-pt/release/name_cleaner.go:34.2,35.1 2 1
github.com/joshsukhdeo/gh-pt/release/name_cleaner.go:37.2,37.6 2 1
github.com/joshsukhdeo/gh-pt/release/name_cleaner.go:38.3,39.24 2 1
github.com/joshsukhdeo/gh-pt/release/name_cleaner.go:40.4,40.9 1 1
github.com/joshsukhdeo/gh-pt/release/name_cleaner.go:42.3,42.19 1 1
github.com/joshsukhdeo/gh-pt/release/name_cleaner.go:46.2,49.1 4 1
github.com/joshsukhdeo/gh-pt/release/name_cleaner.go:51.2,51.17 4 1
github.com/joshsukhdeo/gh-pt/release/name_cleaner.go:52.3,53.1 1 0
github.com/joshsukhdeo/gh-pt/release/name_cleaner.go:55.2,55.14 1 1
github.com/joshsukhdeo/gh-pt/release/release.go:52.2,54.1 2 0
github.com/joshsukhdeo/gh-pt/release/release.go:57.2,59.1 2 0
github.com/joshsukhdeo/gh-pt/release/release.go:63.2,67.1 1 1
github.com/joshsukhdeo/gh-pt/release/release.go:71.2,71.32 1 1
github.com/joshsukhdeo/gh-pt/release/release.go:72.3,73.1 1 1
github.com/joshsukhdeo/gh-pt/release/release.go:74.2,74.23 1 1
github.com/joshsukhdeo/gh-pt/release/release.go:75.3,76.1 1 0
github.com/joshsukhdeo/gh-pt/release/release.go:77.2,77.35 1 1
github.com/joshsukhdeo/gh-pt/release/release.go:81.2,81.32 1 1
github.com/joshsukhdeo/gh-pt/release/release.go:82.3,83.1 1 1
github.com/joshsukhdeo/gh-pt/release/release.go:84.2,84.23 1 1
github.com/joshsukhdeo/gh-pt/release/release.go:85.3,86.1 1 0
github.com/joshsukhdeo/gh-pt/release/release.go:87.2,87.47 1 1
github.com/joshsukhdeo/gh-pt/release/release.go:91.2,93.1 3 1
github.com/joshsukhdeo/gh-pt/release/release.go:94.2,94.89 3 1
github.com/joshsukhdeo/gh-pt/release/release.go:95.3,96.1 1 1
[...]
github.com/joshsukhdeo/gh-pt/release/release.go:519.4,520.1 1 0
github.com/joshsukhdeo/gh-pt/release/release.go:521.3,521.16 1 1
github.com/joshsukhdeo/gh-pt/release/release.go:521.18,521.84 1 1
github.com/joshsukhdeo/gh-pt/release/release.go:523.3,524.37 2 1
github.com/joshsukhdeo/gh-pt/release/release.go:525.4,526.1 1 0
github.com/joshsukhdeo/gh-pt/release/release.go:527.3,528.13 2 1
github.com/joshsukhdeo/gh-pt/release/release.go:529.9,529.67 1 1
github.com/joshsukhdeo/gh-pt/release/release.go:530.3,530.40 1 1
github.com/joshsukhdeo/gh-pt/release/release.go:531.4,532.1 1 0
github.com/joshsukhdeo/gh-pt/release/release.go:533.3,537.35 5 1
github.com/joshsukhdeo/gh-pt/release/release.go:538.4,539.1 1 0
github.com/joshsukhdeo/gh-pt/release/release.go:540.3,541.13 2 1
github.com/joshsukhdeo/gh-pt/release/release.go:543.2,543.71 1 1
github.com/joshsukhdeo/gh-pt/release/release.go:547.2,548.24 2 1
github.com/joshsukhdeo/gh-pt/release/release.go:549.3,551.1 2 1
github.com/joshsukhdeo/gh-pt/release/release.go:552.2,553.16 2 1
github.com/joshsukhdeo/gh-pt/release/release.go:554.3,555.1 1 0
github.com/joshsukhdeo/gh-pt/release/release.go:556.2,557.16 2 1
github.com/joshsukhdeo/gh-pt/release/release.go:558.3,559.1 1 0
github.com/joshsukhdeo/gh-pt/release/release.go:560.2,560.25 1 1
github.com/joshsukhdeo/gh-pt/release/release.go:564.2,565.24 2 1
github.com/joshsukhdeo/gh-pt/release/release.go:566.3,568.1 2 1
github.com/joshsukhdeo/gh-pt/release/release.go:569.2,570.16 2 1
github.com/joshsukhdeo/gh-pt/release/release.go:571.3,577.1 2 0
github.com/joshsukhdeo/gh-pt/release/release.go:578.2,579.16 2 1
github.com/joshsukhdeo/gh-pt/release/release.go:580.3,586.1 2 0
github.com/joshsukhdeo/gh-pt/release/release.go:587.2,588.1 3 1
github.com/joshsukhdeo/gh-pt/release/release.go:589.2,596.16 3 1
github.com/joshsukhdeo/gh-pt/release/release.go:597.3,605.1 2 0
github.com/joshsukhdeo/gh-pt/release/release.go:606.2,607.16 2 1
github.com/joshsukhdeo/gh-pt/release/release.go:608.3,615.1 2 1
github.com/joshsukhdeo/gh-pt/release/release.go:617.2,617.41 1 0
github.com/joshsukhdeo/gh-pt/release/release.go:618.3,621.1 3 0
github.com/joshsukhdeo/gh-pt/release/release.go:625.2,626.31 2 0
github.com/joshsukhdeo/gh-pt/release/release.go:627.3,627.38 1 0
github.com/joshsukhdeo/gh-pt/release/release.go:628.4,630.24 3 0
github.com/joshsukhdeo/gh-pt/release/release.go:631.5,631.58 1 0
github.com/joshsukhdeo/gh-pt/release/release.go:632.6,633.11 2 0
github.com/joshsukhdeo/gh-pt/release/release.go:635.11,635.27 1 0
github.com/joshsukhdeo/gh-pt/release/release.go:636.5,636.83 1 0
github.com/joshsukhdeo/gh-pt/release/release.go:637.6,638.11 2 0
github.com/joshsukhdeo/gh-pt/release/release.go:644.2,644.27 1 0
github.com/joshsukhdeo/gh-pt/release/release.go:645.3,647.34 3 0
github.com/joshsukhdeo/gh-pt/release/release.go:648.4,648.16 1 0
github.com/joshsukhdeo/gh-pt/release/release.go:649.5,651.1 2 0
github.com/joshsukhdeo/gh-pt/release/release.go:653.3,653.32 1 0
github.com/joshsukhdeo/gh-pt/release/release.go:657.2,658.31 2 0
github.com/joshsukhdeo/gh-pt/release/release.go:659.3,661.1 2 0
github.com/joshsukhdeo/gh-pt/release/release.go:662.2,663.1 3 0
github.com/joshsukhdeo/gh-pt/release/release.go:664.2,665.16 3 0
github.com/joshsukhdeo/gh-pt/release/release.go:666.3,670.1 2 0
github.com/joshsukhdeo/gh-pt/release/release.go:671.2,671.15 1 0
github.com/joshsukhdeo/gh-pt/release/release.go:672.3,673.1 1 0
github.com/joshsukhdeo/gh-pt/release/release.go:676.2,677.32 2 0
github.com/joshsukhdeo/gh-pt/release/release.go:679.3,680.142 2 0
github.com/joshsukhdeo/gh-pt/release/release.go:681.4,682.40 2 0
github.com/joshsukhdeo/gh-pt/release/release.go:683.5,684.1 1 0
github.com/joshsukhdeo/gh-pt/release/release.go:686.4,687.30 2 0
github.com/joshsukhdeo/gh-pt/release/release.go:688.5,691.1 3 0
github.com/joshsukhdeo/gh-pt/release/release.go:692.5,694.23 3 0
github.com/joshsukhdeo/gh-pt/release/release.go:695.6,698.1 1 0
github.com/joshsukhdeo/gh-pt/release/release.go:699.6,700.1 1 0
github.com/joshsukhdeo/gh-pt/release/release.go:705.2,705.31 1 0
github.com/joshsukhdeo/gh-pt/release/release.go:706.3,707.30 2 0
github.com/joshsukhdeo/gh-pt/release/release.go:708.4,709.1 1 0
github.com/joshsukhdeo/gh-pt/release/release.go:711.3,713.21 2 0
github.com/joshsukhdeo/gh-pt/release/release.go:714.4,723.31 3 0
github.com/joshsukhdeo/gh-pt/release/release.go:724.5,725.1 1 0
github.com/joshsukhdeo/gh-pt/release/release.go:726.4,726.18 1 0
github.com/joshsukhdeo/gh-pt/release/release.go:729.3,729.30 1 0
github.com/joshsukhdeo/gh-pt/release/release.go:730.4,731.1 1 0
github.com/joshsukhdeo/gh-pt/release/release.go:733.3,741.1 3 0
github.com/joshsukhdeo/gh-pt/release/release.go:743.3,744.59 3 0
github.com/joshsukhdeo/gh-pt/release/release.go:745.4,745.82 1 0
github.com/joshsukhdeo/gh-pt/release/release.go:746.5,751.1 2 0
github.com/joshsukhdeo/gh-pt/release/release.go:754.3,754.33 1 0
github.com/joshsukhdeo/gh-pt/release/release.go:755.4,756.22 2 0
github.com/joshsukhdeo/gh-pt/release/release.go:757.5,758.1 1 0
github.com/joshsukhdeo/gh-pt/release/release.go:759.4,759.185 1 0
github.com/joshsukhdeo/gh-pt/release/release.go:760.5,761.1 1 0
github.com/joshsukhdeo/gh-pt/release/release.go:764.3,771.21 2 0
github.com/joshsukhdeo/gh-pt/release/release.go:772.4,783.1 2 0
github.com/joshsukhdeo/gh-pt/release/release.go:784.3,785.21 2 0
github.com/joshsukhdeo/gh-pt/release/release.go:786.4,797.1 2 0
github.com/joshsukhdeo/gh-pt/release/release.go:799.3,800.35 2 0
github.com/joshsukhdeo/gh-pt/release/release.go:801.4,809.1 3 0
github.com/joshsukhdeo/gh-pt/release/release.go:810.4,811.1 3 0
github.com/joshsukhdeo/gh-pt/release/release.go:812.4,812.75 3 0
github.com/joshsukhdeo/gh-pt/release/release.go:813.5,816.1 4 0
github.com/joshsukhdeo/gh-pt/release/release.go:817.5,819.23 4 0
github.com/joshsukhdeo/gh-pt/release/release.go:820.6,821.1 1 0
github.com/joshsukhdeo/gh-pt/release/release.go:822.5,823.25 2 0
github.com/joshsukhdeo/gh-pt/release/release.go:824.6,826.1 2 0
github.com/joshsukhdeo/gh-pt/release/release.go:827.5,830.23 4 0
github.com/joshsukhdeo/gh-pt/release/release.go:831.6,832.1 1 0
github.com/joshsukhdeo/gh-pt/release/release.go:835.4,835.29 1 0
github.com/joshsukhdeo/gh-pt/release/release.go:837.5,839.47 3 0
github.com/joshsukhdeo/gh-pt/release/release.go:841.5,843.47 3 0
github.com/joshsukhdeo/gh-pt/release/release.go:845.5,847.50 3 0
github.com/joshsukhdeo/gh-pt/release/release.go:849.5,851.47 3 0
github.com/joshsukhdeo/gh-pt/release/release.go:853.5,855.47 3 0
github.com/joshsukhdeo/gh-pt/release/release.go:857.5,859.51 3 0
github.com/joshsukhdeo/gh-pt/release/release.go:861.5,863.26 3 0
github.com/joshsukhdeo/gh-pt/release/release.go:864.6,865.1 1 0
github.com/joshsukhdeo/gh-pt/release/release.go:866.6,867.1 1 0
github.com/joshsukhdeo/gh-pt/release/release.go:870.4,870.22 1 0
github.com/joshsukhdeo/gh-pt/release/release.go:871.5,881.1 2 0
github.com/joshsukhdeo/gh-pt/release/release.go:884.3,884.23 1 0
github.com/joshsukhdeo/gh-pt/release/release.go:885.4,885.9 1 0
github.com/joshsukhdeo/gh-pt/release/release.go:889.2,889.28 1 0
github.com/joshsukhdeo/gh-pt/release/release.go:890.3,890.40 1 0
github.com/joshsukhdeo/gh-pt/release/release.go:891.4,892.1 1 0
github.com/joshsukhdeo/gh-pt/release/release.go:893.3,893.35 1 0
github.com/joshsukhdeo/gh-pt/release/release.go:894.4,894.56 1 0
github.com/joshsukhdeo/gh-pt/release/release.go:895.5,896.1 1 0
github.com/joshsukhdeo/gh-pt/release/release.go:898.3,899.35 2 0
github.com/joshsukhdeo/gh-pt/release/release.go:900.4,901.1 1 0
github.com/joshsukhdeo/gh-pt/release/release.go:902.3,903.25 2 0
github.com/joshsukhdeo/gh-pt/release/release.go:904.4,905.1 1 0
github.com/joshsukhdeo/gh-pt/release/release.go:905.10,905.33 1 0
github.com/joshsukhdeo/gh-pt/release/release.go:906.4,907.1 1 0
github.com/joshsukhdeo/gh-pt/release/release.go:908.4,909.1 1 0
github.com/joshsukhdeo/gh-pt/release/release.go:911.3,911.61 1 0
github.com/joshsukhdeo/gh-pt/release/release.go:912.4,912.85 1 0
github.com/joshsukhdeo/gh-pt/release/release.go:913.5,914.1 1 0
github.com/joshsukhdeo/gh-pt/release/release.go:917.3,923.35 7 0
github.com/joshsukhdeo/gh-pt/release/release.go:924.4,925.1 1 0
github.com/joshsukhdeo/gh-pt/release/release.go:928.2,928.28 1 0
github.com/joshsukhdeo/gh-pt/release/release.go:929.3,929.40 1 0
github.com/joshsukhdeo/gh-pt/release/release.go:930.4,931.1 1 0
github.com/joshsukhdeo/gh-pt/release/release.go:932.3,932.35 1 0
github.com/joshsukhdeo/gh-pt/release/release.go:933.4,933.56 1 0
github.com/joshsukhdeo/gh-pt/release/release.go:934.5,935.1 1 0
github.com/joshsukhdeo/gh-pt/release/release.go:937.3,938.35 2 0
github.com/joshsukhdeo/gh-pt/release/release.go:939.4,940.1 1 0
github.com/joshsukhdeo/gh-pt/release/release.go:941.3,942.25 2 0
github.com/joshsukhdeo/gh-pt/release/release.go:943.4,944.1 1 0
github.com/joshsukhdeo/gh-pt/release/release.go:944.10,944.33 1 0
github.com/joshsukhdeo/gh-pt/release/release.go:945.4,946.1 1 0
github.com/joshsukhdeo/gh-pt/release/release.go:947.4,948.1 1 0
github.com/joshsukhdeo/gh-pt/release/release.go:950.3,950.61 1 0
github.com/joshsukhdeo/gh-pt/release/release.go:951.4,951.85 1 0
github.com/joshsukhdeo/gh-pt/release/release.go:952.5,953.1 1 0
github.com/joshsukhdeo/gh-pt/release/release.go:956.3,962.35 7 0
github.com/joshsukhdeo/gh-pt/release/release.go:963.4,964.1 1 0
github.com/joshsukhdeo/gh-pt/release/release.go:967.2,967.53 1 0
github.com/joshsukhdeo/gh-pt/release/release.go:968.3,969.17 2 0
github.com/joshsukhdeo/gh-pt/release/release.go:970.4,987.1 1 0
github.com/joshsukhdeo/gh-pt/release/release.go:988.4,989.1 1 0
github.com/joshsukhdeo/gh-pt/release/release.go:993.2,994.60 2 0
github.com/joshsukhdeo/gh-pt/release/release.go:995.3,996.1 1 0
github.com/joshsukhdeo/gh-pt/release/release.go:997.2,998.1 2 0
github.com/joshsukhdeo/gh-pt/release/release.go:999.2,999.75 2 0
github.com/joshsukhdeo/gh-pt/release/release.go:1000.3,1001.25 2 0
github.com/joshsukhdeo/gh-pt/release/release.go:1002.4,1003.1 1 0
github.com/joshsukhdeo/gh-pt/release/release.go:1004.3,1004.54 1 0
github.com/joshsukhdeo/gh-pt/release/release.go:1007.2,1007.12 1 0
github.com/joshsukhdeo/gh-pt/release/release.go:1011.2,1012.24 2 1
github.com/joshsukhdeo/gh-pt/release/release.go:1013.3,1015.1 2 0
github.com/joshsukhdeo/gh-pt/release/release.go:1016.2,1016.39 1 1
github.com/joshsukhdeo/gh-pt/release/release.go:1017.3,1018.1 1 0
github.com/joshsukhdeo/gh-pt/release/release.go:1019.2,1020.24 2 1
github.com/joshsukhdeo/gh-pt/release/release.go:1021.3,1022.1 1 1
github.com/joshsukhdeo/gh-pt/release/release.go:1022.9,1022.32 1 0
github.com/joshsukhdeo/gh-pt/release/release.go:1023.3,1024.1 1 0
github.com/joshsukhdeo/gh-pt/release/release.go:1025.3,1026.1 1 0
github.com/joshsukhdeo/gh-pt/release/release.go:1028.2,1028.29 1 1
github.com/joshsukhdeo/gh-pt/release/release.go:1029.3,1029.84 1 1
github.com/joshsukhdeo/gh-pt/release/release.go:1030.4,1031.1 1 0
github.com/joshsukhdeo/gh-pt/release/release.go:1034.2,1040.16 7 1
github.com/joshsukhdeo/gh-pt/release/release.go:1041.3,1045.30 2 0
github.com/joshsukhdeo/gh-pt/release/release.go:1046.4,1047.1 1 0
github.com/joshsukhdeo/gh-pt/release/release.go:1048.3,1048.13 1 0
github.com/joshsukhdeo/gh-pt/release/release.go:1050.2,1053.29 2 1
github.com/joshsukhdeo/gh-pt/release/release.go:1054.3,1055.1 1 1
github.com/joshsukhdeo/gh-pt/release/release.go:1056.2,1056.12 1 1
github.com/joshsukhdeo/gh-pt/release/release.go:1060.2,1060.24 1 1
github.com/joshsukhdeo/gh-pt/release/release.go:1061.3,1063.1 2 0
github.com/joshsukhdeo/gh-pt/release/release.go:1064.2,1064.39 1 1
github.com/joshsukhdeo/gh-pt/release/release.go:1065.3,1066.1 1 0
github.com/joshsukhdeo/gh-pt/release/release.go:1067.2,1067.66 1 1
github.com/joshsukhdeo/gh-pt/release/release.go:1068.3,1069.1 1 0
github.com/joshsukhdeo/gh-pt/release/release.go:1070.2,1073.1 4 1
github.com/joshsukhdeo/gh-pt/release/release.go:1074.2,1076.25 4 1
github.com/joshsukhdeo/gh-pt/release/release.go:1077.3,1078.1 1 0
github.com/joshsukhdeo/gh-pt/release/release.go:1078.9,1078.31 1 1
github.com/joshsukhdeo/gh-pt/release/release.go:1079.3,1080.1 1 1
github.com/joshsukhdeo/gh-pt/release/release.go:1081.3,1082.1 1 0
github.com/joshsukhdeo/gh-pt/release/release.go:1083.2,1084.1 5 1
github.com/joshsukhdeo/gh-pt/release/release.go:1085.2,1088.1 5 1
github.com/joshsukhdeo/gh-pt/release/release.go:1089.2,1089.18 5 1
github.com/joshsukhdeo/gh-pt/release/release.go:1093.2,1093.27 1 1
github.com/joshsukhdeo/gh-pt/release/release.go:1094.3,1095.1 1 1
github.com/joshsukhdeo/gh-pt/release/release.go:1097.2,1098.1 4 1
github.com/joshsukhdeo/gh-pt/release/release.go:1100.2,1102.1 4 1
github.com/joshsukhdeo/gh-pt/release/release.go:1103.2,1103.23 4 1
github.com/joshsukhdeo/gh-pt/release/release.go:1104.3,1105.1 1 0
github.com/joshsukhdeo/gh-pt/release/release.go:1109.2,1109.32 1 1
github.com/joshsukhdeo/gh-pt/release/release.go:1110.3,1111.1 2 1
github.com/joshsukhdeo/gh-pt/release/release.go:1112.3,1112.63 2 1
github.com/joshsukhdeo/gh-pt/release/release.go:1113.4,1114.42 2 0
github.com/joshsukhdeo/gh-pt/release/release.go:1116.5,1118.25 3 0
github.com/joshsukhdeo/gh-pt/release/release.go:1119.6,1120.1 1 0
github.com/joshsukhdeo/gh-pt/release/release.go:1125.2,1127.32 3 1
github.com/joshsukhdeo/gh-pt/release/release.go:1128.3,1130.1 2 1
github.com/joshsukhdeo/gh-pt/release/release.go:1131.2,1132.1 2 1
github.com/joshsukhdeo/gh-pt/release/release.go:1133.2,1133.55 2 1
github.com/joshsukhdeo/gh-pt/release/virustotal.go:26.2,26.6 1 1
github.com/joshsukhdeo/gh-pt/release/virustotal.go:27.3,28.17 2 1
github.com/joshsukhdeo/gh-pt/release/virustotal.go:29.4,30.1 1 0
github.com/joshsukhdeo/gh-pt/release/virustotal.go:31.3,31.52 1 1
github.com/joshsukhdeo/gh-pt/release/virustotal.go:32.4,35.12 4 1
github.com/joshsukhdeo/gh-pt/release/virustotal.go:37.3,37.19 1 1
github.com/joshsukhdeo/gh-pt/release/virustotal.go:41.118,41.118 1 1
github.com/joshsukhdeo/gh-pt/release/virustotal.go:43.2,43.18 1 1
github.com/joshsukhdeo/gh-pt/release/virustotal.go:44.3,45.1 1 0
github.com/joshsukhdeo/gh-pt/release/virustotal.go:47.2,49.16 3 1
github.com/joshsukhdeo/gh-pt/release/virustotal.go:50.3,51.1 1 0
github.com/joshsukhdeo/gh-pt/release/virustotal.go:53.2,54.1 4 1
github.com/joshsukhdeo/gh-pt/release/virustotal.go:55.2,57.16 4 1
github.com/joshsukhdeo/gh-pt/release/virustotal.go:58.3,59.1 1 0
github.com/joshsukhdeo/gh-pt/release/virustotal.go:60.2,60.15 1 1
github.com/joshsukhdeo/gh-pt/release/virustotal.go:60.17,60.40 1 1
github.com/joshsukhdeo/gh-pt/release/virustotal.go:62.2,62.48 1 1
github.com/joshsukhdeo/gh-pt/release/virustotal.go:63.3,63.19 1 1
github.com/joshsukhdeo/gh-pt/release/virustotal.go:64.4,65.1 1 0
github.com/joshsukhdeo/gh-pt/release/virustotal.go:66.3,67.36 2 1
github.com/joshsukhdeo/gh-pt/release/virustotal.go:68.4,69.1 1 1
github.com/joshsukhdeo/gh-pt/release/virustotal.go:71.3,74.57 4 1
github.com/joshsukhdeo/gh-pt/release/virustotal.go:75.4,78.20 4 0
github.com/joshsukhdeo/gh-pt/release/virustotal.go:79.5,80.1 3 0
github.com/joshsukhdeo/gh-pt/release/virustotal.go:81.5,82.19 3 0
github.com/joshsukhdeo/gh-pt/release/virustotal.go:83.6,84.1 1 0
github.com/joshsukhdeo/gh-pt/release/virustotal.go:85.5,87.17 3 0
github.com/joshsukhdeo/gh-pt/release/virustotal.go:90.4,92.58 3 1
github.com/joshsukhdeo/gh-pt/release/virustotal.go:93.5,94.1 1 1
github.com/joshsukhdeo/gh-pt/release/virustotal.go:95.4,95.71 1 0
github.com/joshsukhdeo/gh-pt/release/virustotal.go:99.2,99.44 1 1
github.com/joshsukhdeo/gh-pt/release/virustotal.go:100.3,100.18 1 1
github.com/joshsukhdeo/gh-pt/release/virustotal.go:101.4,103.1 2 1
github.com/joshsukhdeo/gh-pt/release/virustotal.go:104.3,104.18 1 1
github.com/joshsukhdeo/gh-pt/release/virustotal.go:106.4,109.58 4 0
github.com/joshsukhdeo/gh-pt/release/virustotal.go:110.5,112.1 2 0
github.com/joshsukhdeo/gh-pt/release/virustotal.go:114.3,115.46 2 1
github.com/joshsukhdeo/gh-pt/release/virustotal.go:118.2,118.38 1 1
github.com/joshsukhdeo/gh-pt/release/virustotal.go:119.3,120.1 1 1
github.com/joshsukhdeo/gh-pt/release/virustotal.go:122.2,130.1 2 1
github.com/joshsukhdeo/gh-pt/release/virustotal.go:132.2,132.67 2 1
github.com/joshsukhdeo/gh-pt/release/virustotal.go:133.3,134.1 1 1
github.com/joshsukhdeo/gh-pt/release/virustotal.go:136.2,137.24 2 1
github.com/joshsukhdeo/gh-pt/release/virustotal.go:138.3,139.1 1 1
github.com/joshsukhdeo/gh-pt/release/virustotal.go:141.2,142.12 2 1
github.com/joshsukhdeo/gh-pt/release/virustotal.go:146.2,147.16 2 1
github.com/joshsukhdeo/gh-pt/release/virustotal.go:148.3,149.1 1 1
github.com/joshsukhdeo/gh-pt/release/virustotal.go:150.2,150.15 1 1
github.com/joshsukhdeo/gh-pt/release/virustotal.go:150.17,150.35 1 1
github.com/joshsukhdeo/gh-pt/release/virustotal.go:152.2,153.49 2 1
github.com/joshsukhdeo/gh-pt/release/virustotal.go:154.3,155.1 1 0
github.com/joshsukhdeo/gh-pt/release/virustotal.go:157.2,157.49 1 1
github.com/joshsukhdeo/gh-pt/release/virustotal.go:161.2,162.16 2 1
github.com/joshsukhdeo/gh-pt/release/virustotal.go:163.3,164.1 1 0
github.com/joshsukhdeo/gh-pt/release/virustotal.go:165.2,165.15 1 1
github.com/joshsukhdeo/gh-pt/release/virustotal.go:165.17,165.35 1 1
github.com/joshsukhdeo/gh-pt/release/virustotal.go:167.2,168.16 2 1
github.com/joshsukhdeo/gh-pt/release/virustotal.go:169.3,170.1 1 0
github.com/joshsukhdeo/gh-pt/release/virustotal.go:172.2,173.1 2 1
github.com/joshsukhdeo/gh-pt/release/virustotal.go:174.2,174.32 2 1
github.com/joshsukhdeo/gh-pt/release/virustotal.go:175.3,179.17 5 1
github.com/joshsukhdeo/gh-pt/release/virustotal.go:180.4,181.1 1 0
github.com/joshsukhdeo/gh-pt/release/virustotal.go:182.3,182.16 1 1
github.com/joshsukhdeo/gh-pt/release/virustotal.go:182.18,182.41 1 1
github.com/joshsukhdeo/gh-pt/release/virustotal.go:184.3,186.1 3 1
github.com/joshsukhdeo/gh-pt/release/virustotal.go:187.3,188.24 3 1
github.com/joshsukhdeo/gh-pt/release/virustotal.go:189.4,190.1 1 0
github.com/joshsukhdeo/gh-pt/release/virustotal.go:191.3,191.26 1 1
github.com/joshsukhdeo/gh-pt/release/virustotal.go:194.2,196.1 3 1
github.com/joshsukhdeo/gh-pt/release/virustotal.go:197.2,197.12 3 1
github.com/joshsukhdeo/gh-pt/release/virustotal.go:198.3,198.16 1 1
github.com/joshsukhdeo/gh-pt/release/virustotal.go:198.18,198.34 1 1
github.com/joshsukhdeo/gh-pt/release/virustotal.go:199.3,200.17 2 1
github.com/joshsukhdeo/gh-pt/release/virustotal.go:201.4,202.1 1 1
github.com/joshsukhdeo/gh-pt/release/virustotal.go:203.3,203.21 1 1
github.com/joshsukhdeo/gh-pt/release/virustotal.go:206.2,209.1 6 1
github.com/joshsukhdeo/gh-pt/release/virustotal.go:210.2,212.16 6 1
github.com/joshsukhdeo/gh-pt/release/virustotal.go:213.3,214.1 1 0
github.com/joshsukhdeo/gh-pt/release/virustotal.go:215.2,215.15 1 1
github.com/joshsukhdeo/gh-pt/release/virustotal.go:215.17,215.40 1 1
github.com/joshsukhdeo/gh-pt/release/virustotal.go:217.2,217.38 1 1
github.com/joshsukhdeo/gh-pt/release/virustotal.go:218.3,219.1 1 1
github.com/joshsukhdeo/gh-pt/release/virustotal.go:221.2,225.1 4 1
github.com/joshsukhdeo/gh-pt/release/virustotal.go:226.2,227.1 4 1
github.com/joshsukhdeo/gh-pt/release/virustotal.go:228.2,229.55 4 1
github.com/joshsukhdeo/gh-pt/release/virustotal.go:233.2,234.6 2 1
github.com/joshsukhdeo/gh-pt/release/virustotal.go:235.3,236.1 5 1
github.com/joshsukhdeo/gh-pt/release/virustotal.go:237.3,239.1 5 1
github.com/joshsukhdeo/gh-pt/release/virustotal.go:240.3,241.17 5 1
github.com/joshsukhdeo/gh-pt/release/virustotal.go:242.4,243.1 1 0
github.com/joshsukhdeo/gh-pt/release/virustotal.go:245.3,254.1 4 1
github.com/joshsukhdeo/gh-pt/release/virustotal.go:255.3,257.1 4 1
github.com/joshsukhdeo/gh-pt/release/virustotal.go:258.3,258.51 4 1
github.com/joshsukhdeo/gh-pt/release/virustotal.go:259.4,260.21 2 1
github.com/joshsukhdeo/gh-pt/release/virustotal.go:261.5,262.1 1 1
github.com/joshsukhdeo/gh-pt/release/virustotal.go:263.4,264.14 2 1
github.com/joshsukhdeo/gh-pt/release/virustotal.go:266.3,266.58 1 1
